[2025-10-23T17:09:29.618+0000] {processor.py:161} INFO - Started process (PID=187) to work on /opt/airflow/dags/crypto_pipeline.py
[2025-10-23T17:09:29.619+0000] {processor.py:830} INFO - Processing file /opt/airflow/dags/crypto_pipeline.py for tasks to queue
[2025-10-23T17:09:29.621+0000] {logging_mixin.py:188} INFO - [2025-10-23T17:09:29.621+0000] {dagbag.py:545} INFO - Filling up the DagBag from /opt/airflow/dags/crypto_pipeline.py
[2025-10-23T17:09:29.633+0000] {processor.py:840} INFO - DAG(s) 'crypto_pipeline' retrieved from /opt/airflow/dags/crypto_pipeline.py
[2025-10-23T17:09:29.643+0000] {logging_mixin.py:188} INFO - [2025-10-23T17:09:29.643+0000] {dag.py:3089} INFO - Sync 1 DAGs
[2025-10-23T17:09:29.659+0000] {logging_mixin.py:188} INFO - [2025-10-23T17:09:29.659+0000] {dag.py:3947} INFO - Setting next_dagrun for crypto_pipeline to 2025-10-23 16:00:00+00:00, run_after=2025-10-23 17:00:00+00:00
[2025-10-23T17:09:29.685+0000] {processor.py:183} INFO - Processing /opt/airflow/dags/crypto_pipeline.py took 0.069 seconds
[2025-10-23T17:10:00.533+0000] {processor.py:161} INFO - Started process (PID=207) to work on /opt/airflow/dags/crypto_pipeline.py
[2025-10-23T17:10:00.533+0000] {processor.py:830} INFO - Processing file /opt/airflow/dags/crypto_pipeline.py for tasks to queue
[2025-10-23T17:10:00.534+0000] {logging_mixin.py:188} INFO - [2025-10-23T17:10:00.534+0000] {dagbag.py:545} INFO - Filling up the DagBag from /opt/airflow/dags/crypto_pipeline.py
[2025-10-23T17:10:00.539+0000] {processor.py:840} INFO - DAG(s) 'crypto_pipeline' retrieved from /opt/airflow/dags/crypto_pipeline.py
[2025-10-23T17:10:00.576+0000] {logging_mixin.py:188} INFO - [2025-10-23T17:10:00.576+0000] {dag.py:3089} INFO - Sync 1 DAGs
[2025-10-23T17:10:00.582+0000] {logging_mixin.py:188} INFO - [2025-10-23T17:10:00.582+0000] {dag.py:3947} INFO - Setting next_dagrun for crypto_pipeline to 2025-10-23 16:00:00+00:00, run_after=2025-10-23 17:00:00+00:00
[2025-10-23T17:10:00.588+0000] {processor.py:183} INFO - Processing /opt/airflow/dags/crypto_pipeline.py took 0.057 seconds
[2025-10-23T17:10:31.642+0000] {processor.py:161} INFO - Started process (PID=224) to work on /opt/airflow/dags/crypto_pipeline.py
[2025-10-23T17:10:31.642+0000] {processor.py:830} INFO - Processing file /opt/airflow/dags/crypto_pipeline.py for tasks to queue
[2025-10-23T17:10:31.643+0000] {logging_mixin.py:188} INFO - [2025-10-23T17:10:31.643+0000] {dagbag.py:545} INFO - Filling up the DagBag from /opt/airflow/dags/crypto_pipeline.py
[2025-10-23T17:10:31.647+0000] {processor.py:840} INFO - DAG(s) 'crypto_pipeline' retrieved from /opt/airflow/dags/crypto_pipeline.py
[2025-10-23T17:10:31.657+0000] {logging_mixin.py:188} INFO - [2025-10-23T17:10:31.657+0000] {dag.py:3089} INFO - Sync 1 DAGs
[2025-10-23T17:10:31.664+0000] {logging_mixin.py:188} INFO - [2025-10-23T17:10:31.664+0000] {dag.py:3947} INFO - Setting next_dagrun for crypto_pipeline to 2025-10-23 16:00:00+00:00, run_after=2025-10-23 17:00:00+00:00
[2025-10-23T17:10:31.670+0000] {processor.py:183} INFO - Processing /opt/airflow/dags/crypto_pipeline.py took 0.030 seconds
[2025-10-23T17:11:02.953+0000] {processor.py:161} INFO - Started process (PID=241) to work on /opt/airflow/dags/crypto_pipeline.py
[2025-10-23T17:11:02.954+0000] {processor.py:830} INFO - Processing file /opt/airflow/dags/crypto_pipeline.py for tasks to queue
[2025-10-23T17:11:02.954+0000] {logging_mixin.py:188} INFO - [2025-10-23T17:11:02.954+0000] {dagbag.py:545} INFO - Filling up the DagBag from /opt/airflow/dags/crypto_pipeline.py
[2025-10-23T17:11:02.958+0000] {processor.py:840} INFO - DAG(s) 'crypto_pipeline' retrieved from /opt/airflow/dags/crypto_pipeline.py
[2025-10-23T17:11:02.968+0000] {logging_mixin.py:188} INFO - [2025-10-23T17:11:02.968+0000] {dag.py:3089} INFO - Sync 1 DAGs
[2025-10-23T17:11:02.975+0000] {logging_mixin.py:188} INFO - [2025-10-23T17:11:02.975+0000] {dag.py:3947} INFO - Setting next_dagrun for crypto_pipeline to 2025-10-23 16:00:00+00:00, run_after=2025-10-23 17:00:00+00:00
[2025-10-23T17:11:02.980+0000] {processor.py:183} INFO - Processing /opt/airflow/dags/crypto_pipeline.py took 0.029 seconds
[2025-10-23T17:11:34.179+0000] {processor.py:161} INFO - Started process (PID=258) to work on /opt/airflow/dags/crypto_pipeline.py
[2025-10-23T17:11:34.179+0000] {processor.py:830} INFO - Processing file /opt/airflow/dags/crypto_pipeline.py for tasks to queue
[2025-10-23T17:11:34.180+0000] {logging_mixin.py:188} INFO - [2025-10-23T17:11:34.180+0000] {dagbag.py:545} INFO - Filling up the DagBag from /opt/airflow/dags/crypto_pipeline.py
[2025-10-23T17:11:34.184+0000] {processor.py:840} INFO - DAG(s) 'crypto_pipeline' retrieved from /opt/airflow/dags/crypto_pipeline.py
[2025-10-23T17:11:34.194+0000] {logging_mixin.py:188} INFO - [2025-10-23T17:11:34.194+0000] {dag.py:3089} INFO - Sync 1 DAGs
[2025-10-23T17:11:34.201+0000] {logging_mixin.py:188} INFO - [2025-10-23T17:11:34.201+0000] {dag.py:3947} INFO - Setting next_dagrun for crypto_pipeline to 2025-10-23 16:00:00+00:00, run_after=2025-10-23 17:00:00+00:00
[2025-10-23T17:11:34.207+0000] {processor.py:183} INFO - Processing /opt/airflow/dags/crypto_pipeline.py took 0.030 seconds
[2025-10-23T17:12:05.513+0000] {processor.py:161} INFO - Started process (PID=275) to work on /opt/airflow/dags/crypto_pipeline.py
[2025-10-23T17:12:05.514+0000] {processor.py:830} INFO - Processing file /opt/airflow/dags/crypto_pipeline.py for tasks to queue
[2025-10-23T17:12:05.514+0000] {logging_mixin.py:188} INFO - [2025-10-23T17:12:05.514+0000] {dagbag.py:545} INFO - Filling up the DagBag from /opt/airflow/dags/crypto_pipeline.py
[2025-10-23T17:12:05.518+0000] {processor.py:840} INFO - DAG(s) 'crypto_pipeline' retrieved from /opt/airflow/dags/crypto_pipeline.py
[2025-10-23T17:12:05.529+0000] {logging_mixin.py:188} INFO - [2025-10-23T17:12:05.529+0000] {dag.py:3089} INFO - Sync 1 DAGs
[2025-10-23T17:12:05.536+0000] {logging_mixin.py:188} INFO - [2025-10-23T17:12:05.536+0000] {dag.py:3947} INFO - Setting next_dagrun for crypto_pipeline to 2025-10-23 16:00:00+00:00, run_after=2025-10-23 17:00:00+00:00
[2025-10-23T17:12:05.542+0000] {processor.py:183} INFO - Processing /opt/airflow/dags/crypto_pipeline.py took 0.030 seconds
[2025-10-23T17:12:36.827+0000] {processor.py:161} INFO - Started process (PID=314) to work on /opt/airflow/dags/crypto_pipeline.py
[2025-10-23T17:12:36.827+0000] {processor.py:830} INFO - Processing file /opt/airflow/dags/crypto_pipeline.py for tasks to queue
[2025-10-23T17:12:36.827+0000] {logging_mixin.py:188} INFO - [2025-10-23T17:12:36.827+0000] {dagbag.py:545} INFO - Filling up the DagBag from /opt/airflow/dags/crypto_pipeline.py
[2025-10-23T17:12:36.832+0000] {processor.py:840} INFO - DAG(s) 'crypto_pipeline' retrieved from /opt/airflow/dags/crypto_pipeline.py
[2025-10-23T17:12:36.843+0000] {logging_mixin.py:188} INFO - [2025-10-23T17:12:36.842+0000] {dag.py:3089} INFO - Sync 1 DAGs
[2025-10-23T17:12:36.850+0000] {logging_mixin.py:188} INFO - [2025-10-23T17:12:36.849+0000] {dag.py:3947} INFO - Setting next_dagrun for crypto_pipeline to 2025-10-23 16:00:00+00:00, run_after=2025-10-23 17:00:00+00:00
[2025-10-23T17:12:36.855+0000] {processor.py:183} INFO - Processing /opt/airflow/dags/crypto_pipeline.py took 0.030 seconds
[2025-10-23T17:13:08.083+0000] {processor.py:161} INFO - Started process (PID=332) to work on /opt/airflow/dags/crypto_pipeline.py
[2025-10-23T17:13:08.083+0000] {processor.py:830} INFO - Processing file /opt/airflow/dags/crypto_pipeline.py for tasks to queue
[2025-10-23T17:13:08.083+0000] {logging_mixin.py:188} INFO - [2025-10-23T17:13:08.083+0000] {dagbag.py:545} INFO - Filling up the DagBag from /opt/airflow/dags/crypto_pipeline.py
[2025-10-23T17:13:08.088+0000] {processor.py:840} INFO - DAG(s) 'crypto_pipeline' retrieved from /opt/airflow/dags/crypto_pipeline.py
[2025-10-23T17:13:08.098+0000] {logging_mixin.py:188} INFO - [2025-10-23T17:13:08.098+0000] {dag.py:3089} INFO - Sync 1 DAGs
[2025-10-23T17:13:08.106+0000] {logging_mixin.py:188} INFO - [2025-10-23T17:13:08.106+0000] {dag.py:3947} INFO - Setting next_dagrun for crypto_pipeline to 2025-10-23 16:00:00+00:00, run_after=2025-10-23 17:00:00+00:00
[2025-10-23T17:13:08.111+0000] {processor.py:183} INFO - Processing /opt/airflow/dags/crypto_pipeline.py took 0.031 seconds
[2025-10-23T17:13:39.170+0000] {processor.py:161} INFO - Started process (PID=349) to work on /opt/airflow/dags/crypto_pipeline.py
[2025-10-23T17:13:39.170+0000] {processor.py:830} INFO - Processing file /opt/airflow/dags/crypto_pipeline.py for tasks to queue
[2025-10-23T17:13:39.171+0000] {logging_mixin.py:188} INFO - [2025-10-23T17:13:39.171+0000] {dagbag.py:545} INFO - Filling up the DagBag from /opt/airflow/dags/crypto_pipeline.py
[2025-10-23T17:13:39.176+0000] {processor.py:840} INFO - DAG(s) 'crypto_pipeline' retrieved from /opt/airflow/dags/crypto_pipeline.py
[2025-10-23T17:13:39.186+0000] {logging_mixin.py:188} INFO - [2025-10-23T17:13:39.186+0000] {dag.py:3089} INFO - Sync 1 DAGs
[2025-10-23T17:13:39.193+0000] {logging_mixin.py:188} INFO - [2025-10-23T17:13:39.193+0000] {dag.py:3947} INFO - Setting next_dagrun for crypto_pipeline to 2025-10-23 16:00:00+00:00, run_after=2025-10-23 17:00:00+00:00
[2025-10-23T17:13:39.198+0000] {processor.py:183} INFO - Processing /opt/airflow/dags/crypto_pipeline.py took 0.030 seconds
[2025-10-23T17:14:09.647+0000] {processor.py:161} INFO - Started process (PID=368) to work on /opt/airflow/dags/crypto_pipeline.py
[2025-10-23T17:14:09.647+0000] {processor.py:830} INFO - Processing file /opt/airflow/dags/crypto_pipeline.py for tasks to queue
[2025-10-23T17:14:09.648+0000] {logging_mixin.py:188} INFO - [2025-10-23T17:14:09.648+0000] {dagbag.py:545} INFO - Filling up the DagBag from /opt/airflow/dags/crypto_pipeline.py
[2025-10-23T17:14:09.652+0000] {processor.py:840} INFO - DAG(s) 'crypto_pipeline' retrieved from /opt/airflow/dags/crypto_pipeline.py
[2025-10-23T17:14:09.662+0000] {logging_mixin.py:188} INFO - [2025-10-23T17:14:09.662+0000] {dag.py:3089} INFO - Sync 1 DAGs
[2025-10-23T17:14:09.669+0000] {logging_mixin.py:188} INFO - [2025-10-23T17:14:09.669+0000] {dag.py:3947} INFO - Setting next_dagrun for crypto_pipeline to 2025-10-23 16:00:00+00:00, run_after=2025-10-23 17:00:00+00:00
[2025-10-23T17:14:09.674+0000] {processor.py:183} INFO - Processing /opt/airflow/dags/crypto_pipeline.py took 0.029 seconds
[2025-10-23T17:14:40.446+0000] {processor.py:161} INFO - Started process (PID=383) to work on /opt/airflow/dags/crypto_pipeline.py
[2025-10-23T17:14:40.446+0000] {processor.py:830} INFO - Processing file /opt/airflow/dags/crypto_pipeline.py for tasks to queue
[2025-10-23T17:14:40.447+0000] {logging_mixin.py:188} INFO - [2025-10-23T17:14:40.447+0000] {dagbag.py:545} INFO - Filling up the DagBag from /opt/airflow/dags/crypto_pipeline.py
[2025-10-23T17:14:40.451+0000] {processor.py:840} INFO - DAG(s) 'crypto_pipeline' retrieved from /opt/airflow/dags/crypto_pipeline.py
[2025-10-23T17:14:40.462+0000] {logging_mixin.py:188} INFO - [2025-10-23T17:14:40.462+0000] {dag.py:3089} INFO - Sync 1 DAGs
[2025-10-23T17:14:40.469+0000] {logging_mixin.py:188} INFO - [2025-10-23T17:14:40.469+0000] {dag.py:3947} INFO - Setting next_dagrun for crypto_pipeline to 2025-10-23 16:00:00+00:00, run_after=2025-10-23 17:00:00+00:00
[2025-10-23T17:14:40.475+0000] {processor.py:183} INFO - Processing /opt/airflow/dags/crypto_pipeline.py took 0.031 seconds
[2025-10-23T17:15:11.041+0000] {processor.py:161} INFO - Started process (PID=400) to work on /opt/airflow/dags/crypto_pipeline.py
[2025-10-23T17:15:11.043+0000] {processor.py:830} INFO - Processing file /opt/airflow/dags/crypto_pipeline.py for tasks to queue
[2025-10-23T17:15:11.043+0000] {logging_mixin.py:188} INFO - [2025-10-23T17:15:11.043+0000] {dagbag.py:545} INFO - Filling up the DagBag from /opt/airflow/dags/crypto_pipeline.py
[2025-10-23T17:15:11.048+0000] {processor.py:840} INFO - DAG(s) 'crypto_pipeline' retrieved from /opt/airflow/dags/crypto_pipeline.py
[2025-10-23T17:15:11.058+0000] {logging_mixin.py:188} INFO - [2025-10-23T17:15:11.058+0000] {dag.py:3089} INFO - Sync 1 DAGs
[2025-10-23T17:15:11.065+0000] {logging_mixin.py:188} INFO - [2025-10-23T17:15:11.065+0000] {dag.py:3947} INFO - Setting next_dagrun for crypto_pipeline to 2025-10-23 16:00:00+00:00, run_after=2025-10-23 17:00:00+00:00
[2025-10-23T17:15:11.070+0000] {processor.py:183} INFO - Processing /opt/airflow/dags/crypto_pipeline.py took 0.031 seconds
[2025-10-23T17:15:41.752+0000] {processor.py:161} INFO - Started process (PID=419) to work on /opt/airflow/dags/crypto_pipeline.py
[2025-10-23T17:15:41.752+0000] {processor.py:830} INFO - Processing file /opt/airflow/dags/crypto_pipeline.py for tasks to queue
[2025-10-23T17:15:41.753+0000] {logging_mixin.py:188} INFO - [2025-10-23T17:15:41.752+0000] {dagbag.py:545} INFO - Filling up the DagBag from /opt/airflow/dags/crypto_pipeline.py
[2025-10-23T17:15:41.757+0000] {processor.py:840} INFO - DAG(s) 'crypto_pipeline' retrieved from /opt/airflow/dags/crypto_pipeline.py
[2025-10-23T17:15:41.767+0000] {logging_mixin.py:188} INFO - [2025-10-23T17:15:41.767+0000] {dag.py:3089} INFO - Sync 1 DAGs
[2025-10-23T17:15:41.774+0000] {logging_mixin.py:188} INFO - [2025-10-23T17:15:41.774+0000] {dag.py:3947} INFO - Setting next_dagrun for crypto_pipeline to 2025-10-23 16:00:00+00:00, run_after=2025-10-23 17:00:00+00:00
[2025-10-23T17:15:41.779+0000] {processor.py:183} INFO - Processing /opt/airflow/dags/crypto_pipeline.py took 0.030 seconds
[2025-10-23T17:16:12.601+0000] {processor.py:161} INFO - Started process (PID=434) to work on /opt/airflow/dags/crypto_pipeline.py
[2025-10-23T17:16:12.601+0000] {processor.py:830} INFO - Processing file /opt/airflow/dags/crypto_pipeline.py for tasks to queue
[2025-10-23T17:16:12.602+0000] {logging_mixin.py:188} INFO - [2025-10-23T17:16:12.602+0000] {dagbag.py:545} INFO - Filling up the DagBag from /opt/airflow/dags/crypto_pipeline.py
[2025-10-23T17:16:12.606+0000] {processor.py:840} INFO - DAG(s) 'crypto_pipeline' retrieved from /opt/airflow/dags/crypto_pipeline.py
[2025-10-23T17:16:12.617+0000] {logging_mixin.py:188} INFO - [2025-10-23T17:16:12.617+0000] {dag.py:3089} INFO - Sync 1 DAGs
[2025-10-23T17:16:12.625+0000] {logging_mixin.py:188} INFO - [2025-10-23T17:16:12.625+0000] {dag.py:3947} INFO - Setting next_dagrun for crypto_pipeline to 2025-10-23 16:00:00+00:00, run_after=2025-10-23 17:00:00+00:00
[2025-10-23T17:16:12.630+0000] {processor.py:183} INFO - Processing /opt/airflow/dags/crypto_pipeline.py took 0.031 seconds
[2025-10-23T17:16:43.894+0000] {processor.py:161} INFO - Started process (PID=451) to work on /opt/airflow/dags/crypto_pipeline.py
[2025-10-23T17:16:43.896+0000] {processor.py:830} INFO - Processing file /opt/airflow/dags/crypto_pipeline.py for tasks to queue
[2025-10-23T17:16:43.897+0000] {logging_mixin.py:188} INFO - [2025-10-23T17:16:43.897+0000] {dagbag.py:545} INFO - Filling up the DagBag from /opt/airflow/dags/crypto_pipeline.py
[2025-10-23T17:16:43.902+0000] {processor.py:840} INFO - DAG(s) 'crypto_pipeline' retrieved from /opt/airflow/dags/crypto_pipeline.py
[2025-10-23T17:16:43.913+0000] {logging_mixin.py:188} INFO - [2025-10-23T17:16:43.913+0000] {dag.py:3089} INFO - Sync 1 DAGs
[2025-10-23T17:16:43.920+0000] {logging_mixin.py:188} INFO - [2025-10-23T17:16:43.920+0000] {dag.py:3947} INFO - Setting next_dagrun for crypto_pipeline to 2025-10-23 16:00:00+00:00, run_after=2025-10-23 17:00:00+00:00
[2025-10-23T17:16:43.926+0000] {processor.py:183} INFO - Processing /opt/airflow/dags/crypto_pipeline.py took 0.035 seconds
[2025-10-23T17:17:14.518+0000] {processor.py:161} INFO - Started process (PID=468) to work on /opt/airflow/dags/crypto_pipeline.py
[2025-10-23T17:17:14.520+0000] {processor.py:830} INFO - Processing file /opt/airflow/dags/crypto_pipeline.py for tasks to queue
[2025-10-23T17:17:14.521+0000] {logging_mixin.py:188} INFO - [2025-10-23T17:17:14.521+0000] {dagbag.py:545} INFO - Filling up the DagBag from /opt/airflow/dags/crypto_pipeline.py
[2025-10-23T17:17:14.526+0000] {processor.py:840} INFO - DAG(s) 'crypto_pipeline' retrieved from /opt/airflow/dags/crypto_pipeline.py
[2025-10-23T17:17:14.538+0000] {logging_mixin.py:188} INFO - [2025-10-23T17:17:14.538+0000] {dag.py:3089} INFO - Sync 1 DAGs
[2025-10-23T17:17:14.545+0000] {logging_mixin.py:188} INFO - [2025-10-23T17:17:14.545+0000] {dag.py:3947} INFO - Setting next_dagrun for crypto_pipeline to 2025-10-23 16:00:00+00:00, run_after=2025-10-23 17:00:00+00:00
[2025-10-23T17:17:14.551+0000] {processor.py:183} INFO - Processing /opt/airflow/dags/crypto_pipeline.py took 0.035 seconds
