[2025-10-16T16:42:42.458+0000] {processor.py:161} INFO - Started process (PID=181) to work on /opt/airflow/dags/crypto_pipeline.py
[2025-10-16T16:42:42.458+0000] {processor.py:830} INFO - Processing file /opt/airflow/dags/crypto_pipeline.py for tasks to queue
[2025-10-16T16:42:42.460+0000] {logging_mixin.py:188} INFO - [2025-10-16T16:42:42.460+0000] {dagbag.py:545} INFO - Filling up the DagBag from /opt/airflow/dags/crypto_pipeline.py
[2025-10-16T16:42:42.478+0000] {processor.py:840} INFO - DAG(s) 'crypto_pipeline' retrieved from /opt/airflow/dags/crypto_pipeline.py
[2025-10-16T16:42:42.602+0000] {logging_mixin.py:188} INFO - [2025-10-16T16:42:42.601+0000] {override.py:1858} INFO - Created Permission View: can delete on DAG:crypto_pipeline
[2025-10-16T16:42:42.605+0000] {logging_mixin.py:188} INFO - [2025-10-16T16:42:42.604+0000] {override.py:1858} INFO - Created Permission View: can read on DAG:crypto_pipeline
[2025-10-16T16:42:42.606+0000] {logging_mixin.py:188} INFO - [2025-10-16T16:42:42.606+0000] {override.py:1858} INFO - Created Permission View: can edit on DAG:crypto_pipeline
[2025-10-16T16:42:42.606+0000] {logging_mixin.py:188} INFO - [2025-10-16T16:42:42.606+0000] {dag.py:3089} INFO - Sync 1 DAGs
[2025-10-16T16:42:42.611+0000] {logging_mixin.py:188} INFO - [2025-10-16T16:42:42.611+0000] {dag.py:3111} INFO - Creating ORM DAG for crypto_pipeline
[2025-10-16T16:42:42.615+0000] {logging_mixin.py:188} INFO - [2025-10-16T16:42:42.615+0000] {dag.py:3947} INFO - Setting next_dagrun for crypto_pipeline to 2025-10-16 15:00:00+00:00, run_after=2025-10-16 16:00:00+00:00
[2025-10-16T16:42:42.620+0000] {processor.py:183} INFO - Processing /opt/airflow/dags/crypto_pipeline.py took 0.166 seconds
[2025-10-16T16:43:12.680+0000] {processor.py:161} INFO - Started process (PID=186) to work on /opt/airflow/dags/crypto_pipeline.py
[2025-10-16T16:43:12.681+0000] {processor.py:830} INFO - Processing file /opt/airflow/dags/crypto_pipeline.py for tasks to queue
[2025-10-16T16:43:12.683+0000] {logging_mixin.py:188} INFO - [2025-10-16T16:43:12.683+0000] {dagbag.py:545} INFO - Filling up the DagBag from /opt/airflow/dags/crypto_pipeline.py
[2025-10-16T16:43:12.692+0000] {processor.py:840} INFO - DAG(s) 'crypto_pipeline' retrieved from /opt/airflow/dags/crypto_pipeline.py
[2025-10-16T16:43:12.712+0000] {logging_mixin.py:188} INFO - [2025-10-16T16:43:12.712+0000] {dag.py:3089} INFO - Sync 1 DAGs
[2025-10-16T16:43:12.723+0000] {logging_mixin.py:188} INFO - [2025-10-16T16:43:12.723+0000] {dag.py:3947} INFO - Setting next_dagrun for crypto_pipeline to 2025-10-16 15:00:00+00:00, run_after=2025-10-16 16:00:00+00:00
[2025-10-16T16:43:12.730+0000] {processor.py:183} INFO - Processing /opt/airflow/dags/crypto_pipeline.py took 0.055 seconds
[2025-10-16T16:43:42.914+0000] {processor.py:161} INFO - Started process (PID=191) to work on /opt/airflow/dags/crypto_pipeline.py
[2025-10-16T16:43:42.916+0000] {processor.py:830} INFO - Processing file /opt/airflow/dags/crypto_pipeline.py for tasks to queue
[2025-10-16T16:43:42.920+0000] {logging_mixin.py:188} INFO - [2025-10-16T16:43:42.919+0000] {dagbag.py:545} INFO - Filling up the DagBag from /opt/airflow/dags/crypto_pipeline.py
[2025-10-16T16:43:42.945+0000] {processor.py:840} INFO - DAG(s) 'crypto_pipeline' retrieved from /opt/airflow/dags/crypto_pipeline.py
[2025-10-16T16:43:42.968+0000] {logging_mixin.py:188} INFO - [2025-10-16T16:43:42.968+0000] {dag.py:3089} INFO - Sync 1 DAGs
[2025-10-16T16:43:42.986+0000] {logging_mixin.py:188} INFO - [2025-10-16T16:43:42.986+0000] {dag.py:3947} INFO - Setting next_dagrun for crypto_pipeline to 2025-10-16 15:00:00+00:00, run_after=2025-10-16 16:00:00+00:00
[2025-10-16T16:43:42.994+0000] {processor.py:183} INFO - Processing /opt/airflow/dags/crypto_pipeline.py took 0.092 seconds
[2025-10-16T16:44:13.098+0000] {processor.py:161} INFO - Started process (PID=196) to work on /opt/airflow/dags/crypto_pipeline.py
[2025-10-16T16:44:13.099+0000] {processor.py:830} INFO - Processing file /opt/airflow/dags/crypto_pipeline.py for tasks to queue
[2025-10-16T16:44:13.100+0000] {logging_mixin.py:188} INFO - [2025-10-16T16:44:13.100+0000] {dagbag.py:545} INFO - Filling up the DagBag from /opt/airflow/dags/crypto_pipeline.py
[2025-10-16T16:44:13.111+0000] {processor.py:840} INFO - DAG(s) 'crypto_pipeline' retrieved from /opt/airflow/dags/crypto_pipeline.py
[2025-10-16T16:44:13.131+0000] {logging_mixin.py:188} INFO - [2025-10-16T16:44:13.130+0000] {dag.py:3089} INFO - Sync 1 DAGs
[2025-10-16T16:44:13.141+0000] {logging_mixin.py:188} INFO - [2025-10-16T16:44:13.140+0000] {dag.py:3947} INFO - Setting next_dagrun for crypto_pipeline to 2025-10-16 15:00:00+00:00, run_after=2025-10-16 16:00:00+00:00
[2025-10-16T16:44:13.147+0000] {processor.py:183} INFO - Processing /opt/airflow/dags/crypto_pipeline.py took 0.053 seconds
[2025-10-16T16:44:43.390+0000] {processor.py:161} INFO - Started process (PID=203) to work on /opt/airflow/dags/crypto_pipeline.py
[2025-10-16T16:44:43.391+0000] {processor.py:830} INFO - Processing file /opt/airflow/dags/crypto_pipeline.py for tasks to queue
[2025-10-16T16:44:43.393+0000] {logging_mixin.py:188} INFO - [2025-10-16T16:44:43.393+0000] {dagbag.py:545} INFO - Filling up the DagBag from /opt/airflow/dags/crypto_pipeline.py
[2025-10-16T16:44:43.402+0000] {processor.py:840} INFO - DAG(s) 'crypto_pipeline' retrieved from /opt/airflow/dags/crypto_pipeline.py
[2025-10-16T16:44:43.420+0000] {logging_mixin.py:188} INFO - [2025-10-16T16:44:43.420+0000] {dag.py:3089} INFO - Sync 1 DAGs
[2025-10-16T16:44:43.430+0000] {logging_mixin.py:188} INFO - [2025-10-16T16:44:43.429+0000] {dag.py:3947} INFO - Setting next_dagrun for crypto_pipeline to 2025-10-16 16:00:00+00:00, run_after=2025-10-16 17:00:00+00:00
[2025-10-16T16:44:43.436+0000] {processor.py:183} INFO - Processing /opt/airflow/dags/crypto_pipeline.py took 0.052 seconds
[2025-10-16T16:45:13.627+0000] {processor.py:161} INFO - Started process (PID=208) to work on /opt/airflow/dags/crypto_pipeline.py
[2025-10-16T16:45:13.628+0000] {processor.py:830} INFO - Processing file /opt/airflow/dags/crypto_pipeline.py for tasks to queue
[2025-10-16T16:45:13.629+0000] {logging_mixin.py:188} INFO - [2025-10-16T16:45:13.629+0000] {dagbag.py:545} INFO - Filling up the DagBag from /opt/airflow/dags/crypto_pipeline.py
[2025-10-16T16:45:13.637+0000] {processor.py:840} INFO - DAG(s) 'crypto_pipeline' retrieved from /opt/airflow/dags/crypto_pipeline.py
[2025-10-16T16:45:13.653+0000] {logging_mixin.py:188} INFO - [2025-10-16T16:45:13.653+0000] {dag.py:3089} INFO - Sync 1 DAGs
[2025-10-16T16:45:13.664+0000] {logging_mixin.py:188} INFO - [2025-10-16T16:45:13.664+0000] {dag.py:3947} INFO - Setting next_dagrun for crypto_pipeline to 2025-10-16 16:00:00+00:00, run_after=2025-10-16 17:00:00+00:00
[2025-10-16T16:45:13.672+0000] {processor.py:183} INFO - Processing /opt/airflow/dags/crypto_pipeline.py took 0.049 seconds
[2025-10-16T16:45:43.845+0000] {processor.py:161} INFO - Started process (PID=213) to work on /opt/airflow/dags/crypto_pipeline.py
[2025-10-16T16:45:43.846+0000] {processor.py:830} INFO - Processing file /opt/airflow/dags/crypto_pipeline.py for tasks to queue
[2025-10-16T16:45:43.847+0000] {logging_mixin.py:188} INFO - [2025-10-16T16:45:43.847+0000] {dagbag.py:545} INFO - Filling up the DagBag from /opt/airflow/dags/crypto_pipeline.py
[2025-10-16T16:45:43.856+0000] {processor.py:840} INFO - DAG(s) 'crypto_pipeline' retrieved from /opt/airflow/dags/crypto_pipeline.py
[2025-10-16T16:45:43.875+0000] {logging_mixin.py:188} INFO - [2025-10-16T16:45:43.874+0000] {dag.py:3089} INFO - Sync 1 DAGs
[2025-10-16T16:45:43.885+0000] {logging_mixin.py:188} INFO - [2025-10-16T16:45:43.885+0000] {dag.py:3947} INFO - Setting next_dagrun for crypto_pipeline to 2025-10-16 16:00:00+00:00, run_after=2025-10-16 17:00:00+00:00
[2025-10-16T16:45:43.891+0000] {processor.py:183} INFO - Processing /opt/airflow/dags/crypto_pipeline.py took 0.050 seconds
[2025-10-16T16:46:14.051+0000] {processor.py:161} INFO - Started process (PID=218) to work on /opt/airflow/dags/crypto_pipeline.py
[2025-10-16T16:46:14.052+0000] {processor.py:830} INFO - Processing file /opt/airflow/dags/crypto_pipeline.py for tasks to queue
[2025-10-16T16:46:14.053+0000] {logging_mixin.py:188} INFO - [2025-10-16T16:46:14.053+0000] {dagbag.py:545} INFO - Filling up the DagBag from /opt/airflow/dags/crypto_pipeline.py
[2025-10-16T16:46:14.062+0000] {processor.py:840} INFO - DAG(s) 'crypto_pipeline' retrieved from /opt/airflow/dags/crypto_pipeline.py
[2025-10-16T16:46:14.078+0000] {logging_mixin.py:188} INFO - [2025-10-16T16:46:14.078+0000] {dag.py:3089} INFO - Sync 1 DAGs
[2025-10-16T16:46:14.089+0000] {logging_mixin.py:188} INFO - [2025-10-16T16:46:14.089+0000] {dag.py:3947} INFO - Setting next_dagrun for crypto_pipeline to 2025-10-16 16:00:00+00:00, run_after=2025-10-16 17:00:00+00:00
[2025-10-16T16:46:14.096+0000] {processor.py:183} INFO - Processing /opt/airflow/dags/crypto_pipeline.py took 0.050 seconds
[2025-10-16T16:46:44.262+0000] {processor.py:161} INFO - Started process (PID=223) to work on /opt/airflow/dags/crypto_pipeline.py
[2025-10-16T16:46:44.263+0000] {processor.py:830} INFO - Processing file /opt/airflow/dags/crypto_pipeline.py for tasks to queue
[2025-10-16T16:46:44.265+0000] {logging_mixin.py:188} INFO - [2025-10-16T16:46:44.265+0000] {dagbag.py:545} INFO - Filling up the DagBag from /opt/airflow/dags/crypto_pipeline.py
[2025-10-16T16:46:44.274+0000] {processor.py:840} INFO - DAG(s) 'crypto_pipeline' retrieved from /opt/airflow/dags/crypto_pipeline.py
[2025-10-16T16:46:44.293+0000] {logging_mixin.py:188} INFO - [2025-10-16T16:46:44.293+0000] {dag.py:3089} INFO - Sync 1 DAGs
[2025-10-16T16:46:44.304+0000] {logging_mixin.py:188} INFO - [2025-10-16T16:46:44.304+0000] {dag.py:3947} INFO - Setting next_dagrun for crypto_pipeline to 2025-10-16 16:00:00+00:00, run_after=2025-10-16 17:00:00+00:00
[2025-10-16T16:46:44.312+0000] {processor.py:183} INFO - Processing /opt/airflow/dags/crypto_pipeline.py took 0.054 seconds
[2025-10-16T16:47:14.506+0000] {processor.py:161} INFO - Started process (PID=228) to work on /opt/airflow/dags/crypto_pipeline.py
[2025-10-16T16:47:14.507+0000] {processor.py:830} INFO - Processing file /opt/airflow/dags/crypto_pipeline.py for tasks to queue
[2025-10-16T16:47:14.509+0000] {logging_mixin.py:188} INFO - [2025-10-16T16:47:14.509+0000] {dagbag.py:545} INFO - Filling up the DagBag from /opt/airflow/dags/crypto_pipeline.py
[2025-10-16T16:47:14.518+0000] {processor.py:840} INFO - DAG(s) 'crypto_pipeline' retrieved from /opt/airflow/dags/crypto_pipeline.py
[2025-10-16T16:47:14.535+0000] {logging_mixin.py:188} INFO - [2025-10-16T16:47:14.535+0000] {dag.py:3089} INFO - Sync 1 DAGs
[2025-10-16T16:47:14.545+0000] {logging_mixin.py:188} INFO - [2025-10-16T16:47:14.544+0000] {dag.py:3947} INFO - Setting next_dagrun for crypto_pipeline to 2025-10-16 16:00:00+00:00, run_after=2025-10-16 17:00:00+00:00
[2025-10-16T16:47:14.550+0000] {processor.py:183} INFO - Processing /opt/airflow/dags/crypto_pipeline.py took 0.050 seconds
[2025-10-16T16:47:44.744+0000] {processor.py:161} INFO - Started process (PID=233) to work on /opt/airflow/dags/crypto_pipeline.py
[2025-10-16T16:47:44.745+0000] {processor.py:830} INFO - Processing file /opt/airflow/dags/crypto_pipeline.py for tasks to queue
[2025-10-16T16:47:44.747+0000] {logging_mixin.py:188} INFO - [2025-10-16T16:47:44.747+0000] {dagbag.py:545} INFO - Filling up the DagBag from /opt/airflow/dags/crypto_pipeline.py
[2025-10-16T16:47:44.756+0000] {processor.py:840} INFO - DAG(s) 'crypto_pipeline' retrieved from /opt/airflow/dags/crypto_pipeline.py
[2025-10-16T16:47:44.775+0000] {logging_mixin.py:188} INFO - [2025-10-16T16:47:44.775+0000] {dag.py:3089} INFO - Sync 1 DAGs
[2025-10-16T16:47:44.785+0000] {logging_mixin.py:188} INFO - [2025-10-16T16:47:44.785+0000] {dag.py:3947} INFO - Setting next_dagrun for crypto_pipeline to 2025-10-16 16:00:00+00:00, run_after=2025-10-16 17:00:00+00:00
[2025-10-16T16:47:44.792+0000] {processor.py:183} INFO - Processing /opt/airflow/dags/crypto_pipeline.py took 0.054 seconds
[2025-10-16T16:48:14.956+0000] {processor.py:161} INFO - Started process (PID=238) to work on /opt/airflow/dags/crypto_pipeline.py
[2025-10-16T16:48:14.957+0000] {processor.py:830} INFO - Processing file /opt/airflow/dags/crypto_pipeline.py for tasks to queue
[2025-10-16T16:48:14.959+0000] {logging_mixin.py:188} INFO - [2025-10-16T16:48:14.959+0000] {dagbag.py:545} INFO - Filling up the DagBag from /opt/airflow/dags/crypto_pipeline.py
[2025-10-16T16:48:14.972+0000] {processor.py:840} INFO - DAG(s) 'crypto_pipeline' retrieved from /opt/airflow/dags/crypto_pipeline.py
[2025-10-16T16:48:14.995+0000] {logging_mixin.py:188} INFO - [2025-10-16T16:48:14.995+0000] {dag.py:3089} INFO - Sync 1 DAGs
[2025-10-16T16:48:15.008+0000] {logging_mixin.py:188} INFO - [2025-10-16T16:48:15.008+0000] {dag.py:3947} INFO - Setting next_dagrun for crypto_pipeline to 2025-10-16 16:00:00+00:00, run_after=2025-10-16 17:00:00+00:00
[2025-10-16T16:48:15.015+0000] {processor.py:183} INFO - Processing /opt/airflow/dags/crypto_pipeline.py took 0.066 seconds
[2025-10-16T16:48:45.193+0000] {processor.py:161} INFO - Started process (PID=243) to work on /opt/airflow/dags/crypto_pipeline.py
[2025-10-16T16:48:45.194+0000] {processor.py:830} INFO - Processing file /opt/airflow/dags/crypto_pipeline.py for tasks to queue
[2025-10-16T16:48:45.196+0000] {logging_mixin.py:188} INFO - [2025-10-16T16:48:45.195+0000] {dagbag.py:545} INFO - Filling up the DagBag from /opt/airflow/dags/crypto_pipeline.py
[2025-10-16T16:48:45.207+0000] {processor.py:840} INFO - DAG(s) 'crypto_pipeline' retrieved from /opt/airflow/dags/crypto_pipeline.py
[2025-10-16T16:48:45.227+0000] {logging_mixin.py:188} INFO - [2025-10-16T16:48:45.227+0000] {dag.py:3089} INFO - Sync 1 DAGs
[2025-10-16T16:48:45.239+0000] {logging_mixin.py:188} INFO - [2025-10-16T16:48:45.238+0000] {dag.py:3947} INFO - Setting next_dagrun for crypto_pipeline to 2025-10-16 16:00:00+00:00, run_after=2025-10-16 17:00:00+00:00
[2025-10-16T16:48:45.245+0000] {processor.py:183} INFO - Processing /opt/airflow/dags/crypto_pipeline.py took 0.059 seconds
[2025-10-16T16:49:15.467+0000] {processor.py:161} INFO - Started process (PID=248) to work on /opt/airflow/dags/crypto_pipeline.py
[2025-10-16T16:49:15.468+0000] {processor.py:830} INFO - Processing file /opt/airflow/dags/crypto_pipeline.py for tasks to queue
[2025-10-16T16:49:15.471+0000] {logging_mixin.py:188} INFO - [2025-10-16T16:49:15.470+0000] {dagbag.py:545} INFO - Filling up the DagBag from /opt/airflow/dags/crypto_pipeline.py
[2025-10-16T16:49:15.483+0000] {processor.py:840} INFO - DAG(s) 'crypto_pipeline' retrieved from /opt/airflow/dags/crypto_pipeline.py
[2025-10-16T16:49:15.503+0000] {logging_mixin.py:188} INFO - [2025-10-16T16:49:15.503+0000] {dag.py:3089} INFO - Sync 1 DAGs
[2025-10-16T16:49:15.513+0000] {logging_mixin.py:188} INFO - [2025-10-16T16:49:15.513+0000] {dag.py:3947} INFO - Setting next_dagrun for crypto_pipeline to 2025-10-16 16:00:00+00:00, run_after=2025-10-16 17:00:00+00:00
[2025-10-16T16:49:15.520+0000] {processor.py:183} INFO - Processing /opt/airflow/dags/crypto_pipeline.py took 0.060 seconds
[2025-10-16T16:49:45.659+0000] {processor.py:161} INFO - Started process (PID=253) to work on /opt/airflow/dags/crypto_pipeline.py
[2025-10-16T16:49:45.660+0000] {processor.py:830} INFO - Processing file /opt/airflow/dags/crypto_pipeline.py for tasks to queue
[2025-10-16T16:49:45.662+0000] {logging_mixin.py:188} INFO - [2025-10-16T16:49:45.661+0000] {dagbag.py:545} INFO - Filling up the DagBag from /opt/airflow/dags/crypto_pipeline.py
[2025-10-16T16:49:45.669+0000] {processor.py:840} INFO - DAG(s) 'crypto_pipeline' retrieved from /opt/airflow/dags/crypto_pipeline.py
[2025-10-16T16:49:45.684+0000] {logging_mixin.py:188} INFO - [2025-10-16T16:49:45.684+0000] {dag.py:3089} INFO - Sync 1 DAGs
[2025-10-16T16:49:45.695+0000] {logging_mixin.py:188} INFO - [2025-10-16T16:49:45.695+0000] {dag.py:3947} INFO - Setting next_dagrun for crypto_pipeline to 2025-10-16 16:00:00+00:00, run_after=2025-10-16 17:00:00+00:00
[2025-10-16T16:49:45.703+0000] {processor.py:183} INFO - Processing /opt/airflow/dags/crypto_pipeline.py took 0.051 seconds
[2025-10-16T16:50:15.868+0000] {processor.py:161} INFO - Started process (PID=258) to work on /opt/airflow/dags/crypto_pipeline.py
[2025-10-16T16:50:15.868+0000] {processor.py:830} INFO - Processing file /opt/airflow/dags/crypto_pipeline.py for tasks to queue
[2025-10-16T16:50:15.869+0000] {logging_mixin.py:188} INFO - [2025-10-16T16:50:15.869+0000] {dagbag.py:545} INFO - Filling up the DagBag from /opt/airflow/dags/crypto_pipeline.py
[2025-10-16T16:50:15.875+0000] {processor.py:840} INFO - DAG(s) 'crypto_pipeline' retrieved from /opt/airflow/dags/crypto_pipeline.py
[2025-10-16T16:50:15.889+0000] {logging_mixin.py:188} INFO - [2025-10-16T16:50:15.889+0000] {dag.py:3089} INFO - Sync 1 DAGs
[2025-10-16T16:50:15.899+0000] {logging_mixin.py:188} INFO - [2025-10-16T16:50:15.899+0000] {dag.py:3947} INFO - Setting next_dagrun for crypto_pipeline to 2025-10-16 16:00:00+00:00, run_after=2025-10-16 17:00:00+00:00
[2025-10-16T16:50:15.909+0000] {processor.py:183} INFO - Processing /opt/airflow/dags/crypto_pipeline.py took 0.045 seconds
[2025-10-16T16:50:46.082+0000] {processor.py:161} INFO - Started process (PID=263) to work on /opt/airflow/dags/crypto_pipeline.py
[2025-10-16T16:50:46.084+0000] {processor.py:830} INFO - Processing file /opt/airflow/dags/crypto_pipeline.py for tasks to queue
[2025-10-16T16:50:46.087+0000] {logging_mixin.py:188} INFO - [2025-10-16T16:50:46.086+0000] {dagbag.py:545} INFO - Filling up the DagBag from /opt/airflow/dags/crypto_pipeline.py
[2025-10-16T16:50:46.100+0000] {processor.py:840} INFO - DAG(s) 'crypto_pipeline' retrieved from /opt/airflow/dags/crypto_pipeline.py
[2025-10-16T16:50:46.122+0000] {logging_mixin.py:188} INFO - [2025-10-16T16:50:46.122+0000] {dag.py:3089} INFO - Sync 1 DAGs
[2025-10-16T16:50:46.133+0000] {logging_mixin.py:188} INFO - [2025-10-16T16:50:46.133+0000] {dag.py:3947} INFO - Setting next_dagrun for crypto_pipeline to 2025-10-16 16:00:00+00:00, run_after=2025-10-16 17:00:00+00:00
[2025-10-16T16:50:46.141+0000] {processor.py:183} INFO - Processing /opt/airflow/dags/crypto_pipeline.py took 0.065 seconds
[2025-10-16T16:51:16.314+0000] {processor.py:161} INFO - Started process (PID=268) to work on /opt/airflow/dags/crypto_pipeline.py
[2025-10-16T16:51:16.315+0000] {processor.py:830} INFO - Processing file /opt/airflow/dags/crypto_pipeline.py for tasks to queue
[2025-10-16T16:51:16.316+0000] {logging_mixin.py:188} INFO - [2025-10-16T16:51:16.316+0000] {dagbag.py:545} INFO - Filling up the DagBag from /opt/airflow/dags/crypto_pipeline.py
[2025-10-16T16:51:16.325+0000] {processor.py:840} INFO - DAG(s) 'crypto_pipeline' retrieved from /opt/airflow/dags/crypto_pipeline.py
[2025-10-16T16:51:16.344+0000] {logging_mixin.py:188} INFO - [2025-10-16T16:51:16.344+0000] {dag.py:3089} INFO - Sync 1 DAGs
[2025-10-16T16:51:16.354+0000] {logging_mixin.py:188} INFO - [2025-10-16T16:51:16.354+0000] {dag.py:3947} INFO - Setting next_dagrun for crypto_pipeline to 2025-10-16 16:00:00+00:00, run_after=2025-10-16 17:00:00+00:00
[2025-10-16T16:51:16.362+0000] {processor.py:183} INFO - Processing /opt/airflow/dags/crypto_pipeline.py took 0.053 seconds
[2025-10-16T16:51:46.540+0000] {processor.py:161} INFO - Started process (PID=273) to work on /opt/airflow/dags/crypto_pipeline.py
[2025-10-16T16:51:46.541+0000] {processor.py:830} INFO - Processing file /opt/airflow/dags/crypto_pipeline.py for tasks to queue
[2025-10-16T16:51:46.543+0000] {logging_mixin.py:188} INFO - [2025-10-16T16:51:46.542+0000] {dagbag.py:545} INFO - Filling up the DagBag from /opt/airflow/dags/crypto_pipeline.py
[2025-10-16T16:51:46.553+0000] {processor.py:840} INFO - DAG(s) 'crypto_pipeline' retrieved from /opt/airflow/dags/crypto_pipeline.py
[2025-10-16T16:51:46.572+0000] {logging_mixin.py:188} INFO - [2025-10-16T16:51:46.572+0000] {dag.py:3089} INFO - Sync 1 DAGs
[2025-10-16T16:51:46.582+0000] {logging_mixin.py:188} INFO - [2025-10-16T16:51:46.582+0000] {dag.py:3947} INFO - Setting next_dagrun for crypto_pipeline to 2025-10-16 16:00:00+00:00, run_after=2025-10-16 17:00:00+00:00
[2025-10-16T16:51:46.588+0000] {processor.py:183} INFO - Processing /opt/airflow/dags/crypto_pipeline.py took 0.055 seconds
[2025-10-16T16:52:16.776+0000] {processor.py:161} INFO - Started process (PID=278) to work on /opt/airflow/dags/crypto_pipeline.py
[2025-10-16T16:52:16.777+0000] {processor.py:830} INFO - Processing file /opt/airflow/dags/crypto_pipeline.py for tasks to queue
[2025-10-16T16:52:16.779+0000] {logging_mixin.py:188} INFO - [2025-10-16T16:52:16.779+0000] {dagbag.py:545} INFO - Filling up the DagBag from /opt/airflow/dags/crypto_pipeline.py
[2025-10-16T16:52:16.792+0000] {processor.py:840} INFO - DAG(s) 'crypto_pipeline' retrieved from /opt/airflow/dags/crypto_pipeline.py
[2025-10-16T16:52:16.811+0000] {logging_mixin.py:188} INFO - [2025-10-16T16:52:16.811+0000] {dag.py:3089} INFO - Sync 1 DAGs
[2025-10-16T16:52:16.823+0000] {logging_mixin.py:188} INFO - [2025-10-16T16:52:16.823+0000] {dag.py:3947} INFO - Setting next_dagrun for crypto_pipeline to 2025-10-16 16:00:00+00:00, run_after=2025-10-16 17:00:00+00:00
[2025-10-16T16:52:16.831+0000] {processor.py:183} INFO - Processing /opt/airflow/dags/crypto_pipeline.py took 0.061 seconds
[2025-10-16T16:52:46.864+0000] {processor.py:161} INFO - Started process (PID=289) to work on /opt/airflow/dags/crypto_pipeline.py
[2025-10-16T16:52:46.864+0000] {processor.py:830} INFO - Processing file /opt/airflow/dags/crypto_pipeline.py for tasks to queue
[2025-10-16T16:52:46.866+0000] {logging_mixin.py:188} INFO - [2025-10-16T16:52:46.866+0000] {dagbag.py:545} INFO - Filling up the DagBag from /opt/airflow/dags/crypto_pipeline.py
[2025-10-16T16:52:46.874+0000] {processor.py:840} INFO - DAG(s) 'crypto_pipeline' retrieved from /opt/airflow/dags/crypto_pipeline.py
[2025-10-16T16:52:46.892+0000] {logging_mixin.py:188} INFO - [2025-10-16T16:52:46.891+0000] {dag.py:3089} INFO - Sync 1 DAGs
[2025-10-16T16:52:46.901+0000] {logging_mixin.py:188} INFO - [2025-10-16T16:52:46.901+0000] {dag.py:3947} INFO - Setting next_dagrun for crypto_pipeline to 2025-10-16 16:00:00+00:00, run_after=2025-10-16 17:00:00+00:00
[2025-10-16T16:52:46.908+0000] {processor.py:183} INFO - Processing /opt/airflow/dags/crypto_pipeline.py took 0.049 seconds
[2025-10-16T16:53:17.081+0000] {processor.py:161} INFO - Started process (PID=300) to work on /opt/airflow/dags/crypto_pipeline.py
[2025-10-16T16:53:17.082+0000] {processor.py:830} INFO - Processing file /opt/airflow/dags/crypto_pipeline.py for tasks to queue
[2025-10-16T16:53:17.084+0000] {logging_mixin.py:188} INFO - [2025-10-16T16:53:17.083+0000] {dagbag.py:545} INFO - Filling up the DagBag from /opt/airflow/dags/crypto_pipeline.py
[2025-10-16T16:53:17.093+0000] {processor.py:840} INFO - DAG(s) 'crypto_pipeline' retrieved from /opt/airflow/dags/crypto_pipeline.py
[2025-10-16T16:53:17.111+0000] {logging_mixin.py:188} INFO - [2025-10-16T16:53:17.111+0000] {dag.py:3089} INFO - Sync 1 DAGs
[2025-10-16T16:53:17.121+0000] {logging_mixin.py:188} INFO - [2025-10-16T16:53:17.121+0000] {dag.py:3947} INFO - Setting next_dagrun for crypto_pipeline to 2025-10-16 16:00:00+00:00, run_after=2025-10-16 17:00:00+00:00
[2025-10-16T16:53:17.127+0000] {processor.py:183} INFO - Processing /opt/airflow/dags/crypto_pipeline.py took 0.052 seconds
[2025-10-16T16:53:47.367+0000] {processor.py:161} INFO - Started process (PID=311) to work on /opt/airflow/dags/crypto_pipeline.py
[2025-10-16T16:53:47.368+0000] {processor.py:830} INFO - Processing file /opt/airflow/dags/crypto_pipeline.py for tasks to queue
[2025-10-16T16:53:47.370+0000] {logging_mixin.py:188} INFO - [2025-10-16T16:53:47.370+0000] {dagbag.py:545} INFO - Filling up the DagBag from /opt/airflow/dags/crypto_pipeline.py
[2025-10-16T16:53:47.379+0000] {processor.py:840} INFO - DAG(s) 'crypto_pipeline' retrieved from /opt/airflow/dags/crypto_pipeline.py
[2025-10-16T16:53:47.399+0000] {logging_mixin.py:188} INFO - [2025-10-16T16:53:47.399+0000] {dag.py:3089} INFO - Sync 1 DAGs
[2025-10-16T16:53:47.409+0000] {logging_mixin.py:188} INFO - [2025-10-16T16:53:47.409+0000] {dag.py:3947} INFO - Setting next_dagrun for crypto_pipeline to 2025-10-16 16:00:00+00:00, run_after=2025-10-16 17:00:00+00:00
[2025-10-16T16:53:47.416+0000] {processor.py:183} INFO - Processing /opt/airflow/dags/crypto_pipeline.py took 0.056 seconds
[2025-10-16T16:54:17.629+0000] {processor.py:161} INFO - Started process (PID=322) to work on /opt/airflow/dags/crypto_pipeline.py
[2025-10-16T16:54:17.630+0000] {processor.py:830} INFO - Processing file /opt/airflow/dags/crypto_pipeline.py for tasks to queue
[2025-10-16T16:54:17.631+0000] {logging_mixin.py:188} INFO - [2025-10-16T16:54:17.631+0000] {dagbag.py:545} INFO - Filling up the DagBag from /opt/airflow/dags/crypto_pipeline.py
[2025-10-16T16:54:17.640+0000] {processor.py:840} INFO - DAG(s) 'crypto_pipeline' retrieved from /opt/airflow/dags/crypto_pipeline.py
[2025-10-16T16:54:17.658+0000] {logging_mixin.py:188} INFO - [2025-10-16T16:54:17.658+0000] {dag.py:3089} INFO - Sync 1 DAGs
[2025-10-16T16:54:17.668+0000] {logging_mixin.py:188} INFO - [2025-10-16T16:54:17.667+0000] {dag.py:3947} INFO - Setting next_dagrun for crypto_pipeline to 2025-10-16 16:00:00+00:00, run_after=2025-10-16 17:00:00+00:00
[2025-10-16T16:54:17.674+0000] {processor.py:183} INFO - Processing /opt/airflow/dags/crypto_pipeline.py took 0.050 seconds
[2025-10-16T16:54:47.873+0000] {processor.py:161} INFO - Started process (PID=333) to work on /opt/airflow/dags/crypto_pipeline.py
[2025-10-16T16:54:47.874+0000] {processor.py:830} INFO - Processing file /opt/airflow/dags/crypto_pipeline.py for tasks to queue
[2025-10-16T16:54:47.875+0000] {logging_mixin.py:188} INFO - [2025-10-16T16:54:47.875+0000] {dagbag.py:545} INFO - Filling up the DagBag from /opt/airflow/dags/crypto_pipeline.py
[2025-10-16T16:54:47.882+0000] {processor.py:840} INFO - DAG(s) 'crypto_pipeline' retrieved from /opt/airflow/dags/crypto_pipeline.py
[2025-10-16T16:54:47.900+0000] {logging_mixin.py:188} INFO - [2025-10-16T16:54:47.899+0000] {dag.py:3089} INFO - Sync 1 DAGs
[2025-10-16T16:54:47.909+0000] {logging_mixin.py:188} INFO - [2025-10-16T16:54:47.909+0000] {dag.py:3947} INFO - Setting next_dagrun for crypto_pipeline to 2025-10-16 16:00:00+00:00, run_after=2025-10-16 17:00:00+00:00
[2025-10-16T16:54:47.915+0000] {processor.py:183} INFO - Processing /opt/airflow/dags/crypto_pipeline.py took 0.048 seconds
[2025-10-16T16:55:18.110+0000] {processor.py:161} INFO - Started process (PID=344) to work on /opt/airflow/dags/crypto_pipeline.py
[2025-10-16T16:55:18.110+0000] {processor.py:830} INFO - Processing file /opt/airflow/dags/crypto_pipeline.py for tasks to queue
[2025-10-16T16:55:18.112+0000] {logging_mixin.py:188} INFO - [2025-10-16T16:55:18.112+0000] {dagbag.py:545} INFO - Filling up the DagBag from /opt/airflow/dags/crypto_pipeline.py
[2025-10-16T16:55:18.121+0000] {processor.py:840} INFO - DAG(s) 'crypto_pipeline' retrieved from /opt/airflow/dags/crypto_pipeline.py
[2025-10-16T16:55:18.140+0000] {logging_mixin.py:188} INFO - [2025-10-16T16:55:18.140+0000] {dag.py:3089} INFO - Sync 1 DAGs
[2025-10-16T16:55:18.149+0000] {logging_mixin.py:188} INFO - [2025-10-16T16:55:18.149+0000] {dag.py:3947} INFO - Setting next_dagrun for crypto_pipeline to 2025-10-16 16:00:00+00:00, run_after=2025-10-16 17:00:00+00:00
[2025-10-16T16:55:18.155+0000] {processor.py:183} INFO - Processing /opt/airflow/dags/crypto_pipeline.py took 0.051 seconds
[2025-10-16T16:55:48.351+0000] {processor.py:161} INFO - Started process (PID=367) to work on /opt/airflow/dags/crypto_pipeline.py
[2025-10-16T16:55:48.352+0000] {processor.py:830} INFO - Processing file /opt/airflow/dags/crypto_pipeline.py for tasks to queue
[2025-10-16T16:55:48.354+0000] {logging_mixin.py:188} INFO - [2025-10-16T16:55:48.353+0000] {dagbag.py:545} INFO - Filling up the DagBag from /opt/airflow/dags/crypto_pipeline.py
[2025-10-16T16:55:48.362+0000] {processor.py:840} INFO - DAG(s) 'crypto_pipeline' retrieved from /opt/airflow/dags/crypto_pipeline.py
[2025-10-16T16:55:48.380+0000] {logging_mixin.py:188} INFO - [2025-10-16T16:55:48.380+0000] {dag.py:3089} INFO - Sync 1 DAGs
[2025-10-16T16:55:48.389+0000] {logging_mixin.py:188} INFO - [2025-10-16T16:55:48.389+0000] {dag.py:3947} INFO - Setting next_dagrun for crypto_pipeline to 2025-10-16 16:00:00+00:00, run_after=2025-10-16 17:00:00+00:00
[2025-10-16T16:55:48.396+0000] {processor.py:183} INFO - Processing /opt/airflow/dags/crypto_pipeline.py took 0.050 seconds
[2025-10-16T16:56:18.625+0000] {processor.py:161} INFO - Started process (PID=378) to work on /opt/airflow/dags/crypto_pipeline.py
[2025-10-16T16:56:18.626+0000] {processor.py:830} INFO - Processing file /opt/airflow/dags/crypto_pipeline.py for tasks to queue
[2025-10-16T16:56:18.627+0000] {logging_mixin.py:188} INFO - [2025-10-16T16:56:18.627+0000] {dagbag.py:545} INFO - Filling up the DagBag from /opt/airflow/dags/crypto_pipeline.py
[2025-10-16T16:56:18.636+0000] {processor.py:840} INFO - DAG(s) 'crypto_pipeline' retrieved from /opt/airflow/dags/crypto_pipeline.py
[2025-10-16T16:56:18.654+0000] {logging_mixin.py:188} INFO - [2025-10-16T16:56:18.654+0000] {dag.py:3089} INFO - Sync 1 DAGs
[2025-10-16T16:56:18.663+0000] {logging_mixin.py:188} INFO - [2025-10-16T16:56:18.663+0000] {dag.py:3947} INFO - Setting next_dagrun for crypto_pipeline to 2025-10-16 16:00:00+00:00, run_after=2025-10-16 17:00:00+00:00
[2025-10-16T16:56:18.670+0000] {processor.py:183} INFO - Processing /opt/airflow/dags/crypto_pipeline.py took 0.050 seconds
[2025-10-16T16:56:48.884+0000] {processor.py:161} INFO - Started process (PID=389) to work on /opt/airflow/dags/crypto_pipeline.py
[2025-10-16T16:56:48.885+0000] {processor.py:830} INFO - Processing file /opt/airflow/dags/crypto_pipeline.py for tasks to queue
[2025-10-16T16:56:48.887+0000] {logging_mixin.py:188} INFO - [2025-10-16T16:56:48.886+0000] {dagbag.py:545} INFO - Filling up the DagBag from /opt/airflow/dags/crypto_pipeline.py
[2025-10-16T16:56:48.896+0000] {processor.py:840} INFO - DAG(s) 'crypto_pipeline' retrieved from /opt/airflow/dags/crypto_pipeline.py
[2025-10-16T16:56:48.914+0000] {logging_mixin.py:188} INFO - [2025-10-16T16:56:48.914+0000] {dag.py:3089} INFO - Sync 1 DAGs
[2025-10-16T16:56:48.924+0000] {logging_mixin.py:188} INFO - [2025-10-16T16:56:48.924+0000] {dag.py:3947} INFO - Setting next_dagrun for crypto_pipeline to 2025-10-16 16:00:00+00:00, run_after=2025-10-16 17:00:00+00:00
[2025-10-16T16:56:48.931+0000] {processor.py:183} INFO - Processing /opt/airflow/dags/crypto_pipeline.py took 0.053 seconds
[2025-10-16T16:57:19.113+0000] {processor.py:161} INFO - Started process (PID=400) to work on /opt/airflow/dags/crypto_pipeline.py
[2025-10-16T16:57:19.114+0000] {processor.py:830} INFO - Processing file /opt/airflow/dags/crypto_pipeline.py for tasks to queue
[2025-10-16T16:57:19.116+0000] {logging_mixin.py:188} INFO - [2025-10-16T16:57:19.115+0000] {dagbag.py:545} INFO - Filling up the DagBag from /opt/airflow/dags/crypto_pipeline.py
[2025-10-16T16:57:19.124+0000] {processor.py:840} INFO - DAG(s) 'crypto_pipeline' retrieved from /opt/airflow/dags/crypto_pipeline.py
[2025-10-16T16:57:19.142+0000] {logging_mixin.py:188} INFO - [2025-10-16T16:57:19.142+0000] {dag.py:3089} INFO - Sync 1 DAGs
[2025-10-16T16:57:19.152+0000] {logging_mixin.py:188} INFO - [2025-10-16T16:57:19.152+0000] {dag.py:3947} INFO - Setting next_dagrun for crypto_pipeline to 2025-10-16 16:00:00+00:00, run_after=2025-10-16 17:00:00+00:00
[2025-10-16T16:57:19.160+0000] {processor.py:183} INFO - Processing /opt/airflow/dags/crypto_pipeline.py took 0.052 seconds
[2025-10-16T16:57:49.369+0000] {processor.py:161} INFO - Started process (PID=411) to work on /opt/airflow/dags/crypto_pipeline.py
[2025-10-16T16:57:49.370+0000] {processor.py:830} INFO - Processing file /opt/airflow/dags/crypto_pipeline.py for tasks to queue
[2025-10-16T16:57:49.372+0000] {logging_mixin.py:188} INFO - [2025-10-16T16:57:49.371+0000] {dagbag.py:545} INFO - Filling up the DagBag from /opt/airflow/dags/crypto_pipeline.py
[2025-10-16T16:57:49.381+0000] {processor.py:840} INFO - DAG(s) 'crypto_pipeline' retrieved from /opt/airflow/dags/crypto_pipeline.py
[2025-10-16T16:57:49.399+0000] {logging_mixin.py:188} INFO - [2025-10-16T16:57:49.399+0000] {dag.py:3089} INFO - Sync 1 DAGs
[2025-10-16T16:57:49.408+0000] {logging_mixin.py:188} INFO - [2025-10-16T16:57:49.408+0000] {dag.py:3947} INFO - Setting next_dagrun for crypto_pipeline to 2025-10-16 16:00:00+00:00, run_after=2025-10-16 17:00:00+00:00
[2025-10-16T16:57:49.415+0000] {processor.py:183} INFO - Processing /opt/airflow/dags/crypto_pipeline.py took 0.051 seconds
[2025-10-16T16:58:19.561+0000] {processor.py:161} INFO - Started process (PID=422) to work on /opt/airflow/dags/crypto_pipeline.py
[2025-10-16T16:58:19.561+0000] {processor.py:830} INFO - Processing file /opt/airflow/dags/crypto_pipeline.py for tasks to queue
[2025-10-16T16:58:19.562+0000] {logging_mixin.py:188} INFO - [2025-10-16T16:58:19.562+0000] {dagbag.py:545} INFO - Filling up the DagBag from /opt/airflow/dags/crypto_pipeline.py
[2025-10-16T16:58:19.567+0000] {processor.py:840} INFO - DAG(s) 'crypto_pipeline' retrieved from /opt/airflow/dags/crypto_pipeline.py
[2025-10-16T16:58:19.579+0000] {logging_mixin.py:188} INFO - [2025-10-16T16:58:19.579+0000] {dag.py:3089} INFO - Sync 1 DAGs
[2025-10-16T16:58:19.587+0000] {logging_mixin.py:188} INFO - [2025-10-16T16:58:19.587+0000] {dag.py:3947} INFO - Setting next_dagrun for crypto_pipeline to 2025-10-16 16:00:00+00:00, run_after=2025-10-16 17:00:00+00:00
[2025-10-16T16:58:19.594+0000] {processor.py:183} INFO - Processing /opt/airflow/dags/crypto_pipeline.py took 0.036 seconds
[2025-10-16T16:58:49.806+0000] {processor.py:161} INFO - Started process (PID=433) to work on /opt/airflow/dags/crypto_pipeline.py
[2025-10-16T16:58:49.807+0000] {processor.py:830} INFO - Processing file /opt/airflow/dags/crypto_pipeline.py for tasks to queue
[2025-10-16T16:58:49.809+0000] {logging_mixin.py:188} INFO - [2025-10-16T16:58:49.808+0000] {dagbag.py:545} INFO - Filling up the DagBag from /opt/airflow/dags/crypto_pipeline.py
[2025-10-16T16:58:49.818+0000] {processor.py:840} INFO - DAG(s) 'crypto_pipeline' retrieved from /opt/airflow/dags/crypto_pipeline.py
[2025-10-16T16:58:49.836+0000] {logging_mixin.py:188} INFO - [2025-10-16T16:58:49.836+0000] {dag.py:3089} INFO - Sync 1 DAGs
[2025-10-16T16:58:49.846+0000] {logging_mixin.py:188} INFO - [2025-10-16T16:58:49.846+0000] {dag.py:3947} INFO - Setting next_dagrun for crypto_pipeline to 2025-10-16 16:00:00+00:00, run_after=2025-10-16 17:00:00+00:00
[2025-10-16T16:58:49.853+0000] {processor.py:183} INFO - Processing /opt/airflow/dags/crypto_pipeline.py took 0.052 seconds
[2025-10-16T16:59:20.015+0000] {processor.py:161} INFO - Started process (PID=444) to work on /opt/airflow/dags/crypto_pipeline.py
[2025-10-16T16:59:20.016+0000] {processor.py:830} INFO - Processing file /opt/airflow/dags/crypto_pipeline.py for tasks to queue
[2025-10-16T16:59:20.016+0000] {logging_mixin.py:188} INFO - [2025-10-16T16:59:20.016+0000] {dagbag.py:545} INFO - Filling up the DagBag from /opt/airflow/dags/crypto_pipeline.py
[2025-10-16T16:59:20.021+0000] {processor.py:840} INFO - DAG(s) 'crypto_pipeline' retrieved from /opt/airflow/dags/crypto_pipeline.py
[2025-10-16T16:59:20.034+0000] {logging_mixin.py:188} INFO - [2025-10-16T16:59:20.034+0000] {dag.py:3089} INFO - Sync 1 DAGs
[2025-10-16T16:59:20.043+0000] {logging_mixin.py:188} INFO - [2025-10-16T16:59:20.043+0000] {dag.py:3947} INFO - Setting next_dagrun for crypto_pipeline to 2025-10-16 16:00:00+00:00, run_after=2025-10-16 17:00:00+00:00
[2025-10-16T16:59:20.050+0000] {processor.py:183} INFO - Processing /opt/airflow/dags/crypto_pipeline.py took 0.037 seconds
[2025-10-16T16:59:50.215+0000] {processor.py:161} INFO - Started process (PID=452) to work on /opt/airflow/dags/crypto_pipeline.py
[2025-10-16T16:59:50.216+0000] {processor.py:830} INFO - Processing file /opt/airflow/dags/crypto_pipeline.py for tasks to queue
[2025-10-16T16:59:50.218+0000] {logging_mixin.py:188} INFO - [2025-10-16T16:59:50.217+0000] {dagbag.py:545} INFO - Filling up the DagBag from /opt/airflow/dags/crypto_pipeline.py
[2025-10-16T16:59:50.226+0000] {processor.py:840} INFO - DAG(s) 'crypto_pipeline' retrieved from /opt/airflow/dags/crypto_pipeline.py
[2025-10-16T16:59:50.242+0000] {logging_mixin.py:188} INFO - [2025-10-16T16:59:50.242+0000] {dag.py:3089} INFO - Sync 1 DAGs
[2025-10-16T16:59:50.253+0000] {logging_mixin.py:188} INFO - [2025-10-16T16:59:50.253+0000] {dag.py:3947} INFO - Setting next_dagrun for crypto_pipeline to 2025-10-16 16:00:00+00:00, run_after=2025-10-16 17:00:00+00:00
[2025-10-16T16:59:50.260+0000] {processor.py:183} INFO - Processing /opt/airflow/dags/crypto_pipeline.py took 0.049 seconds
[2025-10-16T17:00:20.522+0000] {processor.py:161} INFO - Started process (PID=463) to work on /opt/airflow/dags/crypto_pipeline.py
[2025-10-16T17:00:20.523+0000] {processor.py:830} INFO - Processing file /opt/airflow/dags/crypto_pipeline.py for tasks to queue
[2025-10-16T17:00:20.524+0000] {logging_mixin.py:188} INFO - [2025-10-16T17:00:20.524+0000] {dagbag.py:545} INFO - Filling up the DagBag from /opt/airflow/dags/crypto_pipeline.py
[2025-10-16T17:00:20.535+0000] {processor.py:840} INFO - DAG(s) 'crypto_pipeline' retrieved from /opt/airflow/dags/crypto_pipeline.py
[2025-10-16T17:00:20.556+0000] {logging_mixin.py:188} INFO - [2025-10-16T17:00:20.556+0000] {dag.py:3089} INFO - Sync 1 DAGs
[2025-10-16T17:00:20.568+0000] {logging_mixin.py:188} INFO - [2025-10-16T17:00:20.567+0000] {dag.py:3947} INFO - Setting next_dagrun for crypto_pipeline to 2025-10-16 16:00:00+00:00, run_after=2025-10-16 17:00:00+00:00
[2025-10-16T17:00:20.576+0000] {processor.py:183} INFO - Processing /opt/airflow/dags/crypto_pipeline.py took 0.060 seconds
[2025-10-16T17:00:50.806+0000] {processor.py:161} INFO - Started process (PID=471) to work on /opt/airflow/dags/crypto_pipeline.py
[2025-10-16T17:00:50.807+0000] {processor.py:830} INFO - Processing file /opt/airflow/dags/crypto_pipeline.py for tasks to queue
[2025-10-16T17:00:50.809+0000] {logging_mixin.py:188} INFO - [2025-10-16T17:00:50.809+0000] {dagbag.py:545} INFO - Filling up the DagBag from /opt/airflow/dags/crypto_pipeline.py
[2025-10-16T17:00:50.818+0000] {processor.py:840} INFO - DAG(s) 'crypto_pipeline' retrieved from /opt/airflow/dags/crypto_pipeline.py
[2025-10-16T17:00:50.837+0000] {logging_mixin.py:188} INFO - [2025-10-16T17:00:50.836+0000] {dag.py:3089} INFO - Sync 1 DAGs
[2025-10-16T17:00:50.847+0000] {logging_mixin.py:188} INFO - [2025-10-16T17:00:50.847+0000] {dag.py:3947} INFO - Setting next_dagrun for crypto_pipeline to 2025-10-16 16:00:00+00:00, run_after=2025-10-16 17:00:00+00:00
[2025-10-16T17:00:50.855+0000] {processor.py:183} INFO - Processing /opt/airflow/dags/crypto_pipeline.py took 0.057 seconds
[2025-10-16T17:01:21.075+0000] {processor.py:161} INFO - Started process (PID=482) to work on /opt/airflow/dags/crypto_pipeline.py
[2025-10-16T17:01:21.076+0000] {processor.py:830} INFO - Processing file /opt/airflow/dags/crypto_pipeline.py for tasks to queue
[2025-10-16T17:01:21.078+0000] {logging_mixin.py:188} INFO - [2025-10-16T17:01:21.078+0000] {dagbag.py:545} INFO - Filling up the DagBag from /opt/airflow/dags/crypto_pipeline.py
[2025-10-16T17:01:21.091+0000] {processor.py:840} INFO - DAG(s) 'crypto_pipeline' retrieved from /opt/airflow/dags/crypto_pipeline.py
[2025-10-16T17:01:21.114+0000] {logging_mixin.py:188} INFO - [2025-10-16T17:01:21.114+0000] {dag.py:3089} INFO - Sync 1 DAGs
[2025-10-16T17:01:21.127+0000] {logging_mixin.py:188} INFO - [2025-10-16T17:01:21.127+0000] {dag.py:3947} INFO - Setting next_dagrun for crypto_pipeline to 2025-10-16 16:00:00+00:00, run_after=2025-10-16 17:00:00+00:00
[2025-10-16T17:01:21.135+0000] {processor.py:183} INFO - Processing /opt/airflow/dags/crypto_pipeline.py took 0.066 seconds
[2025-10-16T17:01:51.361+0000] {processor.py:161} INFO - Started process (PID=493) to work on /opt/airflow/dags/crypto_pipeline.py
[2025-10-16T17:01:51.363+0000] {processor.py:830} INFO - Processing file /opt/airflow/dags/crypto_pipeline.py for tasks to queue
[2025-10-16T17:01:51.367+0000] {logging_mixin.py:188} INFO - [2025-10-16T17:01:51.366+0000] {dagbag.py:545} INFO - Filling up the DagBag from /opt/airflow/dags/crypto_pipeline.py
[2025-10-16T17:01:51.383+0000] {processor.py:840} INFO - DAG(s) 'crypto_pipeline' retrieved from /opt/airflow/dags/crypto_pipeline.py
[2025-10-16T17:01:51.422+0000] {logging_mixin.py:188} INFO - [2025-10-16T17:01:51.421+0000] {dag.py:3089} INFO - Sync 1 DAGs
[2025-10-16T17:01:51.439+0000] {logging_mixin.py:188} INFO - [2025-10-16T17:01:51.439+0000] {dag.py:3947} INFO - Setting next_dagrun for crypto_pipeline to 2025-10-16 16:00:00+00:00, run_after=2025-10-16 17:00:00+00:00
[2025-10-16T17:01:51.450+0000] {processor.py:183} INFO - Processing /opt/airflow/dags/crypto_pipeline.py took 0.096 seconds
[2025-10-16T17:02:21.696+0000] {processor.py:161} INFO - Started process (PID=504) to work on /opt/airflow/dags/crypto_pipeline.py
[2025-10-16T17:02:21.697+0000] {processor.py:830} INFO - Processing file /opt/airflow/dags/crypto_pipeline.py for tasks to queue
[2025-10-16T17:02:21.698+0000] {logging_mixin.py:188} INFO - [2025-10-16T17:02:21.698+0000] {dagbag.py:545} INFO - Filling up the DagBag from /opt/airflow/dags/crypto_pipeline.py
[2025-10-16T17:02:21.708+0000] {processor.py:840} INFO - DAG(s) 'crypto_pipeline' retrieved from /opt/airflow/dags/crypto_pipeline.py
[2025-10-16T17:02:21.726+0000] {logging_mixin.py:188} INFO - [2025-10-16T17:02:21.726+0000] {dag.py:3089} INFO - Sync 1 DAGs
[2025-10-16T17:02:21.736+0000] {logging_mixin.py:188} INFO - [2025-10-16T17:02:21.736+0000] {dag.py:3947} INFO - Setting next_dagrun for crypto_pipeline to 2025-10-16 16:00:00+00:00, run_after=2025-10-16 17:00:00+00:00
[2025-10-16T17:02:21.743+0000] {processor.py:183} INFO - Processing /opt/airflow/dags/crypto_pipeline.py took 0.052 seconds
[2025-10-16T17:02:52.007+0000] {processor.py:161} INFO - Started process (PID=531) to work on /opt/airflow/dags/crypto_pipeline.py
[2025-10-16T17:02:52.009+0000] {processor.py:830} INFO - Processing file /opt/airflow/dags/crypto_pipeline.py for tasks to queue
[2025-10-16T17:02:52.011+0000] {logging_mixin.py:188} INFO - [2025-10-16T17:02:52.011+0000] {dagbag.py:545} INFO - Filling up the DagBag from /opt/airflow/dags/crypto_pipeline.py
[2025-10-16T17:02:52.023+0000] {processor.py:840} INFO - DAG(s) 'crypto_pipeline' retrieved from /opt/airflow/dags/crypto_pipeline.py
[2025-10-16T17:02:52.044+0000] {logging_mixin.py:188} INFO - [2025-10-16T17:02:52.044+0000] {dag.py:3089} INFO - Sync 1 DAGs
[2025-10-16T17:02:52.056+0000] {logging_mixin.py:188} INFO - [2025-10-16T17:02:52.056+0000] {dag.py:3947} INFO - Setting next_dagrun for crypto_pipeline to 2025-10-16 16:00:00+00:00, run_after=2025-10-16 17:00:00+00:00
[2025-10-16T17:02:52.065+0000] {processor.py:183} INFO - Processing /opt/airflow/dags/crypto_pipeline.py took 0.063 seconds
[2025-10-16T17:03:22.267+0000] {processor.py:161} INFO - Started process (PID=540) to work on /opt/airflow/dags/crypto_pipeline.py
[2025-10-16T17:03:22.268+0000] {processor.py:830} INFO - Processing file /opt/airflow/dags/crypto_pipeline.py for tasks to queue
[2025-10-16T17:03:22.269+0000] {logging_mixin.py:188} INFO - [2025-10-16T17:03:22.269+0000] {dagbag.py:545} INFO - Filling up the DagBag from /opt/airflow/dags/crypto_pipeline.py
[2025-10-16T17:03:22.276+0000] {processor.py:840} INFO - DAG(s) 'crypto_pipeline' retrieved from /opt/airflow/dags/crypto_pipeline.py
[2025-10-16T17:03:22.293+0000] {logging_mixin.py:188} INFO - [2025-10-16T17:03:22.293+0000] {dag.py:3089} INFO - Sync 1 DAGs
[2025-10-16T17:03:22.303+0000] {logging_mixin.py:188} INFO - [2025-10-16T17:03:22.303+0000] {dag.py:3947} INFO - Setting next_dagrun for crypto_pipeline to 2025-10-16 16:00:00+00:00, run_after=2025-10-16 17:00:00+00:00
[2025-10-16T17:03:22.310+0000] {processor.py:183} INFO - Processing /opt/airflow/dags/crypto_pipeline.py took 0.048 seconds
[2025-10-16T17:03:52.547+0000] {processor.py:161} INFO - Started process (PID=551) to work on /opt/airflow/dags/crypto_pipeline.py
[2025-10-16T17:03:52.548+0000] {processor.py:830} INFO - Processing file /opt/airflow/dags/crypto_pipeline.py for tasks to queue
[2025-10-16T17:03:52.551+0000] {logging_mixin.py:188} INFO - [2025-10-16T17:03:52.550+0000] {dagbag.py:545} INFO - Filling up the DagBag from /opt/airflow/dags/crypto_pipeline.py
[2025-10-16T17:03:52.567+0000] {processor.py:840} INFO - DAG(s) 'crypto_pipeline' retrieved from /opt/airflow/dags/crypto_pipeline.py
[2025-10-16T17:03:52.589+0000] {logging_mixin.py:188} INFO - [2025-10-16T17:03:52.589+0000] {dag.py:3089} INFO - Sync 1 DAGs
[2025-10-16T17:03:52.602+0000] {logging_mixin.py:188} INFO - [2025-10-16T17:03:52.602+0000] {dag.py:3947} INFO - Setting next_dagrun for crypto_pipeline to 2025-10-16 16:00:00+00:00, run_after=2025-10-16 17:00:00+00:00
[2025-10-16T17:03:52.610+0000] {processor.py:183} INFO - Processing /opt/airflow/dags/crypto_pipeline.py took 0.071 seconds
[2025-10-16T17:04:22.834+0000] {processor.py:161} INFO - Started process (PID=565) to work on /opt/airflow/dags/crypto_pipeline.py
[2025-10-16T17:04:22.835+0000] {processor.py:830} INFO - Processing file /opt/airflow/dags/crypto_pipeline.py for tasks to queue
[2025-10-16T17:04:22.836+0000] {logging_mixin.py:188} INFO - [2025-10-16T17:04:22.835+0000] {dagbag.py:545} INFO - Filling up the DagBag from /opt/airflow/dags/crypto_pipeline.py
[2025-10-16T17:04:22.841+0000] {processor.py:840} INFO - DAG(s) 'crypto_pipeline' retrieved from /opt/airflow/dags/crypto_pipeline.py
[2025-10-16T17:04:22.855+0000] {logging_mixin.py:188} INFO - [2025-10-16T17:04:22.855+0000] {dag.py:3089} INFO - Sync 1 DAGs
[2025-10-16T17:04:22.863+0000] {logging_mixin.py:188} INFO - [2025-10-16T17:04:22.863+0000] {dag.py:3947} INFO - Setting next_dagrun for crypto_pipeline to 2025-10-16 16:00:00+00:00, run_after=2025-10-16 17:00:00+00:00
[2025-10-16T17:04:22.871+0000] {processor.py:183} INFO - Processing /opt/airflow/dags/crypto_pipeline.py took 0.039 seconds
[2025-10-16T17:04:53.122+0000] {processor.py:161} INFO - Started process (PID=576) to work on /opt/airflow/dags/crypto_pipeline.py
[2025-10-16T17:04:53.122+0000] {processor.py:830} INFO - Processing file /opt/airflow/dags/crypto_pipeline.py for tasks to queue
[2025-10-16T17:04:53.124+0000] {logging_mixin.py:188} INFO - [2025-10-16T17:04:53.124+0000] {dagbag.py:545} INFO - Filling up the DagBag from /opt/airflow/dags/crypto_pipeline.py
[2025-10-16T17:04:53.132+0000] {processor.py:840} INFO - DAG(s) 'crypto_pipeline' retrieved from /opt/airflow/dags/crypto_pipeline.py
[2025-10-16T17:04:53.150+0000] {logging_mixin.py:188} INFO - [2025-10-16T17:04:53.150+0000] {dag.py:3089} INFO - Sync 1 DAGs
[2025-10-16T17:04:53.160+0000] {logging_mixin.py:188} INFO - [2025-10-16T17:04:53.160+0000] {dag.py:3947} INFO - Setting next_dagrun for crypto_pipeline to 2025-10-16 16:00:00+00:00, run_after=2025-10-16 17:00:00+00:00
[2025-10-16T17:04:53.168+0000] {processor.py:183} INFO - Processing /opt/airflow/dags/crypto_pipeline.py took 0.050 seconds
[2025-10-16T17:05:23.417+0000] {processor.py:161} INFO - Started process (PID=587) to work on /opt/airflow/dags/crypto_pipeline.py
[2025-10-16T17:05:23.418+0000] {processor.py:830} INFO - Processing file /opt/airflow/dags/crypto_pipeline.py for tasks to queue
[2025-10-16T17:05:23.420+0000] {logging_mixin.py:188} INFO - [2025-10-16T17:05:23.419+0000] {dagbag.py:545} INFO - Filling up the DagBag from /opt/airflow/dags/crypto_pipeline.py
[2025-10-16T17:05:23.428+0000] {processor.py:840} INFO - DAG(s) 'crypto_pipeline' retrieved from /opt/airflow/dags/crypto_pipeline.py
[2025-10-16T17:05:23.447+0000] {logging_mixin.py:188} INFO - [2025-10-16T17:05:23.447+0000] {dag.py:3089} INFO - Sync 1 DAGs
[2025-10-16T17:05:23.459+0000] {logging_mixin.py:188} INFO - [2025-10-16T17:05:23.459+0000] {dag.py:3947} INFO - Setting next_dagrun for crypto_pipeline to 2025-10-16 16:00:00+00:00, run_after=2025-10-16 17:00:00+00:00
[2025-10-16T17:05:23.467+0000] {processor.py:183} INFO - Processing /opt/airflow/dags/crypto_pipeline.py took 0.056 seconds
[2025-10-16T17:05:53.747+0000] {processor.py:161} INFO - Started process (PID=598) to work on /opt/airflow/dags/crypto_pipeline.py
[2025-10-16T17:05:53.748+0000] {processor.py:830} INFO - Processing file /opt/airflow/dags/crypto_pipeline.py for tasks to queue
[2025-10-16T17:05:53.750+0000] {logging_mixin.py:188} INFO - [2025-10-16T17:05:53.749+0000] {dagbag.py:545} INFO - Filling up the DagBag from /opt/airflow/dags/crypto_pipeline.py
[2025-10-16T17:05:53.761+0000] {processor.py:840} INFO - DAG(s) 'crypto_pipeline' retrieved from /opt/airflow/dags/crypto_pipeline.py
[2025-10-16T17:05:53.784+0000] {logging_mixin.py:188} INFO - [2025-10-16T17:05:53.784+0000] {dag.py:3089} INFO - Sync 1 DAGs
[2025-10-16T17:05:53.796+0000] {logging_mixin.py:188} INFO - [2025-10-16T17:05:53.796+0000] {dag.py:3947} INFO - Setting next_dagrun for crypto_pipeline to 2025-10-16 16:00:00+00:00, run_after=2025-10-16 17:00:00+00:00
[2025-10-16T17:05:53.805+0000] {processor.py:183} INFO - Processing /opt/airflow/dags/crypto_pipeline.py took 0.064 seconds
[2025-10-16T17:06:24.047+0000] {processor.py:161} INFO - Started process (PID=621) to work on /opt/airflow/dags/crypto_pipeline.py
[2025-10-16T17:06:24.047+0000] {processor.py:830} INFO - Processing file /opt/airflow/dags/crypto_pipeline.py for tasks to queue
[2025-10-16T17:06:24.048+0000] {logging_mixin.py:188} INFO - [2025-10-16T17:06:24.048+0000] {dagbag.py:545} INFO - Filling up the DagBag from /opt/airflow/dags/crypto_pipeline.py
[2025-10-16T17:06:24.056+0000] {processor.py:840} INFO - DAG(s) 'crypto_pipeline' retrieved from /opt/airflow/dags/crypto_pipeline.py
[2025-10-16T17:06:24.072+0000] {logging_mixin.py:188} INFO - [2025-10-16T17:06:24.071+0000] {dag.py:3089} INFO - Sync 1 DAGs
[2025-10-16T17:06:24.081+0000] {logging_mixin.py:188} INFO - [2025-10-16T17:06:24.081+0000] {dag.py:3947} INFO - Setting next_dagrun for crypto_pipeline to 2025-10-16 16:00:00+00:00, run_after=2025-10-16 17:00:00+00:00
[2025-10-16T17:06:24.088+0000] {processor.py:183} INFO - Processing /opt/airflow/dags/crypto_pipeline.py took 0.045 seconds
[2025-10-16T17:06:54.315+0000] {processor.py:161} INFO - Started process (PID=632) to work on /opt/airflow/dags/crypto_pipeline.py
[2025-10-16T17:06:54.317+0000] {processor.py:830} INFO - Processing file /opt/airflow/dags/crypto_pipeline.py for tasks to queue
[2025-10-16T17:06:54.318+0000] {logging_mixin.py:188} INFO - [2025-10-16T17:06:54.318+0000] {dagbag.py:545} INFO - Filling up the DagBag from /opt/airflow/dags/crypto_pipeline.py
[2025-10-16T17:06:54.331+0000] {processor.py:840} INFO - DAG(s) 'crypto_pipeline' retrieved from /opt/airflow/dags/crypto_pipeline.py
[2025-10-16T17:06:54.353+0000] {logging_mixin.py:188} INFO - [2025-10-16T17:06:54.353+0000] {dag.py:3089} INFO - Sync 1 DAGs
[2025-10-16T17:06:54.366+0000] {logging_mixin.py:188} INFO - [2025-10-16T17:06:54.366+0000] {dag.py:3947} INFO - Setting next_dagrun for crypto_pipeline to 2025-10-16 16:00:00+00:00, run_after=2025-10-16 17:00:00+00:00
[2025-10-16T17:06:54.375+0000] {processor.py:183} INFO - Processing /opt/airflow/dags/crypto_pipeline.py took 0.066 seconds
[2025-10-16T17:07:24.630+0000] {processor.py:161} INFO - Started process (PID=643) to work on /opt/airflow/dags/crypto_pipeline.py
[2025-10-16T17:07:24.631+0000] {processor.py:830} INFO - Processing file /opt/airflow/dags/crypto_pipeline.py for tasks to queue
[2025-10-16T17:07:24.632+0000] {logging_mixin.py:188} INFO - [2025-10-16T17:07:24.632+0000] {dagbag.py:545} INFO - Filling up the DagBag from /opt/airflow/dags/crypto_pipeline.py
[2025-10-16T17:07:24.640+0000] {processor.py:840} INFO - DAG(s) 'crypto_pipeline' retrieved from /opt/airflow/dags/crypto_pipeline.py
[2025-10-16T17:07:24.660+0000] {logging_mixin.py:188} INFO - [2025-10-16T17:07:24.660+0000] {dag.py:3089} INFO - Sync 1 DAGs
[2025-10-16T17:07:24.672+0000] {logging_mixin.py:188} INFO - [2025-10-16T17:07:24.672+0000] {dag.py:3947} INFO - Setting next_dagrun for crypto_pipeline to 2025-10-16 16:00:00+00:00, run_after=2025-10-16 17:00:00+00:00
[2025-10-16T17:07:24.680+0000] {processor.py:183} INFO - Processing /opt/airflow/dags/crypto_pipeline.py took 0.056 seconds
[2025-10-16T17:07:54.908+0000] {processor.py:161} INFO - Started process (PID=651) to work on /opt/airflow/dags/crypto_pipeline.py
[2025-10-16T17:07:54.910+0000] {processor.py:830} INFO - Processing file /opt/airflow/dags/crypto_pipeline.py for tasks to queue
[2025-10-16T17:07:54.913+0000] {logging_mixin.py:188} INFO - [2025-10-16T17:07:54.913+0000] {dagbag.py:545} INFO - Filling up the DagBag from /opt/airflow/dags/crypto_pipeline.py
[2025-10-16T17:07:54.928+0000] {processor.py:840} INFO - DAG(s) 'crypto_pipeline' retrieved from /opt/airflow/dags/crypto_pipeline.py
[2025-10-16T17:07:54.953+0000] {logging_mixin.py:188} INFO - [2025-10-16T17:07:54.953+0000] {dag.py:3089} INFO - Sync 1 DAGs
[2025-10-16T17:07:54.967+0000] {logging_mixin.py:188} INFO - [2025-10-16T17:07:54.967+0000] {dag.py:3947} INFO - Setting next_dagrun for crypto_pipeline to 2025-10-16 16:00:00+00:00, run_after=2025-10-16 17:00:00+00:00
[2025-10-16T17:07:54.975+0000] {processor.py:183} INFO - Processing /opt/airflow/dags/crypto_pipeline.py took 0.078 seconds
[2025-10-16T17:08:25.182+0000] {processor.py:161} INFO - Started process (PID=662) to work on /opt/airflow/dags/crypto_pipeline.py
[2025-10-16T17:08:25.183+0000] {processor.py:830} INFO - Processing file /opt/airflow/dags/crypto_pipeline.py for tasks to queue
[2025-10-16T17:08:25.184+0000] {logging_mixin.py:188} INFO - [2025-10-16T17:08:25.184+0000] {dagbag.py:545} INFO - Filling up the DagBag from /opt/airflow/dags/crypto_pipeline.py
[2025-10-16T17:08:25.193+0000] {processor.py:840} INFO - DAG(s) 'crypto_pipeline' retrieved from /opt/airflow/dags/crypto_pipeline.py
[2025-10-16T17:08:25.212+0000] {logging_mixin.py:188} INFO - [2025-10-16T17:08:25.212+0000] {dag.py:3089} INFO - Sync 1 DAGs
[2025-10-16T17:08:25.223+0000] {logging_mixin.py:188} INFO - [2025-10-16T17:08:25.223+0000] {dag.py:3947} INFO - Setting next_dagrun for crypto_pipeline to 2025-10-16 16:00:00+00:00, run_after=2025-10-16 17:00:00+00:00
[2025-10-16T17:08:25.231+0000] {processor.py:183} INFO - Processing /opt/airflow/dags/crypto_pipeline.py took 0.054 seconds
[2025-10-16T17:08:55.467+0000] {processor.py:161} INFO - Started process (PID=673) to work on /opt/airflow/dags/crypto_pipeline.py
[2025-10-16T17:08:55.468+0000] {processor.py:830} INFO - Processing file /opt/airflow/dags/crypto_pipeline.py for tasks to queue
[2025-10-16T17:08:55.472+0000] {logging_mixin.py:188} INFO - [2025-10-16T17:08:55.471+0000] {dagbag.py:545} INFO - Filling up the DagBag from /opt/airflow/dags/crypto_pipeline.py
[2025-10-16T17:08:55.488+0000] {processor.py:840} INFO - DAG(s) 'crypto_pipeline' retrieved from /opt/airflow/dags/crypto_pipeline.py
[2025-10-16T17:08:55.512+0000] {logging_mixin.py:188} INFO - [2025-10-16T17:08:55.511+0000] {dag.py:3089} INFO - Sync 1 DAGs
[2025-10-16T17:08:55.523+0000] {logging_mixin.py:188} INFO - [2025-10-16T17:08:55.523+0000] {dag.py:3947} INFO - Setting next_dagrun for crypto_pipeline to 2025-10-16 16:00:00+00:00, run_after=2025-10-16 17:00:00+00:00
[2025-10-16T17:08:55.530+0000] {processor.py:183} INFO - Processing /opt/airflow/dags/crypto_pipeline.py took 0.071 seconds
[2025-10-16T17:09:25.779+0000] {processor.py:161} INFO - Started process (PID=684) to work on /opt/airflow/dags/crypto_pipeline.py
[2025-10-16T17:09:25.780+0000] {processor.py:830} INFO - Processing file /opt/airflow/dags/crypto_pipeline.py for tasks to queue
[2025-10-16T17:09:25.781+0000] {logging_mixin.py:188} INFO - [2025-10-16T17:09:25.781+0000] {dagbag.py:545} INFO - Filling up the DagBag from /opt/airflow/dags/crypto_pipeline.py
[2025-10-16T17:09:25.790+0000] {processor.py:840} INFO - DAG(s) 'crypto_pipeline' retrieved from /opt/airflow/dags/crypto_pipeline.py
[2025-10-16T17:09:25.810+0000] {logging_mixin.py:188} INFO - [2025-10-16T17:09:25.810+0000] {dag.py:3089} INFO - Sync 1 DAGs
[2025-10-16T17:09:25.820+0000] {logging_mixin.py:188} INFO - [2025-10-16T17:09:25.820+0000] {dag.py:3947} INFO - Setting next_dagrun for crypto_pipeline to 2025-10-16 16:00:00+00:00, run_after=2025-10-16 17:00:00+00:00
[2025-10-16T17:09:25.828+0000] {processor.py:183} INFO - Processing /opt/airflow/dags/crypto_pipeline.py took 0.056 seconds
[2025-10-16T17:09:56.086+0000] {processor.py:161} INFO - Started process (PID=695) to work on /opt/airflow/dags/crypto_pipeline.py
[2025-10-16T17:09:56.088+0000] {processor.py:830} INFO - Processing file /opt/airflow/dags/crypto_pipeline.py for tasks to queue
[2025-10-16T17:09:56.089+0000] {logging_mixin.py:188} INFO - [2025-10-16T17:09:56.089+0000] {dagbag.py:545} INFO - Filling up the DagBag from /opt/airflow/dags/crypto_pipeline.py
[2025-10-16T17:09:56.098+0000] {processor.py:840} INFO - DAG(s) 'crypto_pipeline' retrieved from /opt/airflow/dags/crypto_pipeline.py
[2025-10-16T17:09:56.118+0000] {logging_mixin.py:188} INFO - [2025-10-16T17:09:56.118+0000] {dag.py:3089} INFO - Sync 1 DAGs
[2025-10-16T17:09:56.127+0000] {logging_mixin.py:188} INFO - [2025-10-16T17:09:56.127+0000] {dag.py:3947} INFO - Setting next_dagrun for crypto_pipeline to 2025-10-16 16:00:00+00:00, run_after=2025-10-16 17:00:00+00:00
[2025-10-16T17:09:56.134+0000] {processor.py:183} INFO - Processing /opt/airflow/dags/crypto_pipeline.py took 0.055 seconds
[2025-10-16T17:10:26.347+0000] {processor.py:161} INFO - Started process (PID=706) to work on /opt/airflow/dags/crypto_pipeline.py
[2025-10-16T17:10:26.348+0000] {processor.py:830} INFO - Processing file /opt/airflow/dags/crypto_pipeline.py for tasks to queue
[2025-10-16T17:10:26.350+0000] {logging_mixin.py:188} INFO - [2025-10-16T17:10:26.349+0000] {dagbag.py:545} INFO - Filling up the DagBag from /opt/airflow/dags/crypto_pipeline.py
[2025-10-16T17:10:26.358+0000] {processor.py:840} INFO - DAG(s) 'crypto_pipeline' retrieved from /opt/airflow/dags/crypto_pipeline.py
[2025-10-16T17:10:26.377+0000] {logging_mixin.py:188} INFO - [2025-10-16T17:10:26.377+0000] {dag.py:3089} INFO - Sync 1 DAGs
[2025-10-16T17:10:26.386+0000] {logging_mixin.py:188} INFO - [2025-10-16T17:10:26.386+0000] {dag.py:3947} INFO - Setting next_dagrun for crypto_pipeline to 2025-10-16 16:00:00+00:00, run_after=2025-10-16 17:00:00+00:00
[2025-10-16T17:10:26.393+0000] {processor.py:183} INFO - Processing /opt/airflow/dags/crypto_pipeline.py took 0.051 seconds
[2025-10-16T17:10:56.681+0000] {processor.py:161} INFO - Started process (PID=717) to work on /opt/airflow/dags/crypto_pipeline.py
[2025-10-16T17:10:56.682+0000] {processor.py:830} INFO - Processing file /opt/airflow/dags/crypto_pipeline.py for tasks to queue
[2025-10-16T17:10:56.683+0000] {logging_mixin.py:188} INFO - [2025-10-16T17:10:56.683+0000] {dagbag.py:545} INFO - Filling up the DagBag from /opt/airflow/dags/crypto_pipeline.py
[2025-10-16T17:10:56.692+0000] {processor.py:840} INFO - DAG(s) 'crypto_pipeline' retrieved from /opt/airflow/dags/crypto_pipeline.py
[2025-10-16T17:10:56.709+0000] {logging_mixin.py:188} INFO - [2025-10-16T17:10:56.709+0000] {dag.py:3089} INFO - Sync 1 DAGs
[2025-10-16T17:10:56.718+0000] {logging_mixin.py:188} INFO - [2025-10-16T17:10:56.718+0000] {dag.py:3947} INFO - Setting next_dagrun for crypto_pipeline to 2025-10-16 16:00:00+00:00, run_after=2025-10-16 17:00:00+00:00
[2025-10-16T17:10:56.725+0000] {processor.py:183} INFO - Processing /opt/airflow/dags/crypto_pipeline.py took 0.051 seconds
[2025-10-16T17:11:27.030+0000] {processor.py:161} INFO - Started process (PID=728) to work on /opt/airflow/dags/crypto_pipeline.py
[2025-10-16T17:11:27.031+0000] {processor.py:830} INFO - Processing file /opt/airflow/dags/crypto_pipeline.py for tasks to queue
[2025-10-16T17:11:27.033+0000] {logging_mixin.py:188} INFO - [2025-10-16T17:11:27.033+0000] {dagbag.py:545} INFO - Filling up the DagBag from /opt/airflow/dags/crypto_pipeline.py
[2025-10-16T17:11:27.054+0000] {processor.py:840} INFO - DAG(s) 'crypto_pipeline' retrieved from /opt/airflow/dags/crypto_pipeline.py
[2025-10-16T17:11:27.079+0000] {logging_mixin.py:188} INFO - [2025-10-16T17:11:27.079+0000] {dag.py:3089} INFO - Sync 1 DAGs
[2025-10-16T17:11:27.092+0000] {logging_mixin.py:188} INFO - [2025-10-16T17:11:27.092+0000] {dag.py:3947} INFO - Setting next_dagrun for crypto_pipeline to 2025-10-16 16:00:00+00:00, run_after=2025-10-16 17:00:00+00:00
[2025-10-16T17:11:27.100+0000] {processor.py:183} INFO - Processing /opt/airflow/dags/crypto_pipeline.py took 0.078 seconds
[2025-10-16T17:11:57.366+0000] {processor.py:161} INFO - Started process (PID=739) to work on /opt/airflow/dags/crypto_pipeline.py
[2025-10-16T17:11:57.367+0000] {processor.py:830} INFO - Processing file /opt/airflow/dags/crypto_pipeline.py for tasks to queue
[2025-10-16T17:11:57.369+0000] {logging_mixin.py:188} INFO - [2025-10-16T17:11:57.368+0000] {dagbag.py:545} INFO - Filling up the DagBag from /opt/airflow/dags/crypto_pipeline.py
[2025-10-16T17:11:57.377+0000] {processor.py:840} INFO - DAG(s) 'crypto_pipeline' retrieved from /opt/airflow/dags/crypto_pipeline.py
[2025-10-16T17:11:57.394+0000] {logging_mixin.py:188} INFO - [2025-10-16T17:11:57.394+0000] {dag.py:3089} INFO - Sync 1 DAGs
[2025-10-16T17:11:57.403+0000] {logging_mixin.py:188} INFO - [2025-10-16T17:11:57.403+0000] {dag.py:3947} INFO - Setting next_dagrun for crypto_pipeline to 2025-10-16 16:00:00+00:00, run_after=2025-10-16 17:00:00+00:00
[2025-10-16T17:11:57.410+0000] {processor.py:183} INFO - Processing /opt/airflow/dags/crypto_pipeline.py took 0.051 seconds
[2025-10-16T17:12:27.708+0000] {processor.py:161} INFO - Started process (PID=750) to work on /opt/airflow/dags/crypto_pipeline.py
[2025-10-16T17:12:27.709+0000] {processor.py:830} INFO - Processing file /opt/airflow/dags/crypto_pipeline.py for tasks to queue
[2025-10-16T17:12:27.713+0000] {logging_mixin.py:188} INFO - [2025-10-16T17:12:27.712+0000] {dagbag.py:545} INFO - Filling up the DagBag from /opt/airflow/dags/crypto_pipeline.py
[2025-10-16T17:12:27.727+0000] {processor.py:840} INFO - DAG(s) 'crypto_pipeline' retrieved from /opt/airflow/dags/crypto_pipeline.py
[2025-10-16T17:12:27.754+0000] {logging_mixin.py:188} INFO - [2025-10-16T17:12:27.753+0000] {dag.py:3089} INFO - Sync 1 DAGs
[2025-10-16T17:12:27.770+0000] {logging_mixin.py:188} INFO - [2025-10-16T17:12:27.770+0000] {dag.py:3947} INFO - Setting next_dagrun for crypto_pipeline to 2025-10-16 16:00:00+00:00, run_after=2025-10-16 17:00:00+00:00
[2025-10-16T17:12:27.778+0000] {processor.py:183} INFO - Processing /opt/airflow/dags/crypto_pipeline.py took 0.080 seconds
[2025-10-16T17:12:58.007+0000] {processor.py:161} INFO - Started process (PID=761) to work on /opt/airflow/dags/crypto_pipeline.py
[2025-10-16T17:12:58.007+0000] {processor.py:830} INFO - Processing file /opt/airflow/dags/crypto_pipeline.py for tasks to queue
[2025-10-16T17:12:58.008+0000] {logging_mixin.py:188} INFO - [2025-10-16T17:12:58.008+0000] {dagbag.py:545} INFO - Filling up the DagBag from /opt/airflow/dags/crypto_pipeline.py
[2025-10-16T17:12:58.014+0000] {processor.py:840} INFO - DAG(s) 'crypto_pipeline' retrieved from /opt/airflow/dags/crypto_pipeline.py
[2025-10-16T17:12:58.032+0000] {logging_mixin.py:188} INFO - [2025-10-16T17:12:58.032+0000] {dag.py:3089} INFO - Sync 1 DAGs
[2025-10-16T17:12:58.042+0000] {logging_mixin.py:188} INFO - [2025-10-16T17:12:58.042+0000] {dag.py:3947} INFO - Setting next_dagrun for crypto_pipeline to 2025-10-16 16:00:00+00:00, run_after=2025-10-16 17:00:00+00:00
[2025-10-16T17:12:58.049+0000] {processor.py:183} INFO - Processing /opt/airflow/dags/crypto_pipeline.py took 0.047 seconds
[2025-10-16T17:13:28.317+0000] {processor.py:161} INFO - Started process (PID=772) to work on /opt/airflow/dags/crypto_pipeline.py
[2025-10-16T17:13:28.318+0000] {processor.py:830} INFO - Processing file /opt/airflow/dags/crypto_pipeline.py for tasks to queue
[2025-10-16T17:13:28.321+0000] {logging_mixin.py:188} INFO - [2025-10-16T17:13:28.321+0000] {dagbag.py:545} INFO - Filling up the DagBag from /opt/airflow/dags/crypto_pipeline.py
[2025-10-16T17:13:28.338+0000] {processor.py:840} INFO - DAG(s) 'crypto_pipeline' retrieved from /opt/airflow/dags/crypto_pipeline.py
[2025-10-16T17:13:28.361+0000] {logging_mixin.py:188} INFO - [2025-10-16T17:13:28.361+0000] {dag.py:3089} INFO - Sync 1 DAGs
[2025-10-16T17:13:28.374+0000] {logging_mixin.py:188} INFO - [2025-10-16T17:13:28.373+0000] {dag.py:3947} INFO - Setting next_dagrun for crypto_pipeline to 2025-10-16 16:00:00+00:00, run_after=2025-10-16 17:00:00+00:00
[2025-10-16T17:13:28.381+0000] {processor.py:183} INFO - Processing /opt/airflow/dags/crypto_pipeline.py took 0.073 seconds
[2025-10-16T17:13:58.662+0000] {processor.py:161} INFO - Started process (PID=783) to work on /opt/airflow/dags/crypto_pipeline.py
[2025-10-16T17:13:58.663+0000] {processor.py:830} INFO - Processing file /opt/airflow/dags/crypto_pipeline.py for tasks to queue
[2025-10-16T17:13:58.665+0000] {logging_mixin.py:188} INFO - [2025-10-16T17:13:58.665+0000] {dagbag.py:545} INFO - Filling up the DagBag from /opt/airflow/dags/crypto_pipeline.py
[2025-10-16T17:13:58.672+0000] {processor.py:840} INFO - DAG(s) 'crypto_pipeline' retrieved from /opt/airflow/dags/crypto_pipeline.py
[2025-10-16T17:13:58.689+0000] {logging_mixin.py:188} INFO - [2025-10-16T17:13:58.689+0000] {dag.py:3089} INFO - Sync 1 DAGs
[2025-10-16T17:13:58.698+0000] {logging_mixin.py:188} INFO - [2025-10-16T17:13:58.698+0000] {dag.py:3947} INFO - Setting next_dagrun for crypto_pipeline to 2025-10-16 16:00:00+00:00, run_after=2025-10-16 17:00:00+00:00
[2025-10-16T17:13:58.704+0000] {processor.py:183} INFO - Processing /opt/airflow/dags/crypto_pipeline.py took 0.049 seconds
[2025-10-16T17:14:28.939+0000] {processor.py:161} INFO - Started process (PID=794) to work on /opt/airflow/dags/crypto_pipeline.py
[2025-10-16T17:14:28.940+0000] {processor.py:830} INFO - Processing file /opt/airflow/dags/crypto_pipeline.py for tasks to queue
[2025-10-16T17:14:28.942+0000] {logging_mixin.py:188} INFO - [2025-10-16T17:14:28.941+0000] {dagbag.py:545} INFO - Filling up the DagBag from /opt/airflow/dags/crypto_pipeline.py
[2025-10-16T17:14:28.949+0000] {processor.py:840} INFO - DAG(s) 'crypto_pipeline' retrieved from /opt/airflow/dags/crypto_pipeline.py
[2025-10-16T17:14:28.966+0000] {logging_mixin.py:188} INFO - [2025-10-16T17:14:28.966+0000] {dag.py:3089} INFO - Sync 1 DAGs
[2025-10-16T17:14:28.975+0000] {logging_mixin.py:188} INFO - [2025-10-16T17:14:28.975+0000] {dag.py:3947} INFO - Setting next_dagrun for crypto_pipeline to 2025-10-16 16:00:00+00:00, run_after=2025-10-16 17:00:00+00:00
[2025-10-16T17:14:28.981+0000] {processor.py:183} INFO - Processing /opt/airflow/dags/crypto_pipeline.py took 0.048 seconds
[2025-10-16T17:14:59.235+0000] {processor.py:161} INFO - Started process (PID=805) to work on /opt/airflow/dags/crypto_pipeline.py
[2025-10-16T17:14:59.236+0000] {processor.py:830} INFO - Processing file /opt/airflow/dags/crypto_pipeline.py for tasks to queue
[2025-10-16T17:14:59.237+0000] {logging_mixin.py:188} INFO - [2025-10-16T17:14:59.237+0000] {dagbag.py:545} INFO - Filling up the DagBag from /opt/airflow/dags/crypto_pipeline.py
[2025-10-16T17:14:59.246+0000] {processor.py:840} INFO - DAG(s) 'crypto_pipeline' retrieved from /opt/airflow/dags/crypto_pipeline.py
[2025-10-16T17:14:59.266+0000] {logging_mixin.py:188} INFO - [2025-10-16T17:14:59.265+0000] {dag.py:3089} INFO - Sync 1 DAGs
[2025-10-16T17:14:59.275+0000] {logging_mixin.py:188} INFO - [2025-10-16T17:14:59.275+0000] {dag.py:3947} INFO - Setting next_dagrun for crypto_pipeline to 2025-10-16 16:00:00+00:00, run_after=2025-10-16 17:00:00+00:00
[2025-10-16T17:14:59.282+0000] {processor.py:183} INFO - Processing /opt/airflow/dags/crypto_pipeline.py took 0.053 seconds
[2025-10-16T17:15:29.524+0000] {processor.py:161} INFO - Started process (PID=816) to work on /opt/airflow/dags/crypto_pipeline.py
[2025-10-16T17:15:29.525+0000] {processor.py:830} INFO - Processing file /opt/airflow/dags/crypto_pipeline.py for tasks to queue
[2025-10-16T17:15:29.527+0000] {logging_mixin.py:188} INFO - [2025-10-16T17:15:29.527+0000] {dagbag.py:545} INFO - Filling up the DagBag from /opt/airflow/dags/crypto_pipeline.py
[2025-10-16T17:15:29.539+0000] {processor.py:840} INFO - DAG(s) 'crypto_pipeline' retrieved from /opt/airflow/dags/crypto_pipeline.py
[2025-10-16T17:15:29.559+0000] {logging_mixin.py:188} INFO - [2025-10-16T17:15:29.559+0000] {dag.py:3089} INFO - Sync 1 DAGs
[2025-10-16T17:15:29.570+0000] {logging_mixin.py:188} INFO - [2025-10-16T17:15:29.570+0000] {dag.py:3947} INFO - Setting next_dagrun for crypto_pipeline to 2025-10-16 16:00:00+00:00, run_after=2025-10-16 17:00:00+00:00
[2025-10-16T17:15:29.577+0000] {processor.py:183} INFO - Processing /opt/airflow/dags/crypto_pipeline.py took 0.061 seconds
[2025-10-16T17:15:59.825+0000] {processor.py:161} INFO - Started process (PID=827) to work on /opt/airflow/dags/crypto_pipeline.py
[2025-10-16T17:15:59.826+0000] {processor.py:830} INFO - Processing file /opt/airflow/dags/crypto_pipeline.py for tasks to queue
[2025-10-16T17:15:59.827+0000] {logging_mixin.py:188} INFO - [2025-10-16T17:15:59.827+0000] {dagbag.py:545} INFO - Filling up the DagBag from /opt/airflow/dags/crypto_pipeline.py
[2025-10-16T17:15:59.836+0000] {processor.py:840} INFO - DAG(s) 'crypto_pipeline' retrieved from /opt/airflow/dags/crypto_pipeline.py
[2025-10-16T17:15:59.854+0000] {logging_mixin.py:188} INFO - [2025-10-16T17:15:59.854+0000] {dag.py:3089} INFO - Sync 1 DAGs
[2025-10-16T17:15:59.863+0000] {logging_mixin.py:188} INFO - [2025-10-16T17:15:59.863+0000] {dag.py:3947} INFO - Setting next_dagrun for crypto_pipeline to 2025-10-16 16:00:00+00:00, run_after=2025-10-16 17:00:00+00:00
[2025-10-16T17:15:59.870+0000] {processor.py:183} INFO - Processing /opt/airflow/dags/crypto_pipeline.py took 0.050 seconds
[2025-10-16T17:16:30.113+0000] {processor.py:161} INFO - Started process (PID=838) to work on /opt/airflow/dags/crypto_pipeline.py
[2025-10-16T17:16:30.114+0000] {processor.py:830} INFO - Processing file /opt/airflow/dags/crypto_pipeline.py for tasks to queue
[2025-10-16T17:16:30.115+0000] {logging_mixin.py:188} INFO - [2025-10-16T17:16:30.115+0000] {dagbag.py:545} INFO - Filling up the DagBag from /opt/airflow/dags/crypto_pipeline.py
[2025-10-16T17:16:30.124+0000] {processor.py:840} INFO - DAG(s) 'crypto_pipeline' retrieved from /opt/airflow/dags/crypto_pipeline.py
[2025-10-16T17:16:30.141+0000] {logging_mixin.py:188} INFO - [2025-10-16T17:16:30.141+0000] {dag.py:3089} INFO - Sync 1 DAGs
[2025-10-16T17:16:30.151+0000] {logging_mixin.py:188} INFO - [2025-10-16T17:16:30.150+0000] {dag.py:3947} INFO - Setting next_dagrun for crypto_pipeline to 2025-10-16 16:00:00+00:00, run_after=2025-10-16 17:00:00+00:00
[2025-10-16T17:16:30.157+0000] {processor.py:183} INFO - Processing /opt/airflow/dags/crypto_pipeline.py took 0.050 seconds
[2025-10-16T17:17:00.394+0000] {processor.py:161} INFO - Started process (PID=849) to work on /opt/airflow/dags/crypto_pipeline.py
[2025-10-16T17:17:00.395+0000] {processor.py:830} INFO - Processing file /opt/airflow/dags/crypto_pipeline.py for tasks to queue
[2025-10-16T17:17:00.395+0000] {logging_mixin.py:188} INFO - [2025-10-16T17:17:00.395+0000] {dagbag.py:545} INFO - Filling up the DagBag from /opt/airflow/dags/crypto_pipeline.py
[2025-10-16T17:17:00.401+0000] {processor.py:840} INFO - DAG(s) 'crypto_pipeline' retrieved from /opt/airflow/dags/crypto_pipeline.py
[2025-10-16T17:17:00.414+0000] {logging_mixin.py:188} INFO - [2025-10-16T17:17:00.414+0000] {dag.py:3089} INFO - Sync 1 DAGs
[2025-10-16T17:17:00.423+0000] {logging_mixin.py:188} INFO - [2025-10-16T17:17:00.423+0000] {dag.py:3947} INFO - Setting next_dagrun for crypto_pipeline to 2025-10-16 16:00:00+00:00, run_after=2025-10-16 17:00:00+00:00
[2025-10-16T17:17:00.431+0000] {processor.py:183} INFO - Processing /opt/airflow/dags/crypto_pipeline.py took 0.039 seconds
[2025-10-16T17:17:30.745+0000] {processor.py:161} INFO - Started process (PID=860) to work on /opt/airflow/dags/crypto_pipeline.py
[2025-10-16T17:17:30.746+0000] {processor.py:830} INFO - Processing file /opt/airflow/dags/crypto_pipeline.py for tasks to queue
[2025-10-16T17:17:30.747+0000] {logging_mixin.py:188} INFO - [2025-10-16T17:17:30.747+0000] {dagbag.py:545} INFO - Filling up the DagBag from /opt/airflow/dags/crypto_pipeline.py
[2025-10-16T17:17:30.755+0000] {processor.py:840} INFO - DAG(s) 'crypto_pipeline' retrieved from /opt/airflow/dags/crypto_pipeline.py
[2025-10-16T17:17:30.771+0000] {logging_mixin.py:188} INFO - [2025-10-16T17:17:30.771+0000] {dag.py:3089} INFO - Sync 1 DAGs
[2025-10-16T17:17:30.781+0000] {logging_mixin.py:188} INFO - [2025-10-16T17:17:30.781+0000] {dag.py:3947} INFO - Setting next_dagrun for crypto_pipeline to 2025-10-16 16:00:00+00:00, run_after=2025-10-16 17:00:00+00:00
[2025-10-16T17:17:30.788+0000] {processor.py:183} INFO - Processing /opt/airflow/dags/crypto_pipeline.py took 0.047 seconds
[2025-10-16T17:18:01.023+0000] {processor.py:161} INFO - Started process (PID=871) to work on /opt/airflow/dags/crypto_pipeline.py
[2025-10-16T17:18:01.024+0000] {processor.py:830} INFO - Processing file /opt/airflow/dags/crypto_pipeline.py for tasks to queue
[2025-10-16T17:18:01.024+0000] {logging_mixin.py:188} INFO - [2025-10-16T17:18:01.024+0000] {dagbag.py:545} INFO - Filling up the DagBag from /opt/airflow/dags/crypto_pipeline.py
[2025-10-16T17:18:01.030+0000] {processor.py:840} INFO - DAG(s) 'crypto_pipeline' retrieved from /opt/airflow/dags/crypto_pipeline.py
[2025-10-16T17:18:01.043+0000] {logging_mixin.py:188} INFO - [2025-10-16T17:18:01.043+0000] {dag.py:3089} INFO - Sync 1 DAGs
[2025-10-16T17:18:01.052+0000] {logging_mixin.py:188} INFO - [2025-10-16T17:18:01.052+0000] {dag.py:3947} INFO - Setting next_dagrun for crypto_pipeline to 2025-10-16 16:00:00+00:00, run_after=2025-10-16 17:00:00+00:00
[2025-10-16T17:18:01.058+0000] {processor.py:183} INFO - Processing /opt/airflow/dags/crypto_pipeline.py took 0.038 seconds
[2025-10-16T17:18:31.491+0000] {processor.py:161} INFO - Started process (PID=900) to work on /opt/airflow/dags/crypto_pipeline.py
[2025-10-16T17:18:31.492+0000] {processor.py:830} INFO - Processing file /opt/airflow/dags/crypto_pipeline.py for tasks to queue
[2025-10-16T17:18:31.494+0000] {logging_mixin.py:188} INFO - [2025-10-16T17:18:31.494+0000] {dagbag.py:545} INFO - Filling up the DagBag from /opt/airflow/dags/crypto_pipeline.py
[2025-10-16T17:18:31.503+0000] {processor.py:840} INFO - DAG(s) 'crypto_pipeline' retrieved from /opt/airflow/dags/crypto_pipeline.py
[2025-10-16T17:18:31.518+0000] {logging_mixin.py:188} INFO - [2025-10-16T17:18:31.518+0000] {dag.py:3089} INFO - Sync 1 DAGs
[2025-10-16T17:18:31.527+0000] {logging_mixin.py:188} INFO - [2025-10-16T17:18:31.527+0000] {dag.py:3947} INFO - Setting next_dagrun for crypto_pipeline to 2025-10-16 16:00:00+00:00, run_after=2025-10-16 17:00:00+00:00
[2025-10-16T17:18:31.534+0000] {processor.py:183} INFO - Processing /opt/airflow/dags/crypto_pipeline.py took 0.048 seconds
[2025-10-16T17:19:01.749+0000] {processor.py:161} INFO - Started process (PID=911) to work on /opt/airflow/dags/crypto_pipeline.py
[2025-10-16T17:19:01.750+0000] {processor.py:830} INFO - Processing file /opt/airflow/dags/crypto_pipeline.py for tasks to queue
[2025-10-16T17:19:01.752+0000] {logging_mixin.py:188} INFO - [2025-10-16T17:19:01.752+0000] {dagbag.py:545} INFO - Filling up the DagBag from /opt/airflow/dags/crypto_pipeline.py
[2025-10-16T17:19:01.760+0000] {processor.py:840} INFO - DAG(s) 'crypto_pipeline' retrieved from /opt/airflow/dags/crypto_pipeline.py
[2025-10-16T17:19:01.778+0000] {logging_mixin.py:188} INFO - [2025-10-16T17:19:01.777+0000] {dag.py:3089} INFO - Sync 1 DAGs
[2025-10-16T17:19:01.787+0000] {logging_mixin.py:188} INFO - [2025-10-16T17:19:01.787+0000] {dag.py:3947} INFO - Setting next_dagrun for crypto_pipeline to 2025-10-16 16:00:00+00:00, run_after=2025-10-16 17:00:00+00:00
[2025-10-16T17:19:01.794+0000] {processor.py:183} INFO - Processing /opt/airflow/dags/crypto_pipeline.py took 0.050 seconds
[2025-10-16T17:19:32.242+0000] {processor.py:161} INFO - Started process (PID=928) to work on /opt/airflow/dags/crypto_pipeline.py
[2025-10-16T17:19:32.243+0000] {processor.py:830} INFO - Processing file /opt/airflow/dags/crypto_pipeline.py for tasks to queue
[2025-10-16T17:19:32.246+0000] {logging_mixin.py:188} INFO - [2025-10-16T17:19:32.246+0000] {dagbag.py:545} INFO - Filling up the DagBag from /opt/airflow/dags/crypto_pipeline.py
[2025-10-16T17:19:32.254+0000] {processor.py:840} INFO - DAG(s) 'crypto_pipeline' retrieved from /opt/airflow/dags/crypto_pipeline.py
[2025-10-16T17:19:32.271+0000] {logging_mixin.py:188} INFO - [2025-10-16T17:19:32.271+0000] {dag.py:3089} INFO - Sync 1 DAGs
[2025-10-16T17:19:32.282+0000] {logging_mixin.py:188} INFO - [2025-10-16T17:19:32.282+0000] {dag.py:3947} INFO - Setting next_dagrun for crypto_pipeline to 2025-10-16 16:00:00+00:00, run_after=2025-10-16 17:00:00+00:00
[2025-10-16T17:19:32.289+0000] {processor.py:183} INFO - Processing /opt/airflow/dags/crypto_pipeline.py took 0.051 seconds
[2025-10-16T17:20:02.497+0000] {processor.py:161} INFO - Started process (PID=939) to work on /opt/airflow/dags/crypto_pipeline.py
[2025-10-16T17:20:02.498+0000] {processor.py:830} INFO - Processing file /opt/airflow/dags/crypto_pipeline.py for tasks to queue
[2025-10-16T17:20:02.499+0000] {logging_mixin.py:188} INFO - [2025-10-16T17:20:02.499+0000] {dagbag.py:545} INFO - Filling up the DagBag from /opt/airflow/dags/crypto_pipeline.py
[2025-10-16T17:20:02.505+0000] {processor.py:840} INFO - DAG(s) 'crypto_pipeline' retrieved from /opt/airflow/dags/crypto_pipeline.py
[2025-10-16T17:20:02.521+0000] {logging_mixin.py:188} INFO - [2025-10-16T17:20:02.521+0000] {dag.py:3089} INFO - Sync 1 DAGs
[2025-10-16T17:20:02.531+0000] {logging_mixin.py:188} INFO - [2025-10-16T17:20:02.531+0000] {dag.py:3947} INFO - Setting next_dagrun for crypto_pipeline to 2025-10-16 16:00:00+00:00, run_after=2025-10-16 17:00:00+00:00
[2025-10-16T17:20:02.539+0000] {processor.py:183} INFO - Processing /opt/airflow/dags/crypto_pipeline.py took 0.045 seconds
[2025-10-16T17:20:32.712+0000] {processor.py:161} INFO - Started process (PID=950) to work on /opt/airflow/dags/crypto_pipeline.py
[2025-10-16T17:20:32.713+0000] {processor.py:830} INFO - Processing file /opt/airflow/dags/crypto_pipeline.py for tasks to queue
[2025-10-16T17:20:32.714+0000] {logging_mixin.py:188} INFO - [2025-10-16T17:20:32.714+0000] {dagbag.py:545} INFO - Filling up the DagBag from /opt/airflow/dags/crypto_pipeline.py
[2025-10-16T17:20:32.721+0000] {processor.py:840} INFO - DAG(s) 'crypto_pipeline' retrieved from /opt/airflow/dags/crypto_pipeline.py
[2025-10-16T17:20:32.737+0000] {logging_mixin.py:188} INFO - [2025-10-16T17:20:32.736+0000] {dag.py:3089} INFO - Sync 1 DAGs
[2025-10-16T17:20:32.746+0000] {logging_mixin.py:188} INFO - [2025-10-16T17:20:32.746+0000] {dag.py:3947} INFO - Setting next_dagrun for crypto_pipeline to 2025-10-16 16:00:00+00:00, run_after=2025-10-16 17:00:00+00:00
[2025-10-16T17:20:32.753+0000] {processor.py:183} INFO - Processing /opt/airflow/dags/crypto_pipeline.py took 0.045 seconds
[2025-10-16T17:21:02.943+0000] {processor.py:161} INFO - Started process (PID=961) to work on /opt/airflow/dags/crypto_pipeline.py
[2025-10-16T17:21:02.944+0000] {processor.py:830} INFO - Processing file /opt/airflow/dags/crypto_pipeline.py for tasks to queue
[2025-10-16T17:21:02.945+0000] {logging_mixin.py:188} INFO - [2025-10-16T17:21:02.945+0000] {dagbag.py:545} INFO - Filling up the DagBag from /opt/airflow/dags/crypto_pipeline.py
[2025-10-16T17:21:02.952+0000] {processor.py:840} INFO - DAG(s) 'crypto_pipeline' retrieved from /opt/airflow/dags/crypto_pipeline.py
[2025-10-16T17:21:02.968+0000] {logging_mixin.py:188} INFO - [2025-10-16T17:21:02.968+0000] {dag.py:3089} INFO - Sync 1 DAGs
[2025-10-16T17:21:02.977+0000] {logging_mixin.py:188} INFO - [2025-10-16T17:21:02.977+0000] {dag.py:3947} INFO - Setting next_dagrun for crypto_pipeline to 2025-10-16 16:00:00+00:00, run_after=2025-10-16 17:00:00+00:00
[2025-10-16T17:21:02.985+0000] {processor.py:183} INFO - Processing /opt/airflow/dags/crypto_pipeline.py took 0.047 seconds
[2025-10-16T17:22:09.714+0000] {processor.py:161} INFO - Started process (PID=184) to work on /opt/airflow/dags/crypto_pipeline.py
[2025-10-16T17:22:09.715+0000] {processor.py:830} INFO - Processing file /opt/airflow/dags/crypto_pipeline.py for tasks to queue
[2025-10-16T17:22:09.727+0000] {logging_mixin.py:188} INFO - [2025-10-16T17:22:09.724+0000] {dagbag.py:545} INFO - Filling up the DagBag from /opt/airflow/dags/crypto_pipeline.py
[2025-10-16T17:22:09.752+0000] {processor.py:840} INFO - DAG(s) 'crypto_pipeline' retrieved from /opt/airflow/dags/crypto_pipeline.py
[2025-10-16T17:22:09.773+0000] {logging_mixin.py:188} INFO - [2025-10-16T17:22:09.773+0000] {dag.py:3089} INFO - Sync 1 DAGs
[2025-10-16T17:22:09.785+0000] {logging_mixin.py:188} INFO - [2025-10-16T17:22:09.785+0000] {dag.py:3947} INFO - Setting next_dagrun for crypto_pipeline to 2025-10-16 16:00:00+00:00, run_after=2025-10-16 17:00:00+00:00
[2025-10-16T17:22:09.794+0000] {processor.py:183} INFO - Processing /opt/airflow/dags/crypto_pipeline.py took 0.085 seconds
[2025-10-16T17:22:39.999+0000] {processor.py:161} INFO - Started process (PID=192) to work on /opt/airflow/dags/crypto_pipeline.py
[2025-10-16T17:22:40.000+0000] {processor.py:830} INFO - Processing file /opt/airflow/dags/crypto_pipeline.py for tasks to queue
[2025-10-16T17:22:40.004+0000] {logging_mixin.py:188} INFO - [2025-10-16T17:22:40.004+0000] {dagbag.py:545} INFO - Filling up the DagBag from /opt/airflow/dags/crypto_pipeline.py
[2025-10-16T17:22:40.017+0000] {processor.py:840} INFO - DAG(s) 'crypto_pipeline' retrieved from /opt/airflow/dags/crypto_pipeline.py
[2025-10-16T17:22:40.129+0000] {logging_mixin.py:188} INFO - [2025-10-16T17:22:40.129+0000] {dag.py:3089} INFO - Sync 1 DAGs
[2025-10-16T17:22:40.137+0000] {logging_mixin.py:188} INFO - [2025-10-16T17:22:40.137+0000] {dag.py:3947} INFO - Setting next_dagrun for crypto_pipeline to 2025-10-16 16:00:00+00:00, run_after=2025-10-16 17:00:00+00:00
[2025-10-16T17:22:40.143+0000] {processor.py:183} INFO - Processing /opt/airflow/dags/crypto_pipeline.py took 0.152 seconds
