[2025-10-16T16:52:42.976+0000] {processor.py:161} INFO - Started process (PID=283) to work on /opt/airflow/dags/daily_crypto_analysis_dag.py
[2025-10-16T16:52:42.977+0000] {processor.py:830} INFO - Processing file /opt/airflow/dags/daily_crypto_analysis_dag.py for tasks to queue
[2025-10-16T16:52:42.978+0000] {logging_mixin.py:188} INFO - [2025-10-16T16:52:42.978+0000] {dagbag.py:545} INFO - Filling up the DagBag from /opt/airflow/dags/daily_crypto_analysis_dag.py
[2025-10-16T16:52:43.602+0000] {processor.py:840} INFO - DAG(s) 'daily_crypto_analysis' retrieved from /opt/airflow/dags/daily_crypto_analysis_dag.py
[2025-10-16T16:52:43.792+0000] {logging_mixin.py:188} INFO - [2025-10-16T16:52:43.791+0000] {override.py:1858} INFO - Created Permission View: can delete on DAG:daily_crypto_analysis
[2025-10-16T16:52:43.794+0000] {logging_mixin.py:188} INFO - [2025-10-16T16:52:43.794+0000] {override.py:1858} INFO - Created Permission View: can read on DAG:daily_crypto_analysis
[2025-10-16T16:52:43.796+0000] {logging_mixin.py:188} INFO - [2025-10-16T16:52:43.796+0000] {override.py:1858} INFO - Created Permission View: can edit on DAG:daily_crypto_analysis
[2025-10-16T16:52:43.797+0000] {logging_mixin.py:188} INFO - [2025-10-16T16:52:43.796+0000] {dag.py:3089} INFO - Sync 1 DAGs
[2025-10-16T16:52:43.800+0000] {logging_mixin.py:188} INFO - [2025-10-16T16:52:43.800+0000] {dag.py:3111} INFO - Creating ORM DAG for daily_crypto_analysis
[2025-10-16T16:52:43.803+0000] {logging_mixin.py:188} INFO - [2025-10-16T16:52:43.803+0000] {dag.py:3947} INFO - Setting next_dagrun for daily_crypto_analysis to 2025-10-15 06:00:00+00:00, run_after=2025-10-16 06:00:00+00:00
[2025-10-16T16:52:43.808+0000] {processor.py:183} INFO - Processing /opt/airflow/dags/daily_crypto_analysis_dag.py took 0.835 seconds
[2025-10-16T16:53:14.037+0000] {processor.py:161} INFO - Started process (PID=294) to work on /opt/airflow/dags/daily_crypto_analysis_dag.py
[2025-10-16T16:53:14.038+0000] {processor.py:830} INFO - Processing file /opt/airflow/dags/daily_crypto_analysis_dag.py for tasks to queue
[2025-10-16T16:53:14.040+0000] {logging_mixin.py:188} INFO - [2025-10-16T16:53:14.039+0000] {dagbag.py:545} INFO - Filling up the DagBag from /opt/airflow/dags/daily_crypto_analysis_dag.py
[2025-10-16T16:53:14.170+0000] {processor.py:840} INFO - DAG(s) 'daily_crypto_analysis' retrieved from /opt/airflow/dags/daily_crypto_analysis_dag.py
[2025-10-16T16:53:14.181+0000] {logging_mixin.py:188} INFO - [2025-10-16T16:53:14.181+0000] {dag.py:3089} INFO - Sync 1 DAGs
[2025-10-16T16:53:14.188+0000] {logging_mixin.py:188} INFO - [2025-10-16T16:53:14.188+0000] {dag.py:3947} INFO - Setting next_dagrun for daily_crypto_analysis to 2025-10-15 06:00:00+00:00, run_after=2025-10-16 06:00:00+00:00
[2025-10-16T16:53:14.255+0000] {processor.py:183} INFO - Processing /opt/airflow/dags/daily_crypto_analysis_dag.py took 0.224 seconds
[2025-10-16T16:53:44.336+0000] {processor.py:161} INFO - Started process (PID=305) to work on /opt/airflow/dags/daily_crypto_analysis_dag.py
[2025-10-16T16:53:44.338+0000] {processor.py:830} INFO - Processing file /opt/airflow/dags/daily_crypto_analysis_dag.py for tasks to queue
[2025-10-16T16:53:44.341+0000] {logging_mixin.py:188} INFO - [2025-10-16T16:53:44.341+0000] {dagbag.py:545} INFO - Filling up the DagBag from /opt/airflow/dags/daily_crypto_analysis_dag.py
[2025-10-16T16:53:44.531+0000] {processor.py:840} INFO - DAG(s) 'daily_crypto_analysis' retrieved from /opt/airflow/dags/daily_crypto_analysis_dag.py
[2025-10-16T16:53:44.548+0000] {logging_mixin.py:188} INFO - [2025-10-16T16:53:44.547+0000] {dag.py:3089} INFO - Sync 1 DAGs
[2025-10-16T16:53:44.673+0000] {logging_mixin.py:188} INFO - [2025-10-16T16:53:44.673+0000] {dag.py:3947} INFO - Setting next_dagrun for daily_crypto_analysis to 2025-10-15 06:00:00+00:00, run_after=2025-10-16 06:00:00+00:00
[2025-10-16T16:53:44.679+0000] {processor.py:183} INFO - Processing /opt/airflow/dags/daily_crypto_analysis_dag.py took 0.352 seconds
[2025-10-16T16:54:15.600+0000] {processor.py:161} INFO - Started process (PID=316) to work on /opt/airflow/dags/daily_crypto_analysis_dag.py
[2025-10-16T16:54:15.601+0000] {processor.py:830} INFO - Processing file /opt/airflow/dags/daily_crypto_analysis_dag.py for tasks to queue
[2025-10-16T16:54:15.602+0000] {logging_mixin.py:188} INFO - [2025-10-16T16:54:15.602+0000] {dagbag.py:545} INFO - Filling up the DagBag from /opt/airflow/dags/daily_crypto_analysis_dag.py
[2025-10-16T16:54:15.723+0000] {processor.py:840} INFO - DAG(s) 'daily_crypto_analysis' retrieved from /opt/airflow/dags/daily_crypto_analysis_dag.py
[2025-10-16T16:54:15.734+0000] {logging_mixin.py:188} INFO - [2025-10-16T16:54:15.734+0000] {dag.py:3089} INFO - Sync 1 DAGs
[2025-10-16T16:54:15.740+0000] {logging_mixin.py:188} INFO - [2025-10-16T16:54:15.740+0000] {dag.py:3947} INFO - Setting next_dagrun for daily_crypto_analysis to 2025-10-15 06:00:00+00:00, run_after=2025-10-16 06:00:00+00:00
[2025-10-16T16:54:15.746+0000] {processor.py:183} INFO - Processing /opt/airflow/dags/daily_crypto_analysis_dag.py took 0.151 seconds
[2025-10-16T16:54:45.818+0000] {processor.py:161} INFO - Started process (PID=327) to work on /opt/airflow/dags/daily_crypto_analysis_dag.py
[2025-10-16T16:54:45.819+0000] {processor.py:830} INFO - Processing file /opt/airflow/dags/daily_crypto_analysis_dag.py for tasks to queue
[2025-10-16T16:54:45.821+0000] {logging_mixin.py:188} INFO - [2025-10-16T16:54:45.821+0000] {dagbag.py:545} INFO - Filling up the DagBag from /opt/airflow/dags/daily_crypto_analysis_dag.py
[2025-10-16T16:54:45.984+0000] {processor.py:840} INFO - DAG(s) 'daily_crypto_analysis' retrieved from /opt/airflow/dags/daily_crypto_analysis_dag.py
[2025-10-16T16:54:46.006+0000] {logging_mixin.py:188} INFO - [2025-10-16T16:54:46.006+0000] {dag.py:3089} INFO - Sync 1 DAGs
[2025-10-16T16:54:46.016+0000] {logging_mixin.py:188} INFO - [2025-10-16T16:54:46.016+0000] {dag.py:3947} INFO - Setting next_dagrun for daily_crypto_analysis to 2025-10-15 06:00:00+00:00, run_after=2025-10-16 06:00:00+00:00
[2025-10-16T16:54:46.024+0000] {processor.py:183} INFO - Processing /opt/airflow/dags/daily_crypto_analysis_dag.py took 0.213 seconds
[2025-10-16T16:55:16.071+0000] {processor.py:161} INFO - Started process (PID=338) to work on /opt/airflow/dags/daily_crypto_analysis_dag.py
[2025-10-16T16:55:16.072+0000] {processor.py:830} INFO - Processing file /opt/airflow/dags/daily_crypto_analysis_dag.py for tasks to queue
[2025-10-16T16:55:16.074+0000] {logging_mixin.py:188} INFO - [2025-10-16T16:55:16.074+0000] {dagbag.py:545} INFO - Filling up the DagBag from /opt/airflow/dags/daily_crypto_analysis_dag.py
[2025-10-16T16:55:16.202+0000] {processor.py:840} INFO - DAG(s) 'daily_crypto_analysis' retrieved from /opt/airflow/dags/daily_crypto_analysis_dag.py
[2025-10-16T16:55:16.213+0000] {logging_mixin.py:188} INFO - [2025-10-16T16:55:16.212+0000] {dag.py:3089} INFO - Sync 1 DAGs
[2025-10-16T16:55:16.220+0000] {logging_mixin.py:188} INFO - [2025-10-16T16:55:16.220+0000] {dag.py:3947} INFO - Setting next_dagrun for daily_crypto_analysis to 2025-10-15 06:00:00+00:00, run_after=2025-10-16 06:00:00+00:00
[2025-10-16T16:55:16.226+0000] {processor.py:183} INFO - Processing /opt/airflow/dags/daily_crypto_analysis_dag.py took 0.161 seconds
[2025-10-16T16:55:46.320+0000] {processor.py:161} INFO - Started process (PID=361) to work on /opt/airflow/dags/daily_crypto_analysis_dag.py
[2025-10-16T16:55:46.321+0000] {processor.py:830} INFO - Processing file /opt/airflow/dags/daily_crypto_analysis_dag.py for tasks to queue
[2025-10-16T16:55:46.324+0000] {logging_mixin.py:188} INFO - [2025-10-16T16:55:46.323+0000] {dagbag.py:545} INFO - Filling up the DagBag from /opt/airflow/dags/daily_crypto_analysis_dag.py
[2025-10-16T16:55:46.452+0000] {processor.py:840} INFO - DAG(s) 'daily_crypto_analysis' retrieved from /opt/airflow/dags/daily_crypto_analysis_dag.py
[2025-10-16T16:55:46.464+0000] {logging_mixin.py:188} INFO - [2025-10-16T16:55:46.464+0000] {dag.py:3089} INFO - Sync 1 DAGs
[2025-10-16T16:55:46.472+0000] {logging_mixin.py:188} INFO - [2025-10-16T16:55:46.472+0000] {dag.py:3947} INFO - Setting next_dagrun for daily_crypto_analysis to 2025-10-16 06:00:00+00:00, run_after=2025-10-17 06:00:00+00:00
[2025-10-16T16:55:46.541+0000] {processor.py:183} INFO - Processing /opt/airflow/dags/daily_crypto_analysis_dag.py took 0.228 seconds
[2025-10-16T16:56:16.584+0000] {processor.py:161} INFO - Started process (PID=372) to work on /opt/airflow/dags/daily_crypto_analysis_dag.py
[2025-10-16T16:56:16.584+0000] {processor.py:830} INFO - Processing file /opt/airflow/dags/daily_crypto_analysis_dag.py for tasks to queue
[2025-10-16T16:56:16.586+0000] {logging_mixin.py:188} INFO - [2025-10-16T16:56:16.586+0000] {dagbag.py:545} INFO - Filling up the DagBag from /opt/airflow/dags/daily_crypto_analysis_dag.py
[2025-10-16T16:56:16.715+0000] {processor.py:840} INFO - DAG(s) 'daily_crypto_analysis' retrieved from /opt/airflow/dags/daily_crypto_analysis_dag.py
[2025-10-16T16:56:16.725+0000] {logging_mixin.py:188} INFO - [2025-10-16T16:56:16.725+0000] {dag.py:3089} INFO - Sync 1 DAGs
[2025-10-16T16:56:16.795+0000] {logging_mixin.py:188} INFO - [2025-10-16T16:56:16.795+0000] {dag.py:3947} INFO - Setting next_dagrun for daily_crypto_analysis to 2025-10-16 06:00:00+00:00, run_after=2025-10-17 06:00:00+00:00
[2025-10-16T16:56:16.801+0000] {processor.py:183} INFO - Processing /opt/airflow/dags/daily_crypto_analysis_dag.py took 0.222 seconds
[2025-10-16T16:56:46.858+0000] {processor.py:161} INFO - Started process (PID=383) to work on /opt/airflow/dags/daily_crypto_analysis_dag.py
[2025-10-16T16:56:46.859+0000] {processor.py:830} INFO - Processing file /opt/airflow/dags/daily_crypto_analysis_dag.py for tasks to queue
[2025-10-16T16:56:46.861+0000] {logging_mixin.py:188} INFO - [2025-10-16T16:56:46.861+0000] {dagbag.py:545} INFO - Filling up the DagBag from /opt/airflow/dags/daily_crypto_analysis_dag.py
[2025-10-16T16:56:47.000+0000] {processor.py:840} INFO - DAG(s) 'daily_crypto_analysis' retrieved from /opt/airflow/dags/daily_crypto_analysis_dag.py
[2025-10-16T16:56:47.012+0000] {logging_mixin.py:188} INFO - [2025-10-16T16:56:47.012+0000] {dag.py:3089} INFO - Sync 1 DAGs
[2025-10-16T16:56:47.020+0000] {logging_mixin.py:188} INFO - [2025-10-16T16:56:47.020+0000] {dag.py:3947} INFO - Setting next_dagrun for daily_crypto_analysis to 2025-10-16 06:00:00+00:00, run_after=2025-10-17 06:00:00+00:00
[2025-10-16T16:56:47.026+0000] {processor.py:183} INFO - Processing /opt/airflow/dags/daily_crypto_analysis_dag.py took 0.173 seconds
[2025-10-16T16:57:17.091+0000] {processor.py:161} INFO - Started process (PID=394) to work on /opt/airflow/dags/daily_crypto_analysis_dag.py
[2025-10-16T16:57:17.093+0000] {processor.py:830} INFO - Processing file /opt/airflow/dags/daily_crypto_analysis_dag.py for tasks to queue
[2025-10-16T16:57:17.095+0000] {logging_mixin.py:188} INFO - [2025-10-16T16:57:17.094+0000] {dagbag.py:545} INFO - Filling up the DagBag from /opt/airflow/dags/daily_crypto_analysis_dag.py
[2025-10-16T16:57:17.237+0000] {processor.py:840} INFO - DAG(s) 'daily_crypto_analysis' retrieved from /opt/airflow/dags/daily_crypto_analysis_dag.py
[2025-10-16T16:57:17.249+0000] {logging_mixin.py:188} INFO - [2025-10-16T16:57:17.249+0000] {dag.py:3089} INFO - Sync 1 DAGs
[2025-10-16T16:57:17.258+0000] {logging_mixin.py:188} INFO - [2025-10-16T16:57:17.258+0000] {dag.py:3947} INFO - Setting next_dagrun for daily_crypto_analysis to 2025-10-16 06:00:00+00:00, run_after=2025-10-17 06:00:00+00:00
[2025-10-16T16:57:17.264+0000] {processor.py:183} INFO - Processing /opt/airflow/dags/daily_crypto_analysis_dag.py took 0.180 seconds
[2025-10-16T16:57:47.339+0000] {processor.py:161} INFO - Started process (PID=405) to work on /opt/airflow/dags/daily_crypto_analysis_dag.py
[2025-10-16T16:57:47.340+0000] {processor.py:830} INFO - Processing file /opt/airflow/dags/daily_crypto_analysis_dag.py for tasks to queue
[2025-10-16T16:57:47.342+0000] {logging_mixin.py:188} INFO - [2025-10-16T16:57:47.342+0000] {dagbag.py:545} INFO - Filling up the DagBag from /opt/airflow/dags/daily_crypto_analysis_dag.py
[2025-10-16T16:57:47.476+0000] {processor.py:840} INFO - DAG(s) 'daily_crypto_analysis' retrieved from /opt/airflow/dags/daily_crypto_analysis_dag.py
[2025-10-16T16:57:47.488+0000] {logging_mixin.py:188} INFO - [2025-10-16T16:57:47.488+0000] {dag.py:3089} INFO - Sync 1 DAGs
[2025-10-16T16:57:47.495+0000] {logging_mixin.py:188} INFO - [2025-10-16T16:57:47.495+0000] {dag.py:3947} INFO - Setting next_dagrun for daily_crypto_analysis to 2025-10-16 06:00:00+00:00, run_after=2025-10-17 06:00:00+00:00
[2025-10-16T16:57:47.501+0000] {processor.py:183} INFO - Processing /opt/airflow/dags/daily_crypto_analysis_dag.py took 0.168 seconds
[2025-10-16T16:58:17.547+0000] {processor.py:161} INFO - Started process (PID=416) to work on /opt/airflow/dags/daily_crypto_analysis_dag.py
[2025-10-16T16:58:17.548+0000] {processor.py:830} INFO - Processing file /opt/airflow/dags/daily_crypto_analysis_dag.py for tasks to queue
[2025-10-16T16:58:17.548+0000] {logging_mixin.py:188} INFO - [2025-10-16T16:58:17.548+0000] {dagbag.py:545} INFO - Filling up the DagBag from /opt/airflow/dags/daily_crypto_analysis_dag.py
[2025-10-16T16:58:17.669+0000] {processor.py:840} INFO - DAG(s) 'daily_crypto_analysis' retrieved from /opt/airflow/dags/daily_crypto_analysis_dag.py
[2025-10-16T16:58:17.680+0000] {logging_mixin.py:188} INFO - [2025-10-16T16:58:17.680+0000] {dag.py:3089} INFO - Sync 1 DAGs
[2025-10-16T16:58:17.689+0000] {logging_mixin.py:188} INFO - [2025-10-16T16:58:17.689+0000] {dag.py:3947} INFO - Setting next_dagrun for daily_crypto_analysis to 2025-10-16 06:00:00+00:00, run_after=2025-10-17 06:00:00+00:00
[2025-10-16T16:58:17.783+0000] {processor.py:183} INFO - Processing /opt/airflow/dags/daily_crypto_analysis_dag.py took 0.239 seconds
[2025-10-16T16:58:48.784+0000] {processor.py:161} INFO - Started process (PID=427) to work on /opt/airflow/dags/daily_crypto_analysis_dag.py
[2025-10-16T16:58:48.785+0000] {processor.py:830} INFO - Processing file /opt/airflow/dags/daily_crypto_analysis_dag.py for tasks to queue
[2025-10-16T16:58:48.788+0000] {logging_mixin.py:188} INFO - [2025-10-16T16:58:48.788+0000] {dagbag.py:545} INFO - Filling up the DagBag from /opt/airflow/dags/daily_crypto_analysis_dag.py
[2025-10-16T16:58:48.951+0000] {processor.py:840} INFO - DAG(s) 'daily_crypto_analysis' retrieved from /opt/airflow/dags/daily_crypto_analysis_dag.py
[2025-10-16T16:58:48.965+0000] {logging_mixin.py:188} INFO - [2025-10-16T16:58:48.965+0000] {dag.py:3089} INFO - Sync 1 DAGs
[2025-10-16T16:58:48.975+0000] {logging_mixin.py:188} INFO - [2025-10-16T16:58:48.975+0000] {dag.py:3947} INFO - Setting next_dagrun for daily_crypto_analysis to 2025-10-16 06:00:00+00:00, run_after=2025-10-17 06:00:00+00:00
[2025-10-16T16:58:48.982+0000] {processor.py:183} INFO - Processing /opt/airflow/dags/daily_crypto_analysis_dag.py took 0.205 seconds
[2025-10-16T16:59:19.020+0000] {processor.py:161} INFO - Started process (PID=438) to work on /opt/airflow/dags/daily_crypto_analysis_dag.py
[2025-10-16T16:59:19.021+0000] {processor.py:830} INFO - Processing file /opt/airflow/dags/daily_crypto_analysis_dag.py for tasks to queue
[2025-10-16T16:59:19.023+0000] {logging_mixin.py:188} INFO - [2025-10-16T16:59:19.023+0000] {dagbag.py:545} INFO - Filling up the DagBag from /opt/airflow/dags/daily_crypto_analysis_dag.py
[2025-10-16T16:59:19.174+0000] {processor.py:840} INFO - DAG(s) 'daily_crypto_analysis' retrieved from /opt/airflow/dags/daily_crypto_analysis_dag.py
[2025-10-16T16:59:19.187+0000] {logging_mixin.py:188} INFO - [2025-10-16T16:59:19.187+0000] {dag.py:3089} INFO - Sync 1 DAGs
[2025-10-16T16:59:19.196+0000] {logging_mixin.py:188} INFO - [2025-10-16T16:59:19.196+0000] {dag.py:3947} INFO - Setting next_dagrun for daily_crypto_analysis to 2025-10-16 06:00:00+00:00, run_after=2025-10-17 06:00:00+00:00
[2025-10-16T16:59:19.202+0000] {processor.py:183} INFO - Processing /opt/airflow/dags/daily_crypto_analysis_dag.py took 0.190 seconds
[2025-10-16T16:59:50.215+0000] {processor.py:161} INFO - Started process (PID=449) to work on /opt/airflow/dags/daily_crypto_analysis_dag.py
[2025-10-16T16:59:50.216+0000] {processor.py:830} INFO - Processing file /opt/airflow/dags/daily_crypto_analysis_dag.py for tasks to queue
[2025-10-16T16:59:50.218+0000] {logging_mixin.py:188} INFO - [2025-10-16T16:59:50.217+0000] {dagbag.py:545} INFO - Filling up the DagBag from /opt/airflow/dags/daily_crypto_analysis_dag.py
[2025-10-16T16:59:50.341+0000] {processor.py:840} INFO - DAG(s) 'daily_crypto_analysis' retrieved from /opt/airflow/dags/daily_crypto_analysis_dag.py
[2025-10-16T16:59:50.351+0000] {logging_mixin.py:188} INFO - [2025-10-16T16:59:50.350+0000] {dag.py:3089} INFO - Sync 1 DAGs
[2025-10-16T16:59:50.357+0000] {logging_mixin.py:188} INFO - [2025-10-16T16:59:50.357+0000] {dag.py:3947} INFO - Setting next_dagrun for daily_crypto_analysis to 2025-10-16 06:00:00+00:00, run_after=2025-10-17 06:00:00+00:00
[2025-10-16T16:59:50.363+0000] {processor.py:183} INFO - Processing /opt/airflow/dags/daily_crypto_analysis_dag.py took 0.151 seconds
[2025-10-16T17:00:20.521+0000] {processor.py:161} INFO - Started process (PID=460) to work on /opt/airflow/dags/daily_crypto_analysis_dag.py
[2025-10-16T17:00:20.522+0000] {processor.py:830} INFO - Processing file /opt/airflow/dags/daily_crypto_analysis_dag.py for tasks to queue
[2025-10-16T17:00:20.524+0000] {logging_mixin.py:188} INFO - [2025-10-16T17:00:20.523+0000] {dagbag.py:545} INFO - Filling up the DagBag from /opt/airflow/dags/daily_crypto_analysis_dag.py
[2025-10-16T17:00:20.672+0000] {processor.py:840} INFO - DAG(s) 'daily_crypto_analysis' retrieved from /opt/airflow/dags/daily_crypto_analysis_dag.py
[2025-10-16T17:00:20.683+0000] {logging_mixin.py:188} INFO - [2025-10-16T17:00:20.682+0000] {dag.py:3089} INFO - Sync 1 DAGs
[2025-10-16T17:00:20.689+0000] {logging_mixin.py:188} INFO - [2025-10-16T17:00:20.689+0000] {dag.py:3947} INFO - Setting next_dagrun for daily_crypto_analysis to 2025-10-16 06:00:00+00:00, run_after=2025-10-17 06:00:00+00:00
[2025-10-16T17:00:20.782+0000] {processor.py:183} INFO - Processing /opt/airflow/dags/daily_crypto_analysis_dag.py took 0.268 seconds
[2025-10-16T17:00:50.867+0000] {processor.py:161} INFO - Started process (PID=476) to work on /opt/airflow/dags/daily_crypto_analysis_dag.py
[2025-10-16T17:00:50.868+0000] {processor.py:830} INFO - Processing file /opt/airflow/dags/daily_crypto_analysis_dag.py for tasks to queue
[2025-10-16T17:00:50.868+0000] {logging_mixin.py:188} INFO - [2025-10-16T17:00:50.868+0000] {dagbag.py:545} INFO - Filling up the DagBag from /opt/airflow/dags/daily_crypto_analysis_dag.py
[2025-10-16T17:00:50.984+0000] {processor.py:840} INFO - DAG(s) 'daily_crypto_analysis' retrieved from /opt/airflow/dags/daily_crypto_analysis_dag.py
[2025-10-16T17:00:50.995+0000] {logging_mixin.py:188} INFO - [2025-10-16T17:00:50.995+0000] {dag.py:3089} INFO - Sync 1 DAGs
[2025-10-16T17:00:51.062+0000] {logging_mixin.py:188} INFO - [2025-10-16T17:00:51.062+0000] {dag.py:3947} INFO - Setting next_dagrun for daily_crypto_analysis to 2025-10-16 06:00:00+00:00, run_after=2025-10-17 06:00:00+00:00
[2025-10-16T17:00:51.068+0000] {processor.py:183} INFO - Processing /opt/airflow/dags/daily_crypto_analysis_dag.py took 0.203 seconds
[2025-10-16T17:01:21.148+0000] {processor.py:161} INFO - Started process (PID=487) to work on /opt/airflow/dags/daily_crypto_analysis_dag.py
[2025-10-16T17:01:21.148+0000] {processor.py:830} INFO - Processing file /opt/airflow/dags/daily_crypto_analysis_dag.py for tasks to queue
[2025-10-16T17:01:21.149+0000] {logging_mixin.py:188} INFO - [2025-10-16T17:01:21.149+0000] {dagbag.py:545} INFO - Filling up the DagBag from /opt/airflow/dags/daily_crypto_analysis_dag.py
[2025-10-16T17:01:21.308+0000] {processor.py:840} INFO - DAG(s) 'daily_crypto_analysis' retrieved from /opt/airflow/dags/daily_crypto_analysis_dag.py
[2025-10-16T17:01:21.320+0000] {logging_mixin.py:188} INFO - [2025-10-16T17:01:21.320+0000] {dag.py:3089} INFO - Sync 1 DAGs
[2025-10-16T17:01:21.330+0000] {logging_mixin.py:188} INFO - [2025-10-16T17:01:21.329+0000] {dag.py:3947} INFO - Setting next_dagrun for daily_crypto_analysis to 2025-10-16 06:00:00+00:00, run_after=2025-10-17 06:00:00+00:00
[2025-10-16T17:01:21.336+0000] {processor.py:183} INFO - Processing /opt/airflow/dags/daily_crypto_analysis_dag.py took 0.191 seconds
[2025-10-16T17:01:51.469+0000] {processor.py:161} INFO - Started process (PID=498) to work on /opt/airflow/dags/daily_crypto_analysis_dag.py
[2025-10-16T17:01:51.470+0000] {processor.py:830} INFO - Processing file /opt/airflow/dags/daily_crypto_analysis_dag.py for tasks to queue
[2025-10-16T17:01:51.471+0000] {logging_mixin.py:188} INFO - [2025-10-16T17:01:51.471+0000] {dagbag.py:545} INFO - Filling up the DagBag from /opt/airflow/dags/daily_crypto_analysis_dag.py
[2025-10-16T17:01:51.646+0000] {processor.py:840} INFO - DAG(s) 'daily_crypto_analysis' retrieved from /opt/airflow/dags/daily_crypto_analysis_dag.py
[2025-10-16T17:01:51.659+0000] {logging_mixin.py:188} INFO - [2025-10-16T17:01:51.659+0000] {dag.py:3089} INFO - Sync 1 DAGs
[2025-10-16T17:01:51.668+0000] {logging_mixin.py:188} INFO - [2025-10-16T17:01:51.668+0000] {dag.py:3947} INFO - Setting next_dagrun for daily_crypto_analysis to 2025-10-16 06:00:00+00:00, run_after=2025-10-17 06:00:00+00:00
[2025-10-16T17:01:51.675+0000] {processor.py:183} INFO - Processing /opt/airflow/dags/daily_crypto_analysis_dag.py took 0.210 seconds
[2025-10-16T17:02:21.756+0000] {processor.py:161} INFO - Started process (PID=509) to work on /opt/airflow/dags/daily_crypto_analysis_dag.py
[2025-10-16T17:02:21.756+0000] {processor.py:830} INFO - Processing file /opt/airflow/dags/daily_crypto_analysis_dag.py for tasks to queue
[2025-10-16T17:02:21.757+0000] {logging_mixin.py:188} INFO - [2025-10-16T17:02:21.757+0000] {dagbag.py:545} INFO - Filling up the DagBag from /opt/airflow/dags/daily_crypto_analysis_dag.py
[2025-10-16T17:02:21.862+0000] {processor.py:840} INFO - DAG(s) 'daily_crypto_analysis' retrieved from /opt/airflow/dags/daily_crypto_analysis_dag.py
[2025-10-16T17:02:21.873+0000] {logging_mixin.py:188} INFO - [2025-10-16T17:02:21.873+0000] {dag.py:3089} INFO - Sync 1 DAGs
[2025-10-16T17:02:21.880+0000] {logging_mixin.py:188} INFO - [2025-10-16T17:02:21.880+0000] {dag.py:3947} INFO - Setting next_dagrun for daily_crypto_analysis to 2025-10-16 06:00:00+00:00, run_after=2025-10-17 06:00:00+00:00
[2025-10-16T17:02:21.886+0000] {processor.py:183} INFO - Processing /opt/airflow/dags/daily_crypto_analysis_dag.py took 0.134 seconds
[2025-10-16T17:02:52.007+0000] {processor.py:161} INFO - Started process (PID=529) to work on /opt/airflow/dags/daily_crypto_analysis_dag.py
[2025-10-16T17:02:52.009+0000] {processor.py:830} INFO - Processing file /opt/airflow/dags/daily_crypto_analysis_dag.py for tasks to queue
[2025-10-16T17:02:52.011+0000] {logging_mixin.py:188} INFO - [2025-10-16T17:02:52.011+0000] {dagbag.py:545} INFO - Filling up the DagBag from /opt/airflow/dags/daily_crypto_analysis_dag.py
[2025-10-16T17:02:52.172+0000] {processor.py:840} INFO - DAG(s) 'daily_crypto_analysis' retrieved from /opt/airflow/dags/daily_crypto_analysis_dag.py
[2025-10-16T17:02:52.182+0000] {logging_mixin.py:188} INFO - [2025-10-16T17:02:52.182+0000] {dag.py:3089} INFO - Sync 1 DAGs
[2025-10-16T17:02:52.272+0000] {logging_mixin.py:188} INFO - [2025-10-16T17:02:52.272+0000] {dag.py:3947} INFO - Setting next_dagrun for daily_crypto_analysis to 2025-10-16 06:00:00+00:00, run_after=2025-10-17 06:00:00+00:00
[2025-10-16T17:02:52.278+0000] {processor.py:183} INFO - Processing /opt/airflow/dags/daily_crypto_analysis_dag.py took 0.277 seconds
[2025-10-16T17:03:22.323+0000] {processor.py:161} INFO - Started process (PID=545) to work on /opt/airflow/dags/daily_crypto_analysis_dag.py
[2025-10-16T17:03:22.324+0000] {processor.py:830} INFO - Processing file /opt/airflow/dags/daily_crypto_analysis_dag.py for tasks to queue
[2025-10-16T17:03:22.324+0000] {logging_mixin.py:188} INFO - [2025-10-16T17:03:22.324+0000] {dagbag.py:545} INFO - Filling up the DagBag from /opt/airflow/dags/daily_crypto_analysis_dag.py
[2025-10-16T17:03:22.445+0000] {processor.py:840} INFO - DAG(s) 'daily_crypto_analysis' retrieved from /opt/airflow/dags/daily_crypto_analysis_dag.py
[2025-10-16T17:03:22.457+0000] {logging_mixin.py:188} INFO - [2025-10-16T17:03:22.457+0000] {dag.py:3089} INFO - Sync 1 DAGs
[2025-10-16T17:03:22.540+0000] {logging_mixin.py:188} INFO - [2025-10-16T17:03:22.540+0000] {dag.py:3947} INFO - Setting next_dagrun for daily_crypto_analysis to 2025-10-16 06:00:00+00:00, run_after=2025-10-17 06:00:00+00:00
[2025-10-16T17:03:22.546+0000] {processor.py:183} INFO - Processing /opt/airflow/dags/daily_crypto_analysis_dag.py took 0.226 seconds
[2025-10-16T17:03:52.621+0000] {processor.py:161} INFO - Started process (PID=556) to work on /opt/airflow/dags/daily_crypto_analysis_dag.py
[2025-10-16T17:03:52.621+0000] {processor.py:830} INFO - Processing file /opt/airflow/dags/daily_crypto_analysis_dag.py for tasks to queue
[2025-10-16T17:03:52.622+0000] {logging_mixin.py:188} INFO - [2025-10-16T17:03:52.622+0000] {dagbag.py:545} INFO - Filling up the DagBag from /opt/airflow/dags/daily_crypto_analysis_dag.py
[2025-10-16T17:03:52.775+0000] {processor.py:840} INFO - DAG(s) 'daily_crypto_analysis' retrieved from /opt/airflow/dags/daily_crypto_analysis_dag.py
[2025-10-16T17:03:52.786+0000] {logging_mixin.py:188} INFO - [2025-10-16T17:03:52.786+0000] {dag.py:3089} INFO - Sync 1 DAGs
[2025-10-16T17:03:52.794+0000] {logging_mixin.py:188} INFO - [2025-10-16T17:03:52.794+0000] {dag.py:3947} INFO - Setting next_dagrun for daily_crypto_analysis to 2025-10-16 06:00:00+00:00, run_after=2025-10-17 06:00:00+00:00
[2025-10-16T17:03:52.800+0000] {processor.py:183} INFO - Processing /opt/airflow/dags/daily_crypto_analysis_dag.py took 0.182 seconds
[2025-10-16T17:04:22.833+0000] {processor.py:161} INFO - Started process (PID=562) to work on /opt/airflow/dags/daily_crypto_analysis_dag.py
[2025-10-16T17:04:22.834+0000] {processor.py:830} INFO - Processing file /opt/airflow/dags/daily_crypto_analysis_dag.py for tasks to queue
[2025-10-16T17:04:22.835+0000] {logging_mixin.py:188} INFO - [2025-10-16T17:04:22.835+0000] {dagbag.py:545} INFO - Filling up the DagBag from /opt/airflow/dags/daily_crypto_analysis_dag.py
[2025-10-16T17:04:22.950+0000] {processor.py:840} INFO - DAG(s) 'daily_crypto_analysis' retrieved from /opt/airflow/dags/daily_crypto_analysis_dag.py
[2025-10-16T17:04:22.961+0000] {logging_mixin.py:188} INFO - [2025-10-16T17:04:22.960+0000] {dag.py:3089} INFO - Sync 1 DAGs
[2025-10-16T17:04:22.967+0000] {logging_mixin.py:188} INFO - [2025-10-16T17:04:22.967+0000] {dag.py:3947} INFO - Setting next_dagrun for daily_crypto_analysis to 2025-10-16 06:00:00+00:00, run_after=2025-10-17 06:00:00+00:00
[2025-10-16T17:04:22.973+0000] {processor.py:183} INFO - Processing /opt/airflow/dags/daily_crypto_analysis_dag.py took 0.142 seconds
[2025-10-16T17:04:53.119+0000] {processor.py:161} INFO - Started process (PID=573) to work on /opt/airflow/dags/daily_crypto_analysis_dag.py
[2025-10-16T17:04:53.120+0000] {processor.py:830} INFO - Processing file /opt/airflow/dags/daily_crypto_analysis_dag.py for tasks to queue
[2025-10-16T17:04:53.121+0000] {logging_mixin.py:188} INFO - [2025-10-16T17:04:53.121+0000] {dagbag.py:545} INFO - Filling up the DagBag from /opt/airflow/dags/daily_crypto_analysis_dag.py
[2025-10-16T17:04:53.249+0000] {processor.py:840} INFO - DAG(s) 'daily_crypto_analysis' retrieved from /opt/airflow/dags/daily_crypto_analysis_dag.py
[2025-10-16T17:04:53.259+0000] {logging_mixin.py:188} INFO - [2025-10-16T17:04:53.259+0000] {dag.py:3089} INFO - Sync 1 DAGs
[2025-10-16T17:04:53.265+0000] {logging_mixin.py:188} INFO - [2025-10-16T17:04:53.265+0000] {dag.py:3947} INFO - Setting next_dagrun for daily_crypto_analysis to 2025-10-16 06:00:00+00:00, run_after=2025-10-17 06:00:00+00:00
[2025-10-16T17:04:53.352+0000] {processor.py:183} INFO - Processing /opt/airflow/dags/daily_crypto_analysis_dag.py took 0.239 seconds
[2025-10-16T17:05:23.415+0000] {processor.py:161} INFO - Started process (PID=584) to work on /opt/airflow/dags/daily_crypto_analysis_dag.py
[2025-10-16T17:05:23.416+0000] {processor.py:830} INFO - Processing file /opt/airflow/dags/daily_crypto_analysis_dag.py for tasks to queue
[2025-10-16T17:05:23.417+0000] {logging_mixin.py:188} INFO - [2025-10-16T17:05:23.417+0000] {dagbag.py:545} INFO - Filling up the DagBag from /opt/airflow/dags/daily_crypto_analysis_dag.py
[2025-10-16T17:05:23.550+0000] {processor.py:840} INFO - DAG(s) 'daily_crypto_analysis' retrieved from /opt/airflow/dags/daily_crypto_analysis_dag.py
[2025-10-16T17:05:23.559+0000] {logging_mixin.py:188} INFO - [2025-10-16T17:05:23.559+0000] {dag.py:3089} INFO - Sync 1 DAGs
[2025-10-16T17:05:23.624+0000] {logging_mixin.py:188} INFO - [2025-10-16T17:05:23.624+0000] {dag.py:3947} INFO - Setting next_dagrun for daily_crypto_analysis to 2025-10-16 06:00:00+00:00, run_after=2025-10-17 06:00:00+00:00
[2025-10-16T17:05:23.629+0000] {processor.py:183} INFO - Processing /opt/airflow/dags/daily_crypto_analysis_dag.py took 0.221 seconds
[2025-10-16T17:05:53.745+0000] {processor.py:161} INFO - Started process (PID=595) to work on /opt/airflow/dags/daily_crypto_analysis_dag.py
[2025-10-16T17:05:53.746+0000] {processor.py:830} INFO - Processing file /opt/airflow/dags/daily_crypto_analysis_dag.py for tasks to queue
[2025-10-16T17:05:53.748+0000] {logging_mixin.py:188} INFO - [2025-10-16T17:05:53.748+0000] {dagbag.py:545} INFO - Filling up the DagBag from /opt/airflow/dags/daily_crypto_analysis_dag.py
[2025-10-16T17:05:53.899+0000] {processor.py:840} INFO - DAG(s) 'daily_crypto_analysis' retrieved from /opt/airflow/dags/daily_crypto_analysis_dag.py
[2025-10-16T17:05:53.909+0000] {logging_mixin.py:188} INFO - [2025-10-16T17:05:53.909+0000] {dag.py:3089} INFO - Sync 1 DAGs
[2025-10-16T17:05:53.975+0000] {logging_mixin.py:188} INFO - [2025-10-16T17:05:53.975+0000] {dag.py:3947} INFO - Setting next_dagrun for daily_crypto_analysis to 2025-10-16 06:00:00+00:00, run_after=2025-10-17 06:00:00+00:00
[2025-10-16T17:05:53.980+0000] {processor.py:183} INFO - Processing /opt/airflow/dags/daily_crypto_analysis_dag.py took 0.242 seconds
[2025-10-16T17:06:24.045+0000] {processor.py:161} INFO - Started process (PID=618) to work on /opt/airflow/dags/daily_crypto_analysis_dag.py
[2025-10-16T17:06:24.046+0000] {processor.py:830} INFO - Processing file /opt/airflow/dags/daily_crypto_analysis_dag.py for tasks to queue
[2025-10-16T17:06:24.047+0000] {logging_mixin.py:188} INFO - [2025-10-16T17:06:24.047+0000] {dagbag.py:545} INFO - Filling up the DagBag from /opt/airflow/dags/daily_crypto_analysis_dag.py
[2025-10-16T17:06:24.173+0000] {processor.py:840} INFO - DAG(s) 'daily_crypto_analysis' retrieved from /opt/airflow/dags/daily_crypto_analysis_dag.py
[2025-10-16T17:06:24.183+0000] {logging_mixin.py:188} INFO - [2025-10-16T17:06:24.183+0000] {dag.py:3089} INFO - Sync 1 DAGs
[2025-10-16T17:06:24.189+0000] {logging_mixin.py:188} INFO - [2025-10-16T17:06:24.189+0000] {dag.py:3947} INFO - Setting next_dagrun for daily_crypto_analysis to 2025-10-16 06:00:00+00:00, run_after=2025-10-17 06:00:00+00:00
[2025-10-16T17:06:24.194+0000] {processor.py:183} INFO - Processing /opt/airflow/dags/daily_crypto_analysis_dag.py took 0.154 seconds
[2025-10-16T17:06:54.314+0000] {processor.py:161} INFO - Started process (PID=629) to work on /opt/airflow/dags/daily_crypto_analysis_dag.py
[2025-10-16T17:06:54.315+0000] {processor.py:830} INFO - Processing file /opt/airflow/dags/daily_crypto_analysis_dag.py for tasks to queue
[2025-10-16T17:06:54.317+0000] {logging_mixin.py:188} INFO - [2025-10-16T17:06:54.317+0000] {dagbag.py:545} INFO - Filling up the DagBag from /opt/airflow/dags/daily_crypto_analysis_dag.py
[2025-10-16T17:06:54.473+0000] {processor.py:840} INFO - DAG(s) 'daily_crypto_analysis' retrieved from /opt/airflow/dags/daily_crypto_analysis_dag.py
[2025-10-16T17:06:54.484+0000] {logging_mixin.py:188} INFO - [2025-10-16T17:06:54.484+0000] {dag.py:3089} INFO - Sync 1 DAGs
[2025-10-16T17:06:54.491+0000] {logging_mixin.py:188} INFO - [2025-10-16T17:06:54.491+0000] {dag.py:3947} INFO - Setting next_dagrun for daily_crypto_analysis to 2025-10-16 06:00:00+00:00, run_after=2025-10-17 06:00:00+00:00
[2025-10-16T17:06:54.496+0000] {processor.py:183} INFO - Processing /opt/airflow/dags/daily_crypto_analysis_dag.py took 0.189 seconds
[2025-10-16T17:07:24.628+0000] {processor.py:161} INFO - Started process (PID=640) to work on /opt/airflow/dags/daily_crypto_analysis_dag.py
[2025-10-16T17:07:24.629+0000] {processor.py:830} INFO - Processing file /opt/airflow/dags/daily_crypto_analysis_dag.py for tasks to queue
[2025-10-16T17:07:24.630+0000] {logging_mixin.py:188} INFO - [2025-10-16T17:07:24.630+0000] {dagbag.py:545} INFO - Filling up the DagBag from /opt/airflow/dags/daily_crypto_analysis_dag.py
[2025-10-16T17:07:24.789+0000] {processor.py:840} INFO - DAG(s) 'daily_crypto_analysis' retrieved from /opt/airflow/dags/daily_crypto_analysis_dag.py
[2025-10-16T17:07:24.800+0000] {logging_mixin.py:188} INFO - [2025-10-16T17:07:24.800+0000] {dag.py:3089} INFO - Sync 1 DAGs
[2025-10-16T17:07:24.808+0000] {logging_mixin.py:188} INFO - [2025-10-16T17:07:24.807+0000] {dag.py:3947} INFO - Setting next_dagrun for daily_crypto_analysis to 2025-10-16 06:00:00+00:00, run_after=2025-10-17 06:00:00+00:00
[2025-10-16T17:07:24.900+0000] {processor.py:183} INFO - Processing /opt/airflow/dags/daily_crypto_analysis_dag.py took 0.279 seconds
[2025-10-16T17:07:54.990+0000] {processor.py:161} INFO - Started process (PID=656) to work on /opt/airflow/dags/daily_crypto_analysis_dag.py
[2025-10-16T17:07:54.991+0000] {processor.py:830} INFO - Processing file /opt/airflow/dags/daily_crypto_analysis_dag.py for tasks to queue
[2025-10-16T17:07:54.992+0000] {logging_mixin.py:188} INFO - [2025-10-16T17:07:54.992+0000] {dagbag.py:545} INFO - Filling up the DagBag from /opt/airflow/dags/daily_crypto_analysis_dag.py
[2025-10-16T17:07:55.132+0000] {processor.py:840} INFO - DAG(s) 'daily_crypto_analysis' retrieved from /opt/airflow/dags/daily_crypto_analysis_dag.py
[2025-10-16T17:07:55.145+0000] {logging_mixin.py:188} INFO - [2025-10-16T17:07:55.145+0000] {dag.py:3089} INFO - Sync 1 DAGs
[2025-10-16T17:07:55.233+0000] {logging_mixin.py:188} INFO - [2025-10-16T17:07:55.233+0000] {dag.py:3947} INFO - Setting next_dagrun for daily_crypto_analysis to 2025-10-16 06:00:00+00:00, run_after=2025-10-17 06:00:00+00:00
[2025-10-16T17:07:55.239+0000] {processor.py:183} INFO - Processing /opt/airflow/dags/daily_crypto_analysis_dag.py took 0.254 seconds
[2025-10-16T17:08:26.197+0000] {processor.py:161} INFO - Started process (PID=667) to work on /opt/airflow/dags/daily_crypto_analysis_dag.py
[2025-10-16T17:08:26.197+0000] {processor.py:830} INFO - Processing file /opt/airflow/dags/daily_crypto_analysis_dag.py for tasks to queue
[2025-10-16T17:08:26.199+0000] {logging_mixin.py:188} INFO - [2025-10-16T17:08:26.198+0000] {dagbag.py:545} INFO - Filling up the DagBag from /opt/airflow/dags/daily_crypto_analysis_dag.py
[2025-10-16T17:08:26.319+0000] {processor.py:840} INFO - DAG(s) 'daily_crypto_analysis' retrieved from /opt/airflow/dags/daily_crypto_analysis_dag.py
[2025-10-16T17:08:26.329+0000] {logging_mixin.py:188} INFO - [2025-10-16T17:08:26.329+0000] {dag.py:3089} INFO - Sync 1 DAGs
[2025-10-16T17:08:26.336+0000] {logging_mixin.py:188} INFO - [2025-10-16T17:08:26.336+0000] {dag.py:3947} INFO - Setting next_dagrun for daily_crypto_analysis to 2025-10-16 06:00:00+00:00, run_after=2025-10-17 06:00:00+00:00
[2025-10-16T17:08:26.342+0000] {processor.py:183} INFO - Processing /opt/airflow/dags/daily_crypto_analysis_dag.py took 0.149 seconds
[2025-10-16T17:08:56.482+0000] {processor.py:161} INFO - Started process (PID=678) to work on /opt/airflow/dags/daily_crypto_analysis_dag.py
[2025-10-16T17:08:56.483+0000] {processor.py:830} INFO - Processing file /opt/airflow/dags/daily_crypto_analysis_dag.py for tasks to queue
[2025-10-16T17:08:56.485+0000] {logging_mixin.py:188} INFO - [2025-10-16T17:08:56.484+0000] {dagbag.py:545} INFO - Filling up the DagBag from /opt/airflow/dags/daily_crypto_analysis_dag.py
[2025-10-16T17:08:56.620+0000] {processor.py:840} INFO - DAG(s) 'daily_crypto_analysis' retrieved from /opt/airflow/dags/daily_crypto_analysis_dag.py
[2025-10-16T17:08:56.631+0000] {logging_mixin.py:188} INFO - [2025-10-16T17:08:56.631+0000] {dag.py:3089} INFO - Sync 1 DAGs
[2025-10-16T17:08:56.639+0000] {logging_mixin.py:188} INFO - [2025-10-16T17:08:56.639+0000] {dag.py:3947} INFO - Setting next_dagrun for daily_crypto_analysis to 2025-10-16 06:00:00+00:00, run_after=2025-10-17 06:00:00+00:00
[2025-10-16T17:08:56.644+0000] {processor.py:183} INFO - Processing /opt/airflow/dags/daily_crypto_analysis_dag.py took 0.167 seconds
[2025-10-16T17:09:26.796+0000] {processor.py:161} INFO - Started process (PID=689) to work on /opt/airflow/dags/daily_crypto_analysis_dag.py
[2025-10-16T17:09:26.797+0000] {processor.py:830} INFO - Processing file /opt/airflow/dags/daily_crypto_analysis_dag.py for tasks to queue
[2025-10-16T17:09:26.798+0000] {logging_mixin.py:188} INFO - [2025-10-16T17:09:26.798+0000] {dagbag.py:545} INFO - Filling up the DagBag from /opt/airflow/dags/daily_crypto_analysis_dag.py
[2025-10-16T17:09:26.936+0000] {processor.py:840} INFO - DAG(s) 'daily_crypto_analysis' retrieved from /opt/airflow/dags/daily_crypto_analysis_dag.py
[2025-10-16T17:09:26.947+0000] {logging_mixin.py:188} INFO - [2025-10-16T17:09:26.946+0000] {dag.py:3089} INFO - Sync 1 DAGs
[2025-10-16T17:09:26.954+0000] {logging_mixin.py:188} INFO - [2025-10-16T17:09:26.954+0000] {dag.py:3947} INFO - Setting next_dagrun for daily_crypto_analysis to 2025-10-16 06:00:00+00:00, run_after=2025-10-17 06:00:00+00:00
[2025-10-16T17:09:27.033+0000] {processor.py:183} INFO - Processing /opt/airflow/dags/daily_crypto_analysis_dag.py took 0.242 seconds
[2025-10-16T17:09:57.107+0000] {processor.py:161} INFO - Started process (PID=700) to work on /opt/airflow/dags/daily_crypto_analysis_dag.py
[2025-10-16T17:09:57.108+0000] {processor.py:830} INFO - Processing file /opt/airflow/dags/daily_crypto_analysis_dag.py for tasks to queue
[2025-10-16T17:09:57.109+0000] {logging_mixin.py:188} INFO - [2025-10-16T17:09:57.109+0000] {dagbag.py:545} INFO - Filling up the DagBag from /opt/airflow/dags/daily_crypto_analysis_dag.py
[2025-10-16T17:09:57.232+0000] {processor.py:840} INFO - DAG(s) 'daily_crypto_analysis' retrieved from /opt/airflow/dags/daily_crypto_analysis_dag.py
[2025-10-16T17:09:57.242+0000] {logging_mixin.py:188} INFO - [2025-10-16T17:09:57.242+0000] {dag.py:3089} INFO - Sync 1 DAGs
[2025-10-16T17:09:57.306+0000] {logging_mixin.py:188} INFO - [2025-10-16T17:09:57.306+0000] {dag.py:3947} INFO - Setting next_dagrun for daily_crypto_analysis to 2025-10-16 06:00:00+00:00, run_after=2025-10-17 06:00:00+00:00
[2025-10-16T17:09:57.311+0000] {processor.py:183} INFO - Processing /opt/airflow/dags/daily_crypto_analysis_dag.py took 0.209 seconds
[2025-10-16T17:10:27.368+0000] {processor.py:161} INFO - Started process (PID=711) to work on /opt/airflow/dags/daily_crypto_analysis_dag.py
[2025-10-16T17:10:27.368+0000] {processor.py:830} INFO - Processing file /opt/airflow/dags/daily_crypto_analysis_dag.py for tasks to queue
[2025-10-16T17:10:27.370+0000] {logging_mixin.py:188} INFO - [2025-10-16T17:10:27.370+0000] {dagbag.py:545} INFO - Filling up the DagBag from /opt/airflow/dags/daily_crypto_analysis_dag.py
[2025-10-16T17:10:27.493+0000] {processor.py:840} INFO - DAG(s) 'daily_crypto_analysis' retrieved from /opt/airflow/dags/daily_crypto_analysis_dag.py
[2025-10-16T17:10:27.505+0000] {logging_mixin.py:188} INFO - [2025-10-16T17:10:27.504+0000] {dag.py:3089} INFO - Sync 1 DAGs
[2025-10-16T17:10:27.571+0000] {logging_mixin.py:188} INFO - [2025-10-16T17:10:27.571+0000] {dag.py:3947} INFO - Setting next_dagrun for daily_crypto_analysis to 2025-10-16 06:00:00+00:00, run_after=2025-10-17 06:00:00+00:00
[2025-10-16T17:10:27.576+0000] {processor.py:183} INFO - Processing /opt/airflow/dags/daily_crypto_analysis_dag.py took 0.214 seconds
[2025-10-16T17:10:57.686+0000] {processor.py:161} INFO - Started process (PID=722) to work on /opt/airflow/dags/daily_crypto_analysis_dag.py
[2025-10-16T17:10:57.687+0000] {processor.py:830} INFO - Processing file /opt/airflow/dags/daily_crypto_analysis_dag.py for tasks to queue
[2025-10-16T17:10:57.688+0000] {logging_mixin.py:188} INFO - [2025-10-16T17:10:57.688+0000] {dagbag.py:545} INFO - Filling up the DagBag from /opt/airflow/dags/daily_crypto_analysis_dag.py
[2025-10-16T17:10:57.806+0000] {processor.py:840} INFO - DAG(s) 'daily_crypto_analysis' retrieved from /opt/airflow/dags/daily_crypto_analysis_dag.py
[2025-10-16T17:10:57.818+0000] {logging_mixin.py:188} INFO - [2025-10-16T17:10:57.817+0000] {dag.py:3089} INFO - Sync 1 DAGs
[2025-10-16T17:10:57.825+0000] {logging_mixin.py:188} INFO - [2025-10-16T17:10:57.825+0000] {dag.py:3947} INFO - Setting next_dagrun for daily_crypto_analysis to 2025-10-16 06:00:00+00:00, run_after=2025-10-17 06:00:00+00:00
[2025-10-16T17:10:57.831+0000] {processor.py:183} INFO - Processing /opt/airflow/dags/daily_crypto_analysis_dag.py took 0.148 seconds
[2025-10-16T17:11:28.047+0000] {processor.py:161} INFO - Started process (PID=733) to work on /opt/airflow/dags/daily_crypto_analysis_dag.py
[2025-10-16T17:11:28.047+0000] {processor.py:830} INFO - Processing file /opt/airflow/dags/daily_crypto_analysis_dag.py for tasks to queue
[2025-10-16T17:11:28.049+0000] {logging_mixin.py:188} INFO - [2025-10-16T17:11:28.048+0000] {dagbag.py:545} INFO - Filling up the DagBag from /opt/airflow/dags/daily_crypto_analysis_dag.py
[2025-10-16T17:11:28.209+0000] {processor.py:840} INFO - DAG(s) 'daily_crypto_analysis' retrieved from /opt/airflow/dags/daily_crypto_analysis_dag.py
[2025-10-16T17:11:28.221+0000] {logging_mixin.py:188} INFO - [2025-10-16T17:11:28.221+0000] {dag.py:3089} INFO - Sync 1 DAGs
[2025-10-16T17:11:28.232+0000] {logging_mixin.py:188} INFO - [2025-10-16T17:11:28.232+0000] {dag.py:3947} INFO - Setting next_dagrun for daily_crypto_analysis to 2025-10-16 06:00:00+00:00, run_after=2025-10-17 06:00:00+00:00
[2025-10-16T17:11:28.238+0000] {processor.py:183} INFO - Processing /opt/airflow/dags/daily_crypto_analysis_dag.py took 0.196 seconds
[2025-10-16T17:11:58.443+0000] {processor.py:161} INFO - Started process (PID=744) to work on /opt/airflow/dags/daily_crypto_analysis_dag.py
[2025-10-16T17:11:58.443+0000] {processor.py:830} INFO - Processing file /opt/airflow/dags/daily_crypto_analysis_dag.py for tasks to queue
[2025-10-16T17:11:58.445+0000] {logging_mixin.py:188} INFO - [2025-10-16T17:11:58.444+0000] {dagbag.py:545} INFO - Filling up the DagBag from /opt/airflow/dags/daily_crypto_analysis_dag.py
[2025-10-16T17:11:58.566+0000] {processor.py:840} INFO - DAG(s) 'daily_crypto_analysis' retrieved from /opt/airflow/dags/daily_crypto_analysis_dag.py
[2025-10-16T17:11:58.576+0000] {logging_mixin.py:188} INFO - [2025-10-16T17:11:58.576+0000] {dag.py:3089} INFO - Sync 1 DAGs
[2025-10-16T17:11:58.584+0000] {logging_mixin.py:188} INFO - [2025-10-16T17:11:58.584+0000] {dag.py:3947} INFO - Setting next_dagrun for daily_crypto_analysis to 2025-10-16 06:00:00+00:00, run_after=2025-10-17 06:00:00+00:00
[2025-10-16T17:11:58.693+0000] {processor.py:183} INFO - Processing /opt/airflow/dags/daily_crypto_analysis_dag.py took 0.255 seconds
[2025-10-16T17:12:28.725+0000] {processor.py:161} INFO - Started process (PID=755) to work on /opt/airflow/dags/daily_crypto_analysis_dag.py
[2025-10-16T17:12:28.726+0000] {processor.py:830} INFO - Processing file /opt/airflow/dags/daily_crypto_analysis_dag.py for tasks to queue
[2025-10-16T17:12:28.727+0000] {logging_mixin.py:188} INFO - [2025-10-16T17:12:28.727+0000] {dagbag.py:545} INFO - Filling up the DagBag from /opt/airflow/dags/daily_crypto_analysis_dag.py
[2025-10-16T17:12:28.935+0000] {processor.py:840} INFO - DAG(s) 'daily_crypto_analysis' retrieved from /opt/airflow/dags/daily_crypto_analysis_dag.py
[2025-10-16T17:12:28.949+0000] {logging_mixin.py:188} INFO - [2025-10-16T17:12:28.948+0000] {dag.py:3089} INFO - Sync 1 DAGs
[2025-10-16T17:12:29.026+0000] {logging_mixin.py:188} INFO - [2025-10-16T17:12:29.026+0000] {dag.py:3947} INFO - Setting next_dagrun for daily_crypto_analysis to 2025-10-16 06:00:00+00:00, run_after=2025-10-17 06:00:00+00:00
[2025-10-16T17:12:29.032+0000] {processor.py:183} INFO - Processing /opt/airflow/dags/daily_crypto_analysis_dag.py took 0.312 seconds
[2025-10-16T17:12:59.076+0000] {processor.py:161} INFO - Started process (PID=766) to work on /opt/airflow/dags/daily_crypto_analysis_dag.py
[2025-10-16T17:12:59.077+0000] {processor.py:830} INFO - Processing file /opt/airflow/dags/daily_crypto_analysis_dag.py for tasks to queue
[2025-10-16T17:12:59.078+0000] {logging_mixin.py:188} INFO - [2025-10-16T17:12:59.078+0000] {dagbag.py:545} INFO - Filling up the DagBag from /opt/airflow/dags/daily_crypto_analysis_dag.py
[2025-10-16T17:12:59.210+0000] {processor.py:840} INFO - DAG(s) 'daily_crypto_analysis' retrieved from /opt/airflow/dags/daily_crypto_analysis_dag.py
[2025-10-16T17:12:59.225+0000] {logging_mixin.py:188} INFO - [2025-10-16T17:12:59.224+0000] {dag.py:3089} INFO - Sync 1 DAGs
[2025-10-16T17:12:59.356+0000] {logging_mixin.py:188} INFO - [2025-10-16T17:12:59.355+0000] {dag.py:3947} INFO - Setting next_dagrun for daily_crypto_analysis to 2025-10-16 06:00:00+00:00, run_after=2025-10-17 06:00:00+00:00
[2025-10-16T17:12:59.363+0000] {processor.py:183} INFO - Processing /opt/airflow/dags/daily_crypto_analysis_dag.py took 0.291 seconds
[2025-10-16T17:13:29.417+0000] {processor.py:161} INFO - Started process (PID=777) to work on /opt/airflow/dags/daily_crypto_analysis_dag.py
[2025-10-16T17:13:29.418+0000] {processor.py:830} INFO - Processing file /opt/airflow/dags/daily_crypto_analysis_dag.py for tasks to queue
[2025-10-16T17:13:29.419+0000] {logging_mixin.py:188} INFO - [2025-10-16T17:13:29.419+0000] {dagbag.py:545} INFO - Filling up the DagBag from /opt/airflow/dags/daily_crypto_analysis_dag.py
[2025-10-16T17:13:29.607+0000] {processor.py:840} INFO - DAG(s) 'daily_crypto_analysis' retrieved from /opt/airflow/dags/daily_crypto_analysis_dag.py
[2025-10-16T17:13:29.620+0000] {logging_mixin.py:188} INFO - [2025-10-16T17:13:29.619+0000] {dag.py:3089} INFO - Sync 1 DAGs
[2025-10-16T17:13:29.627+0000] {logging_mixin.py:188} INFO - [2025-10-16T17:13:29.627+0000] {dag.py:3947} INFO - Setting next_dagrun for daily_crypto_analysis to 2025-10-16 06:00:00+00:00, run_after=2025-10-17 06:00:00+00:00
[2025-10-16T17:13:29.633+0000] {processor.py:183} INFO - Processing /opt/airflow/dags/daily_crypto_analysis_dag.py took 0.222 seconds
[2025-10-16T17:13:59.680+0000] {processor.py:161} INFO - Started process (PID=788) to work on /opt/airflow/dags/daily_crypto_analysis_dag.py
[2025-10-16T17:13:59.681+0000] {processor.py:830} INFO - Processing file /opt/airflow/dags/daily_crypto_analysis_dag.py for tasks to queue
[2025-10-16T17:13:59.683+0000] {logging_mixin.py:188} INFO - [2025-10-16T17:13:59.682+0000] {dagbag.py:545} INFO - Filling up the DagBag from /opt/airflow/dags/daily_crypto_analysis_dag.py
[2025-10-16T17:13:59.804+0000] {processor.py:840} INFO - DAG(s) 'daily_crypto_analysis' retrieved from /opt/airflow/dags/daily_crypto_analysis_dag.py
[2025-10-16T17:13:59.815+0000] {logging_mixin.py:188} INFO - [2025-10-16T17:13:59.815+0000] {dag.py:3089} INFO - Sync 1 DAGs
[2025-10-16T17:13:59.823+0000] {logging_mixin.py:188} INFO - [2025-10-16T17:13:59.823+0000] {dag.py:3947} INFO - Setting next_dagrun for daily_crypto_analysis to 2025-10-16 06:00:00+00:00, run_after=2025-10-17 06:00:00+00:00
[2025-10-16T17:13:59.829+0000] {processor.py:183} INFO - Processing /opt/airflow/dags/daily_crypto_analysis_dag.py took 0.153 seconds
[2025-10-16T17:14:29.961+0000] {processor.py:161} INFO - Started process (PID=799) to work on /opt/airflow/dags/daily_crypto_analysis_dag.py
[2025-10-16T17:14:29.962+0000] {processor.py:830} INFO - Processing file /opt/airflow/dags/daily_crypto_analysis_dag.py for tasks to queue
[2025-10-16T17:14:29.963+0000] {logging_mixin.py:188} INFO - [2025-10-16T17:14:29.963+0000] {dagbag.py:545} INFO - Filling up the DagBag from /opt/airflow/dags/daily_crypto_analysis_dag.py
[2025-10-16T17:14:30.084+0000] {processor.py:840} INFO - DAG(s) 'daily_crypto_analysis' retrieved from /opt/airflow/dags/daily_crypto_analysis_dag.py
[2025-10-16T17:14:30.095+0000] {logging_mixin.py:188} INFO - [2025-10-16T17:14:30.095+0000] {dag.py:3089} INFO - Sync 1 DAGs
[2025-10-16T17:14:30.102+0000] {logging_mixin.py:188} INFO - [2025-10-16T17:14:30.102+0000] {dag.py:3947} INFO - Setting next_dagrun for daily_crypto_analysis to 2025-10-16 06:00:00+00:00, run_after=2025-10-17 06:00:00+00:00
[2025-10-16T17:14:30.209+0000] {processor.py:183} INFO - Processing /opt/airflow/dags/daily_crypto_analysis_dag.py took 0.253 seconds
[2025-10-16T17:15:00.259+0000] {processor.py:161} INFO - Started process (PID=810) to work on /opt/airflow/dags/daily_crypto_analysis_dag.py
[2025-10-16T17:15:00.260+0000] {processor.py:830} INFO - Processing file /opt/airflow/dags/daily_crypto_analysis_dag.py for tasks to queue
[2025-10-16T17:15:00.261+0000] {logging_mixin.py:188} INFO - [2025-10-16T17:15:00.261+0000] {dagbag.py:545} INFO - Filling up the DagBag from /opt/airflow/dags/daily_crypto_analysis_dag.py
[2025-10-16T17:15:00.401+0000] {processor.py:840} INFO - DAG(s) 'daily_crypto_analysis' retrieved from /opt/airflow/dags/daily_crypto_analysis_dag.py
[2025-10-16T17:15:00.411+0000] {logging_mixin.py:188} INFO - [2025-10-16T17:15:00.411+0000] {dag.py:3089} INFO - Sync 1 DAGs
[2025-10-16T17:15:00.477+0000] {logging_mixin.py:188} INFO - [2025-10-16T17:15:00.477+0000] {dag.py:3947} INFO - Setting next_dagrun for daily_crypto_analysis to 2025-10-16 06:00:00+00:00, run_after=2025-10-17 06:00:00+00:00
[2025-10-16T17:15:00.483+0000] {processor.py:183} INFO - Processing /opt/airflow/dags/daily_crypto_analysis_dag.py took 0.228 seconds
[2025-10-16T17:15:30.525+0000] {processor.py:161} INFO - Started process (PID=821) to work on /opt/airflow/dags/daily_crypto_analysis_dag.py
[2025-10-16T17:15:30.526+0000] {processor.py:830} INFO - Processing file /opt/airflow/dags/daily_crypto_analysis_dag.py for tasks to queue
[2025-10-16T17:15:30.527+0000] {logging_mixin.py:188} INFO - [2025-10-16T17:15:30.526+0000] {dagbag.py:545} INFO - Filling up the DagBag from /opt/airflow/dags/daily_crypto_analysis_dag.py
[2025-10-16T17:15:30.653+0000] {processor.py:840} INFO - DAG(s) 'daily_crypto_analysis' retrieved from /opt/airflow/dags/daily_crypto_analysis_dag.py
[2025-10-16T17:15:30.664+0000] {logging_mixin.py:188} INFO - [2025-10-16T17:15:30.664+0000] {dag.py:3089} INFO - Sync 1 DAGs
[2025-10-16T17:15:30.728+0000] {logging_mixin.py:188} INFO - [2025-10-16T17:15:30.728+0000] {dag.py:3947} INFO - Setting next_dagrun for daily_crypto_analysis to 2025-10-16 06:00:00+00:00, run_after=2025-10-17 06:00:00+00:00
[2025-10-16T17:15:30.734+0000] {processor.py:183} INFO - Processing /opt/airflow/dags/daily_crypto_analysis_dag.py took 0.212 seconds
[2025-10-16T17:16:00.846+0000] {processor.py:161} INFO - Started process (PID=832) to work on /opt/airflow/dags/daily_crypto_analysis_dag.py
[2025-10-16T17:16:00.846+0000] {processor.py:830} INFO - Processing file /opt/airflow/dags/daily_crypto_analysis_dag.py for tasks to queue
[2025-10-16T17:16:00.848+0000] {logging_mixin.py:188} INFO - [2025-10-16T17:16:00.848+0000] {dagbag.py:545} INFO - Filling up the DagBag from /opt/airflow/dags/daily_crypto_analysis_dag.py
[2025-10-16T17:16:00.966+0000] {processor.py:840} INFO - DAG(s) 'daily_crypto_analysis' retrieved from /opt/airflow/dags/daily_crypto_analysis_dag.py
[2025-10-16T17:16:00.976+0000] {logging_mixin.py:188} INFO - [2025-10-16T17:16:00.976+0000] {dag.py:3089} INFO - Sync 1 DAGs
[2025-10-16T17:16:00.983+0000] {logging_mixin.py:188} INFO - [2025-10-16T17:16:00.983+0000] {dag.py:3947} INFO - Setting next_dagrun for daily_crypto_analysis to 2025-10-16 06:00:00+00:00, run_after=2025-10-17 06:00:00+00:00
[2025-10-16T17:16:00.988+0000] {processor.py:183} INFO - Processing /opt/airflow/dags/daily_crypto_analysis_dag.py took 0.147 seconds
[2025-10-16T17:16:31.136+0000] {processor.py:161} INFO - Started process (PID=843) to work on /opt/airflow/dags/daily_crypto_analysis_dag.py
[2025-10-16T17:16:31.137+0000] {processor.py:830} INFO - Processing file /opt/airflow/dags/daily_crypto_analysis_dag.py for tasks to queue
[2025-10-16T17:16:31.138+0000] {logging_mixin.py:188} INFO - [2025-10-16T17:16:31.138+0000] {dagbag.py:545} INFO - Filling up the DagBag from /opt/airflow/dags/daily_crypto_analysis_dag.py
[2025-10-16T17:16:31.264+0000] {processor.py:840} INFO - DAG(s) 'daily_crypto_analysis' retrieved from /opt/airflow/dags/daily_crypto_analysis_dag.py
[2025-10-16T17:16:31.274+0000] {logging_mixin.py:188} INFO - [2025-10-16T17:16:31.274+0000] {dag.py:3089} INFO - Sync 1 DAGs
[2025-10-16T17:16:31.280+0000] {logging_mixin.py:188} INFO - [2025-10-16T17:16:31.280+0000] {dag.py:3947} INFO - Setting next_dagrun for daily_crypto_analysis to 2025-10-16 06:00:00+00:00, run_after=2025-10-17 06:00:00+00:00
[2025-10-16T17:16:31.286+0000] {processor.py:183} INFO - Processing /opt/airflow/dags/daily_crypto_analysis_dag.py took 0.154 seconds
[2025-10-16T17:17:01.415+0000] {processor.py:161} INFO - Started process (PID=854) to work on /opt/airflow/dags/daily_crypto_analysis_dag.py
[2025-10-16T17:17:01.416+0000] {processor.py:830} INFO - Processing file /opt/airflow/dags/daily_crypto_analysis_dag.py for tasks to queue
[2025-10-16T17:17:01.417+0000] {logging_mixin.py:188} INFO - [2025-10-16T17:17:01.417+0000] {dagbag.py:545} INFO - Filling up the DagBag from /opt/airflow/dags/daily_crypto_analysis_dag.py
[2025-10-16T17:17:01.540+0000] {processor.py:840} INFO - DAG(s) 'daily_crypto_analysis' retrieved from /opt/airflow/dags/daily_crypto_analysis_dag.py
[2025-10-16T17:17:01.550+0000] {logging_mixin.py:188} INFO - [2025-10-16T17:17:01.550+0000] {dag.py:3089} INFO - Sync 1 DAGs
[2025-10-16T17:17:01.557+0000] {logging_mixin.py:188} INFO - [2025-10-16T17:17:01.557+0000] {dag.py:3947} INFO - Setting next_dagrun for daily_crypto_analysis to 2025-10-16 06:00:00+00:00, run_after=2025-10-17 06:00:00+00:00
[2025-10-16T17:17:01.617+0000] {processor.py:183} INFO - Processing /opt/airflow/dags/daily_crypto_analysis_dag.py took 0.206 seconds
[2025-10-16T17:17:31.796+0000] {processor.py:161} INFO - Started process (PID=865) to work on /opt/airflow/dags/daily_crypto_analysis_dag.py
[2025-10-16T17:17:31.797+0000] {processor.py:830} INFO - Processing file /opt/airflow/dags/daily_crypto_analysis_dag.py for tasks to queue
[2025-10-16T17:17:31.798+0000] {logging_mixin.py:188} INFO - [2025-10-16T17:17:31.798+0000] {dagbag.py:545} INFO - Filling up the DagBag from /opt/airflow/dags/daily_crypto_analysis_dag.py
[2025-10-16T17:17:31.937+0000] {processor.py:840} INFO - DAG(s) 'daily_crypto_analysis' retrieved from /opt/airflow/dags/daily_crypto_analysis_dag.py
[2025-10-16T17:17:31.947+0000] {logging_mixin.py:188} INFO - [2025-10-16T17:17:31.947+0000] {dag.py:3089} INFO - Sync 1 DAGs
[2025-10-16T17:17:32.011+0000] {logging_mixin.py:188} INFO - [2025-10-16T17:17:32.011+0000] {dag.py:3947} INFO - Setting next_dagrun for daily_crypto_analysis to 2025-10-16 06:00:00+00:00, run_after=2025-10-17 06:00:00+00:00
[2025-10-16T17:17:32.017+0000] {processor.py:183} INFO - Processing /opt/airflow/dags/daily_crypto_analysis_dag.py took 0.225 seconds
[2025-10-16T17:18:02.052+0000] {processor.py:161} INFO - Started process (PID=876) to work on /opt/airflow/dags/daily_crypto_analysis_dag.py
[2025-10-16T17:18:02.052+0000] {processor.py:830} INFO - Processing file /opt/airflow/dags/daily_crypto_analysis_dag.py for tasks to queue
[2025-10-16T17:18:02.055+0000] {logging_mixin.py:188} INFO - [2025-10-16T17:18:02.055+0000] {dagbag.py:545} INFO - Filling up the DagBag from /opt/airflow/dags/daily_crypto_analysis_dag.py
[2025-10-16T17:18:02.173+0000] {processor.py:840} INFO - DAG(s) 'daily_crypto_analysis' retrieved from /opt/airflow/dags/daily_crypto_analysis_dag.py
[2025-10-16T17:18:02.241+0000] {logging_mixin.py:188} INFO - [2025-10-16T17:18:02.241+0000] {dag.py:3089} INFO - Sync 1 DAGs
[2025-10-16T17:18:02.248+0000] {logging_mixin.py:188} INFO - [2025-10-16T17:18:02.248+0000] {dag.py:3947} INFO - Setting next_dagrun for daily_crypto_analysis to 2025-10-16 06:00:00+00:00, run_after=2025-10-17 06:00:00+00:00
[2025-10-16T17:18:02.253+0000] {processor.py:183} INFO - Processing /opt/airflow/dags/daily_crypto_analysis_dag.py took 0.207 seconds
[2025-10-16T17:18:20.236+0000] {processor.py:161} INFO - Started process (PID=882) to work on /opt/airflow/dags/daily_crypto_analysis_dag.py
[2025-10-16T17:18:20.237+0000] {processor.py:830} INFO - Processing file /opt/airflow/dags/daily_crypto_analysis_dag.py for tasks to queue
[2025-10-16T17:18:20.239+0000] {logging_mixin.py:188} INFO - [2025-10-16T17:18:20.238+0000] {dagbag.py:545} INFO - Filling up the DagBag from /opt/airflow/dags/daily_crypto_analysis_dag.py
[2025-10-16T17:18:20.368+0000] {processor.py:840} INFO - DAG(s) 'daily_crypto_analysis' retrieved from /opt/airflow/dags/daily_crypto_analysis_dag.py
[2025-10-16T17:18:20.514+0000] {logging_mixin.py:188} INFO - [2025-10-16T17:18:20.514+0000] {dag.py:3089} INFO - Sync 1 DAGs
[2025-10-16T17:18:20.519+0000] {logging_mixin.py:188} INFO - [2025-10-16T17:18:20.519+0000] {dag.py:3947} INFO - Setting next_dagrun for daily_crypto_analysis to 2025-10-15 16:00:00+00:00, run_after=2025-10-16 16:00:00+00:00
[2025-10-16T17:18:20.526+0000] {processor.py:183} INFO - Processing /opt/airflow/dags/daily_crypto_analysis_dag.py took 0.300 seconds
[2025-10-16T17:18:50.611+0000] {processor.py:161} INFO - Started process (PID=905) to work on /opt/airflow/dags/daily_crypto_analysis_dag.py
[2025-10-16T17:18:50.612+0000] {processor.py:830} INFO - Processing file /opt/airflow/dags/daily_crypto_analysis_dag.py for tasks to queue
[2025-10-16T17:18:50.614+0000] {logging_mixin.py:188} INFO - [2025-10-16T17:18:50.613+0000] {dagbag.py:545} INFO - Filling up the DagBag from /opt/airflow/dags/daily_crypto_analysis_dag.py
[2025-10-16T17:18:50.732+0000] {processor.py:840} INFO - DAG(s) 'daily_crypto_analysis' retrieved from /opt/airflow/dags/daily_crypto_analysis_dag.py
[2025-10-16T17:18:50.744+0000] {logging_mixin.py:188} INFO - [2025-10-16T17:18:50.744+0000] {dag.py:3089} INFO - Sync 1 DAGs
[2025-10-16T17:18:50.752+0000] {logging_mixin.py:188} INFO - [2025-10-16T17:18:50.752+0000] {dag.py:3947} INFO - Setting next_dagrun for daily_crypto_analysis to 2025-10-16 16:00:00+00:00, run_after=2025-10-17 16:00:00+00:00
[2025-10-16T17:18:50.758+0000] {processor.py:183} INFO - Processing /opt/airflow/dags/daily_crypto_analysis_dag.py took 0.151 seconds
[2025-10-16T17:19:20.902+0000] {processor.py:161} INFO - Started process (PID=916) to work on /opt/airflow/dags/daily_crypto_analysis_dag.py
[2025-10-16T17:19:20.903+0000] {processor.py:830} INFO - Processing file /opt/airflow/dags/daily_crypto_analysis_dag.py for tasks to queue
[2025-10-16T17:19:20.905+0000] {logging_mixin.py:188} INFO - [2025-10-16T17:19:20.905+0000] {dagbag.py:545} INFO - Filling up the DagBag from /opt/airflow/dags/daily_crypto_analysis_dag.py
[2025-10-16T17:19:21.058+0000] {processor.py:840} INFO - DAG(s) 'daily_crypto_analysis' retrieved from /opt/airflow/dags/daily_crypto_analysis_dag.py
[2025-10-16T17:19:21.070+0000] {logging_mixin.py:188} INFO - [2025-10-16T17:19:21.070+0000] {dag.py:3089} INFO - Sync 1 DAGs
[2025-10-16T17:19:21.078+0000] {logging_mixin.py:188} INFO - [2025-10-16T17:19:21.078+0000] {dag.py:3947} INFO - Setting next_dagrun for daily_crypto_analysis to 2025-10-16 16:00:00+00:00, run_after=2025-10-17 16:00:00+00:00
[2025-10-16T17:19:21.151+0000] {processor.py:183} INFO - Processing /opt/airflow/dags/daily_crypto_analysis_dag.py took 0.255 seconds
[2025-10-16T17:19:21.959+0000] {processor.py:161} INFO - Started process (PID=922) to work on /opt/airflow/dags/daily_crypto_analysis_dag.py
[2025-10-16T17:19:21.960+0000] {processor.py:830} INFO - Processing file /opt/airflow/dags/daily_crypto_analysis_dag.py for tasks to queue
[2025-10-16T17:19:21.962+0000] {logging_mixin.py:188} INFO - [2025-10-16T17:19:21.962+0000] {dagbag.py:545} INFO - Filling up the DagBag from /opt/airflow/dags/daily_crypto_analysis_dag.py
[2025-10-16T17:19:22.087+0000] {processor.py:840} INFO - DAG(s) 'daily_crypto_analysis' retrieved from /opt/airflow/dags/daily_crypto_analysis_dag.py
[2025-10-16T17:19:22.178+0000] {logging_mixin.py:188} INFO - [2025-10-16T17:19:22.177+0000] {dag.py:3089} INFO - Sync 1 DAGs
[2025-10-16T17:19:22.184+0000] {logging_mixin.py:188} INFO - [2025-10-16T17:19:22.184+0000] {dag.py:3947} INFO - Setting next_dagrun for daily_crypto_analysis to 2025-10-16 06:00:00+00:00, run_after=2025-10-17 06:00:00+00:00
[2025-10-16T17:19:22.190+0000] {processor.py:183} INFO - Processing /opt/airflow/dags/daily_crypto_analysis_dag.py took 0.238 seconds
[2025-10-16T17:19:52.424+0000] {processor.py:161} INFO - Started process (PID=933) to work on /opt/airflow/dags/daily_crypto_analysis_dag.py
[2025-10-16T17:19:52.425+0000] {processor.py:830} INFO - Processing file /opt/airflow/dags/daily_crypto_analysis_dag.py for tasks to queue
[2025-10-16T17:19:52.427+0000] {logging_mixin.py:188} INFO - [2025-10-16T17:19:52.427+0000] {dagbag.py:545} INFO - Filling up the DagBag from /opt/airflow/dags/daily_crypto_analysis_dag.py
[2025-10-16T17:19:52.569+0000] {processor.py:840} INFO - DAG(s) 'daily_crypto_analysis' retrieved from /opt/airflow/dags/daily_crypto_analysis_dag.py
[2025-10-16T17:19:52.580+0000] {logging_mixin.py:188} INFO - [2025-10-16T17:19:52.580+0000] {dag.py:3089} INFO - Sync 1 DAGs
[2025-10-16T17:19:52.658+0000] {logging_mixin.py:188} INFO - [2025-10-16T17:19:52.658+0000] {dag.py:3947} INFO - Setting next_dagrun for daily_crypto_analysis to 2025-10-16 06:00:00+00:00, run_after=2025-10-17 06:00:00+00:00
[2025-10-16T17:19:52.663+0000] {processor.py:183} INFO - Processing /opt/airflow/dags/daily_crypto_analysis_dag.py took 0.246 seconds
[2025-10-16T17:20:23.637+0000] {processor.py:161} INFO - Started process (PID=944) to work on /opt/airflow/dags/daily_crypto_analysis_dag.py
[2025-10-16T17:20:23.639+0000] {processor.py:830} INFO - Processing file /opt/airflow/dags/daily_crypto_analysis_dag.py for tasks to queue
[2025-10-16T17:20:23.644+0000] {logging_mixin.py:188} INFO - [2025-10-16T17:20:23.643+0000] {dagbag.py:545} INFO - Filling up the DagBag from /opt/airflow/dags/daily_crypto_analysis_dag.py
[2025-10-16T17:20:23.805+0000] {processor.py:840} INFO - DAG(s) 'daily_crypto_analysis' retrieved from /opt/airflow/dags/daily_crypto_analysis_dag.py
[2025-10-16T17:20:23.821+0000] {logging_mixin.py:188} INFO - [2025-10-16T17:20:23.821+0000] {dag.py:3089} INFO - Sync 1 DAGs
[2025-10-16T17:20:23.833+0000] {logging_mixin.py:188} INFO - [2025-10-16T17:20:23.833+0000] {dag.py:3947} INFO - Setting next_dagrun for daily_crypto_analysis to 2025-10-16 06:00:00+00:00, run_after=2025-10-17 06:00:00+00:00
[2025-10-16T17:20:23.841+0000] {processor.py:183} INFO - Processing /opt/airflow/dags/daily_crypto_analysis_dag.py took 0.209 seconds
[2025-10-16T17:20:53.867+0000] {processor.py:161} INFO - Started process (PID=955) to work on /opt/airflow/dags/daily_crypto_analysis_dag.py
[2025-10-16T17:20:53.868+0000] {processor.py:830} INFO - Processing file /opt/airflow/dags/daily_crypto_analysis_dag.py for tasks to queue
[2025-10-16T17:20:53.869+0000] {logging_mixin.py:188} INFO - [2025-10-16T17:20:53.869+0000] {dagbag.py:545} INFO - Filling up the DagBag from /opt/airflow/dags/daily_crypto_analysis_dag.py
[2025-10-16T17:20:54.012+0000] {processor.py:840} INFO - DAG(s) 'daily_crypto_analysis' retrieved from /opt/airflow/dags/daily_crypto_analysis_dag.py
[2025-10-16T17:20:54.024+0000] {logging_mixin.py:188} INFO - [2025-10-16T17:20:54.023+0000] {dag.py:3089} INFO - Sync 1 DAGs
[2025-10-16T17:20:54.032+0000] {logging_mixin.py:188} INFO - [2025-10-16T17:20:54.032+0000] {dag.py:3947} INFO - Setting next_dagrun for daily_crypto_analysis to 2025-10-16 06:00:00+00:00, run_after=2025-10-17 06:00:00+00:00
[2025-10-16T17:20:54.038+0000] {processor.py:183} INFO - Processing /opt/airflow/dags/daily_crypto_analysis_dag.py took 0.174 seconds
[2025-10-16T17:21:24.128+0000] {processor.py:161} INFO - Started process (PID=966) to work on /opt/airflow/dags/daily_crypto_analysis_dag.py
[2025-10-16T17:21:24.129+0000] {processor.py:830} INFO - Processing file /opt/airflow/dags/daily_crypto_analysis_dag.py for tasks to queue
[2025-10-16T17:21:24.130+0000] {logging_mixin.py:188} INFO - [2025-10-16T17:21:24.130+0000] {dagbag.py:545} INFO - Filling up the DagBag from /opt/airflow/dags/daily_crypto_analysis_dag.py
[2025-10-16T17:21:24.256+0000] {processor.py:840} INFO - DAG(s) 'daily_crypto_analysis' retrieved from /opt/airflow/dags/daily_crypto_analysis_dag.py
[2025-10-16T17:21:24.267+0000] {logging_mixin.py:188} INFO - [2025-10-16T17:21:24.266+0000] {dag.py:3089} INFO - Sync 1 DAGs
[2025-10-16T17:21:24.275+0000] {logging_mixin.py:188} INFO - [2025-10-16T17:21:24.274+0000] {dag.py:3947} INFO - Setting next_dagrun for daily_crypto_analysis to 2025-10-16 06:00:00+00:00, run_after=2025-10-17 06:00:00+00:00
[2025-10-16T17:21:24.376+0000] {processor.py:183} INFO - Processing /opt/airflow/dags/daily_crypto_analysis_dag.py took 0.253 seconds
[2025-10-16T17:22:09.705+0000] {processor.py:161} INFO - Started process (PID=181) to work on /opt/airflow/dags/daily_crypto_analysis_dag.py
[2025-10-16T17:22:09.706+0000] {processor.py:830} INFO - Processing file /opt/airflow/dags/daily_crypto_analysis_dag.py for tasks to queue
[2025-10-16T17:22:09.710+0000] {logging_mixin.py:188} INFO - [2025-10-16T17:22:09.709+0000] {dagbag.py:545} INFO - Filling up the DagBag from /opt/airflow/dags/daily_crypto_analysis_dag.py
[2025-10-16T17:22:10.368+0000] {processor.py:840} INFO - DAG(s) 'daily_crypto_analysis' retrieved from /opt/airflow/dags/daily_crypto_analysis_dag.py
[2025-10-16T17:22:10.379+0000] {logging_mixin.py:188} INFO - [2025-10-16T17:22:10.379+0000] {dag.py:3089} INFO - Sync 1 DAGs
[2025-10-16T17:22:10.388+0000] {logging_mixin.py:188} INFO - [2025-10-16T17:22:10.388+0000] {dag.py:3947} INFO - Setting next_dagrun for daily_crypto_analysis to 2025-10-16 06:00:00+00:00, run_after=2025-10-17 06:00:00+00:00
[2025-10-16T17:22:10.394+0000] {processor.py:183} INFO - Processing /opt/airflow/dags/daily_crypto_analysis_dag.py took 0.693 seconds
[2025-10-16T17:22:41.018+0000] {processor.py:161} INFO - Started process (PID=197) to work on /opt/airflow/dags/daily_crypto_analysis_dag.py
[2025-10-16T17:22:41.018+0000] {processor.py:830} INFO - Processing file /opt/airflow/dags/daily_crypto_analysis_dag.py for tasks to queue
[2025-10-16T17:22:41.020+0000] {logging_mixin.py:188} INFO - [2025-10-16T17:22:41.020+0000] {dagbag.py:545} INFO - Filling up the DagBag from /opt/airflow/dags/daily_crypto_analysis_dag.py
[2025-10-16T17:22:41.174+0000] {processor.py:840} INFO - DAG(s) 'daily_crypto_analysis' retrieved from /opt/airflow/dags/daily_crypto_analysis_dag.py
[2025-10-16T17:22:41.217+0000] {logging_mixin.py:188} INFO - [2025-10-16T17:22:41.217+0000] {dag.py:3089} INFO - Sync 1 DAGs
[2025-10-16T17:22:41.224+0000] {logging_mixin.py:188} INFO - [2025-10-16T17:22:41.224+0000] {dag.py:3947} INFO - Setting next_dagrun for daily_crypto_analysis to 2025-10-16 06:00:00+00:00, run_after=2025-10-17 06:00:00+00:00
[2025-10-16T17:22:41.327+0000] {processor.py:183} INFO - Processing /opt/airflow/dags/daily_crypto_analysis_dag.py took 0.315 seconds
