[2025-10-10T09:17:58.654+0000] {manager.py:470} INFO - Processing files using up to 2 processes at a time 
[2025-10-10T09:17:58.654+0000] {manager.py:471} INFO - Process each file at most once every 30 seconds
[2025-10-10T09:17:58.655+0000] {manager.py:472} INFO - Checking for new files in /opt/airflow/dags every 300 seconds
[2025-10-10T09:17:58.655+0000] {manager.py:737} INFO - Searching for files in /opt/airflow/dags
[2025-10-10T09:17:58.656+0000] {manager.py:740} INFO - There are 0 files in /opt/airflow/dags
[2025-10-10T09:22:58.713+0000] {manager.py:737} INFO - Searching for files in /opt/airflow/dags
[2025-10-10T09:22:58.715+0000] {manager.py:740} INFO - There are 0 files in /opt/airflow/dags
[2025-10-10T09:23:34.541+0000] {manager.py:452} INFO - Exiting gracefully upon receiving signal 15
[2025-10-10T09:27:09.012+0000] {manager.py:470} INFO - Processing files using up to 2 processes at a time 
[2025-10-10T09:27:09.012+0000] {manager.py:471} INFO - Process each file at most once every 30 seconds
[2025-10-10T09:27:09.012+0000] {manager.py:472} INFO - Checking for new files in /opt/airflow/dags every 300 seconds
[2025-10-10T09:27:09.013+0000] {manager.py:737} INFO - Searching for files in /opt/airflow/dags
[2025-10-10T09:27:09.013+0000] {manager.py:740} INFO - There are 0 files in /opt/airflow/dags
[2025-10-10T09:31:19.687+0000] {manager.py:452} INFO - Exiting gracefully upon receiving signal 15
[2025-10-10T09:31:37.976+0000] {manager.py:470} INFO - Processing files using up to 2 processes at a time 
[2025-10-10T09:31:37.977+0000] {manager.py:471} INFO - Process each file at most once every 30 seconds
[2025-10-10T09:31:37.977+0000] {manager.py:472} INFO - Checking for new files in /opt/airflow/dags every 300 seconds
[2025-10-10T09:31:37.977+0000] {manager.py:737} INFO - Searching for files in /opt/airflow/dags
[2025-10-10T09:31:37.978+0000] {manager.py:740} INFO - There are 0 files in /opt/airflow/dags
[2025-10-10T09:34:08.839+0000] {manager.py:452} INFO - Exiting gracefully upon receiving signal 15
[2025-10-10T09:34:25.691+0000] {manager.py:470} INFO - Processing files using up to 2 processes at a time 
[2025-10-10T09:34:25.691+0000] {manager.py:471} INFO - Process each file at most once every 30 seconds
[2025-10-10T09:34:25.692+0000] {manager.py:472} INFO - Checking for new files in /opt/airflow/dags every 300 seconds
[2025-10-10T09:34:25.692+0000] {manager.py:737} INFO - Searching for files in /opt/airflow/dags
[2025-10-10T09:34:25.692+0000] {manager.py:740} INFO - There are 0 files in /opt/airflow/dags
[2025-10-10T09:37:04.679+0000] {manager.py:452} INFO - Exiting gracefully upon receiving signal 15
[2025-10-10T09:37:22.432+0000] {manager.py:470} INFO - Processing files using up to 2 processes at a time 
[2025-10-10T09:37:22.433+0000] {manager.py:471} INFO - Process each file at most once every 30 seconds
[2025-10-10T09:37:22.433+0000] {manager.py:472} INFO - Checking for new files in /opt/airflow/dags every 300 seconds
[2025-10-10T09:37:22.433+0000] {manager.py:737} INFO - Searching for files in /opt/airflow/dags
[2025-10-10T09:37:22.434+0000] {manager.py:740} INFO - There are 0 files in /opt/airflow/dags
[2025-10-10T09:41:46.580+0000] {manager.py:452} INFO - Exiting gracefully upon receiving signal 15
[2025-10-10T09:42:02.315+0000] {manager.py:470} INFO - Processing files using up to 2 processes at a time 
[2025-10-10T09:42:02.315+0000] {manager.py:471} INFO - Process each file at most once every 30 seconds
[2025-10-10T09:42:02.315+0000] {manager.py:472} INFO - Checking for new files in /opt/airflow/dags every 300 seconds
[2025-10-10T09:42:02.316+0000] {manager.py:737} INFO - Searching for files in /opt/airflow/dags
[2025-10-10T09:42:02.316+0000] {manager.py:740} INFO - There are 0 files in /opt/airflow/dags
[2025-10-10T09:47:03.234+0000] {manager.py:737} INFO - Searching for files in /opt/airflow/dags
[2025-10-10T09:47:03.240+0000] {manager.py:740} INFO - There are 0 files in /opt/airflow/dags
[2025-10-10T09:47:53.022+0000] {manager.py:452} INFO - Exiting gracefully upon receiving signal 15
[2025-10-10T09:49:43.706+0000] {manager.py:470} INFO - Processing files using up to 2 processes at a time 
[2025-10-10T09:49:43.706+0000] {manager.py:471} INFO - Process each file at most once every 30 seconds
[2025-10-10T09:49:43.706+0000] {manager.py:472} INFO - Checking for new files in /opt/airflow/dags every 300 seconds
[2025-10-10T09:49:43.707+0000] {manager.py:737} INFO - Searching for files in /opt/airflow/dags
[2025-10-10T09:49:43.707+0000] {manager.py:740} INFO - There are 0 files in /opt/airflow/dags
[2025-10-10T09:51:42.134+0000] {manager.py:452} INFO - Exiting gracefully upon receiving signal 15
[2025-10-10T09:57:47.632+0000] {manager.py:470} INFO - Processing files using up to 2 processes at a time 
[2025-10-10T09:57:47.633+0000] {manager.py:471} INFO - Process each file at most once every 30 seconds
[2025-10-10T09:57:47.633+0000] {manager.py:472} INFO - Checking for new files in /opt/airflow/dags every 300 seconds
[2025-10-10T09:57:47.633+0000] {manager.py:737} INFO - Searching for files in /opt/airflow/dags
[2025-10-10T09:57:47.634+0000] {manager.py:740} INFO - There are 0 files in /opt/airflow/dags
[2025-10-10T10:02:48.545+0000] {manager.py:737} INFO - Searching for files in /opt/airflow/dags
[2025-10-10T10:02:48.550+0000] {manager.py:740} INFO - There are 0 files in /opt/airflow/dags
[2025-10-10T10:06:42.200+0000] {manager.py:452} INFO - Exiting gracefully upon receiving signal 15
[2025-10-10T10:07:24.739+0000] {manager.py:470} INFO - Processing files using up to 2 processes at a time 
[2025-10-10T10:07:24.739+0000] {manager.py:471} INFO - Process each file at most once every 30 seconds
[2025-10-10T10:07:24.739+0000] {manager.py:472} INFO - Checking for new files in /opt/airflow/dags every 300 seconds
[2025-10-10T10:07:24.739+0000] {manager.py:737} INFO - Searching for files in /opt/airflow/dags
[2025-10-10T10:07:24.740+0000] {manager.py:740} INFO - There are 0 files in /opt/airflow/dags
[2025-10-10T10:11:12.086+0000] {manager.py:452} INFO - Exiting gracefully upon receiving signal 15
[2025-10-10T10:11:40.485+0000] {manager.py:470} INFO - Processing files using up to 2 processes at a time 
[2025-10-10T10:11:40.485+0000] {manager.py:471} INFO - Process each file at most once every 30 seconds
[2025-10-10T10:11:40.485+0000] {manager.py:472} INFO - Checking for new files in /opt/airflow/dags every 300 seconds
[2025-10-10T10:11:40.486+0000] {manager.py:737} INFO - Searching for files in /opt/airflow/dags
[2025-10-10T10:11:40.487+0000] {manager.py:740} INFO - There are 0 files in /opt/airflow/dags
[2025-10-10T10:14:22.767+0000] {manager.py:452} INFO - Exiting gracefully upon receiving signal 15
[2025-10-10T10:14:51.050+0000] {manager.py:470} INFO - Processing files using up to 2 processes at a time 
[2025-10-10T10:14:51.051+0000] {manager.py:471} INFO - Process each file at most once every 30 seconds
[2025-10-10T10:14:51.051+0000] {manager.py:472} INFO - Checking for new files in /opt/airflow/dags every 300 seconds
[2025-10-10T10:14:51.051+0000] {manager.py:737} INFO - Searching for files in /opt/airflow/dags
[2025-10-10T10:14:51.052+0000] {manager.py:740} INFO - There are 0 files in /opt/airflow/dags
[2025-10-10T10:16:58.404+0000] {manager.py:452} INFO - Exiting gracefully upon receiving signal 15
[2025-10-10T10:17:25.728+0000] {manager.py:470} INFO - Processing files using up to 2 processes at a time 
[2025-10-10T10:17:25.729+0000] {manager.py:471} INFO - Process each file at most once every 30 seconds
[2025-10-10T10:17:25.729+0000] {manager.py:472} INFO - Checking for new files in /opt/airflow/dags every 300 seconds
[2025-10-10T10:17:25.729+0000] {manager.py:737} INFO - Searching for files in /opt/airflow/dags
[2025-10-10T10:17:25.730+0000] {manager.py:740} INFO - There are 0 files in /opt/airflow/dags
[2025-10-10T10:20:34.923+0000] {manager.py:452} INFO - Exiting gracefully upon receiving signal 15
[2025-10-10T10:21:04.924+0000] {manager.py:470} INFO - Processing files using up to 2 processes at a time 
[2025-10-10T10:21:04.924+0000] {manager.py:471} INFO - Process each file at most once every 30 seconds
[2025-10-10T10:21:04.925+0000] {manager.py:472} INFO - Checking for new files in /opt/airflow/dags every 300 seconds
[2025-10-10T10:21:04.925+0000] {manager.py:737} INFO - Searching for files in /opt/airflow/dags
[2025-10-10T10:21:04.925+0000] {manager.py:740} INFO - There are 0 files in /opt/airflow/dags
[2025-10-10T10:26:05.841+0000] {manager.py:737} INFO - Searching for files in /opt/airflow/dags
[2025-10-10T10:26:05.845+0000] {manager.py:740} INFO - There are 0 files in /opt/airflow/dags
[2025-10-10T10:26:56.962+0000] {manager.py:452} INFO - Exiting gracefully upon receiving signal 15
[2025-10-10T10:27:24.180+0000] {manager.py:470} INFO - Processing files using up to 2 processes at a time 
[2025-10-10T10:27:24.180+0000] {manager.py:471} INFO - Process each file at most once every 30 seconds
[2025-10-10T10:27:24.180+0000] {manager.py:472} INFO - Checking for new files in /opt/airflow/dags every 300 seconds
[2025-10-10T10:27:24.180+0000] {manager.py:737} INFO - Searching for files in /opt/airflow/dags
[2025-10-10T10:27:24.181+0000] {manager.py:740} INFO - There are 0 files in /opt/airflow/dags
[2025-10-10T10:31:37.997+0000] {manager.py:452} INFO - Exiting gracefully upon receiving signal 15
[2025-10-10T10:32:04.658+0000] {manager.py:470} INFO - Processing files using up to 2 processes at a time 
[2025-10-10T10:32:04.658+0000] {manager.py:471} INFO - Process each file at most once every 30 seconds
[2025-10-10T10:32:04.658+0000] {manager.py:472} INFO - Checking for new files in /opt/airflow/dags every 300 seconds
[2025-10-10T10:32:04.658+0000] {manager.py:737} INFO - Searching for files in /opt/airflow/dags
[2025-10-10T10:32:04.659+0000] {manager.py:740} INFO - There are 0 files in /opt/airflow/dags
[2025-10-10T10:37:04.801+0000] {manager.py:737} INFO - Searching for files in /opt/airflow/dags
[2025-10-10T10:37:04.808+0000] {manager.py:740} INFO - There are 0 files in /opt/airflow/dags
[2025-10-10T10:42:04.817+0000] {manager.py:737} INFO - Searching for files in /opt/airflow/dags
[2025-10-10T10:42:04.821+0000] {manager.py:740} INFO - There are 0 files in /opt/airflow/dags
[2025-10-10T10:47:04.867+0000] {manager.py:737} INFO - Searching for files in /opt/airflow/dags
[2025-10-10T10:47:04.873+0000] {manager.py:740} INFO - There are 0 files in /opt/airflow/dags
[2025-10-10T10:49:57.309+0000] {manager.py:452} INFO - Exiting gracefully upon receiving signal 15
[2025-10-10T10:50:47.409+0000] {manager.py:470} INFO - Processing files using up to 2 processes at a time 
[2025-10-10T10:50:47.410+0000] {manager.py:471} INFO - Process each file at most once every 30 seconds
[2025-10-10T10:50:47.410+0000] {manager.py:472} INFO - Checking for new files in /opt/airflow/dags every 300 seconds
[2025-10-10T10:50:47.410+0000] {manager.py:737} INFO - Searching for files in /opt/airflow/dags
[2025-10-10T10:50:47.411+0000] {manager.py:740} INFO - There are 0 files in /opt/airflow/dags
[2025-10-10T10:56:04.487+0000] {manager.py:737} INFO - Searching for files in /opt/airflow/dags
[2025-10-10T10:56:04.490+0000] {manager.py:740} INFO - There are 0 files in /opt/airflow/dags
[2025-10-10T11:15:49.295+0000] {manager.py:737} INFO - Searching for files in /opt/airflow/dags
[2025-10-10T11:15:49.297+0000] {manager.py:740} INFO - There are 0 files in /opt/airflow/dags
[2025-10-10T12:01:35.786+0000] {manager.py:737} INFO - Searching for files in /opt/airflow/dags
[2025-10-10T12:01:35.787+0000] {manager.py:740} INFO - There are 0 files in /opt/airflow/dags
[2025-10-10T12:06:36.382+0000] {manager.py:737} INFO - Searching for files in /opt/airflow/dags
[2025-10-10T12:06:36.384+0000] {manager.py:740} INFO - There are 0 files in /opt/airflow/dags
[2025-10-10T12:11:26.123+0000] {manager.py:452} INFO - Exiting gracefully upon receiving signal 15
[2025-10-10T12:11:58.023+0000] {manager.py:470} INFO - Processing files using up to 2 processes at a time 
[2025-10-10T12:11:58.023+0000] {manager.py:471} INFO - Process each file at most once every 30 seconds
[2025-10-10T12:11:58.024+0000] {manager.py:472} INFO - Checking for new files in /opt/airflow/dags every 300 seconds
[2025-10-10T12:11:58.024+0000] {manager.py:737} INFO - Searching for files in /opt/airflow/dags
[2025-10-10T12:11:58.025+0000] {manager.py:740} INFO - There are 0 files in /opt/airflow/dags
[2025-10-10T12:16:58.195+0000] {manager.py:737} INFO - Searching for files in /opt/airflow/dags
[2025-10-10T12:16:58.200+0000] {manager.py:740} INFO - There are 0 files in /opt/airflow/dags
[2025-10-10T12:21:58.313+0000] {manager.py:737} INFO - Searching for files in /opt/airflow/dags
[2025-10-10T12:21:58.318+0000] {manager.py:740} INFO - There are 0 files in /opt/airflow/dags
[2025-10-10T12:25:32.425+0000] {manager.py:452} INFO - Exiting gracefully upon receiving signal 15
[2025-10-10T12:26:14.540+0000] {manager.py:470} INFO - Processing files using up to 2 processes at a time 
[2025-10-10T12:26:14.540+0000] {manager.py:471} INFO - Process each file at most once every 30 seconds
[2025-10-10T12:26:14.540+0000] {manager.py:472} INFO - Checking for new files in /opt/airflow/dags every 300 seconds
[2025-10-10T12:26:14.541+0000] {manager.py:737} INFO - Searching for files in /opt/airflow/dags
[2025-10-10T12:26:14.541+0000] {manager.py:740} INFO - There are 0 files in /opt/airflow/dags
[2025-10-10T12:31:14.725+0000] {manager.py:737} INFO - Searching for files in /opt/airflow/dags
[2025-10-10T12:31:14.728+0000] {manager.py:740} INFO - There are 0 files in /opt/airflow/dags
[2025-10-10T12:34:53.391+0000] {manager.py:452} INFO - Exiting gracefully upon receiving signal 15
[2025-10-10T12:36:55.405+0000] {manager.py:470} INFO - Processing files using up to 2 processes at a time 
[2025-10-10T12:36:55.405+0000] {manager.py:471} INFO - Process each file at most once every 30 seconds
[2025-10-10T12:36:55.405+0000] {manager.py:472} INFO - Checking for new files in /opt/airflow/dags every 300 seconds
[2025-10-10T12:36:55.405+0000] {manager.py:737} INFO - Searching for files in /opt/airflow/dags
[2025-10-10T12:36:55.406+0000] {manager.py:740} INFO - There are 0 files in /opt/airflow/dags
[2025-10-10T12:41:55.511+0000] {manager.py:737} INFO - Searching for files in /opt/airflow/dags
[2025-10-10T12:41:55.515+0000] {manager.py:740} INFO - There are 0 files in /opt/airflow/dags
[2025-10-10T12:45:27.609+0000] {manager.py:452} INFO - Exiting gracefully upon receiving signal 15
[2025-10-10T12:46:08.600+0000] {manager.py:470} INFO - Processing files using up to 2 processes at a time 
[2025-10-10T12:46:08.601+0000] {manager.py:471} INFO - Process each file at most once every 30 seconds
[2025-10-10T12:46:08.601+0000] {manager.py:472} INFO - Checking for new files in /opt/airflow/dags every 300 seconds
[2025-10-10T12:46:08.601+0000] {manager.py:737} INFO - Searching for files in /opt/airflow/dags
[2025-10-10T12:46:08.601+0000] {manager.py:740} INFO - There are 0 files in /opt/airflow/dags
[2025-10-10T12:47:40.690+0000] {manager.py:452} INFO - Exiting gracefully upon receiving signal 15
[2025-10-10T12:48:06.392+0000] {manager.py:470} INFO - Processing files using up to 2 processes at a time 
[2025-10-10T12:48:06.392+0000] {manager.py:471} INFO - Process each file at most once every 30 seconds
[2025-10-10T12:48:06.392+0000] {manager.py:472} INFO - Checking for new files in /opt/airflow/dags every 300 seconds
[2025-10-10T12:48:06.393+0000] {manager.py:737} INFO - Searching for files in /opt/airflow/dags
[2025-10-10T12:48:06.393+0000] {manager.py:740} INFO - There are 0 files in /opt/airflow/dags
[2025-10-10T12:50:48.046+0000] {manager.py:452} INFO - Exiting gracefully upon receiving signal 15
[2025-10-10T13:06:03.855+0000] {manager.py:470} INFO - Processing files using up to 2 processes at a time 
[2025-10-10T13:06:03.856+0000] {manager.py:471} INFO - Process each file at most once every 30 seconds
[2025-10-10T13:06:03.856+0000] {manager.py:472} INFO - Checking for new files in /opt/airflow/dags every 300 seconds
[2025-10-10T13:06:03.856+0000] {manager.py:737} INFO - Searching for files in /opt/airflow/dags
[2025-10-10T13:06:03.857+0000] {manager.py:740} INFO - There are 0 files in /opt/airflow/dags
[2025-10-10T13:11:04.667+0000] {manager.py:737} INFO - Searching for files in /opt/airflow/dags
[2025-10-10T13:11:04.671+0000] {manager.py:740} INFO - There are 0 files in /opt/airflow/dags
[2025-10-10T13:12:41.717+0000] {manager.py:452} INFO - Exiting gracefully upon receiving signal 15
[2025-10-10T13:13:16.156+0000] {manager.py:470} INFO - Processing files using up to 2 processes at a time 
[2025-10-10T13:13:16.157+0000] {manager.py:471} INFO - Process each file at most once every 30 seconds
[2025-10-10T13:13:16.157+0000] {manager.py:472} INFO - Checking for new files in /opt/airflow/dags every 300 seconds
[2025-10-10T13:13:16.157+0000] {manager.py:737} INFO - Searching for files in /opt/airflow/dags
[2025-10-10T13:13:16.158+0000] {manager.py:740} INFO - There are 0 files in /opt/airflow/dags
[2025-10-10T13:18:15.328+0000] {manager.py:452} INFO - Exiting gracefully upon receiving signal 15
[2025-10-10T13:18:38.387+0000] {manager.py:470} INFO - Processing files using up to 2 processes at a time 
[2025-10-10T13:18:38.388+0000] {manager.py:471} INFO - Process each file at most once every 30 seconds
[2025-10-10T13:18:38.388+0000] {manager.py:472} INFO - Checking for new files in /opt/airflow/dags every 300 seconds
[2025-10-10T13:18:38.388+0000] {manager.py:737} INFO - Searching for files in /opt/airflow/dags
[2025-10-10T13:18:38.388+0000] {manager.py:740} INFO - There are 0 files in /opt/airflow/dags
[2025-10-10T13:21:34.310+0000] {manager.py:452} INFO - Exiting gracefully upon receiving signal 15
[2025-10-10T13:22:09.409+0000] {manager.py:470} INFO - Processing files using up to 2 processes at a time 
[2025-10-10T13:22:09.410+0000] {manager.py:471} INFO - Process each file at most once every 30 seconds
[2025-10-10T13:22:09.410+0000] {manager.py:472} INFO - Checking for new files in /opt/airflow/dags every 300 seconds
[2025-10-10T13:22:09.410+0000] {manager.py:737} INFO - Searching for files in /opt/airflow/dags
[2025-10-10T13:22:09.411+0000] {manager.py:740} INFO - There are 0 files in /opt/airflow/dags
[2025-10-10T13:27:10.315+0000] {manager.py:737} INFO - Searching for files in /opt/airflow/dags
[2025-10-10T13:27:10.319+0000] {manager.py:740} INFO - There are 0 files in /opt/airflow/dags
[2025-10-10T13:32:11.283+0000] {manager.py:737} INFO - Searching for files in /opt/airflow/dags
[2025-10-10T13:32:11.288+0000] {manager.py:740} INFO - There are 0 files in /opt/airflow/dags
[2025-10-10T13:51:53.779+0000] {manager.py:737} INFO - Searching for files in /opt/airflow/dags
[2025-10-10T13:51:53.785+0000] {manager.py:740} INFO - There are 0 files in /opt/airflow/dags
[2025-10-10T13:56:54.484+0000] {manager.py:737} INFO - Searching for files in /opt/airflow/dags
[2025-10-10T13:56:54.489+0000] {manager.py:740} INFO - There are 0 files in /opt/airflow/dags
[2025-10-10T13:59:08.752+0000] {manager.py:452} INFO - Exiting gracefully upon receiving signal 15
[2025-10-10T13:59:58.089+0000] {manager.py:470} INFO - Processing files using up to 2 processes at a time 
[2025-10-10T13:59:58.090+0000] {manager.py:471} INFO - Process each file at most once every 30 seconds
[2025-10-10T13:59:58.091+0000] {manager.py:472} INFO - Checking for new files in /opt/airflow/dags every 300 seconds
[2025-10-10T13:59:58.091+0000] {manager.py:737} INFO - Searching for files in /opt/airflow/dags
[2025-10-10T13:59:58.093+0000] {manager.py:740} INFO - There are 0 files in /opt/airflow/dags
[2025-10-10T14:04:58.211+0000] {manager.py:737} INFO - Searching for files in /opt/airflow/dags
[2025-10-10T14:04:58.215+0000] {manager.py:740} INFO - There are 0 files in /opt/airflow/dags
[2025-10-10T14:09:58.325+0000] {manager.py:737} INFO - Searching for files in /opt/airflow/dags
[2025-10-10T14:09:58.327+0000] {manager.py:740} INFO - There are 0 files in /opt/airflow/dags
[2025-10-10T14:13:40.754+0000] {manager.py:452} INFO - Exiting gracefully upon receiving signal 15
[2025-10-10T14:14:34.075+0000] {manager.py:470} INFO - Processing files using up to 2 processes at a time 
[2025-10-10T14:14:34.075+0000] {manager.py:471} INFO - Process each file at most once every 30 seconds
[2025-10-10T14:14:34.076+0000] {manager.py:472} INFO - Checking for new files in /opt/airflow/dags every 300 seconds
[2025-10-10T14:14:34.076+0000] {manager.py:737} INFO - Searching for files in /opt/airflow/dags
[2025-10-10T14:14:34.076+0000] {manager.py:740} INFO - There are 0 files in /opt/airflow/dags
[2025-10-10T14:19:34.132+0000] {manager.py:737} INFO - Searching for files in /opt/airflow/dags
[2025-10-10T14:19:34.137+0000] {manager.py:740} INFO - There are 0 files in /opt/airflow/dags
[2025-10-10T14:19:53.716+0000] {manager.py:452} INFO - Exiting gracefully upon receiving signal 15
[2025-10-10T14:20:42.312+0000] {manager.py:470} INFO - Processing files using up to 2 processes at a time 
[2025-10-10T14:20:42.312+0000] {manager.py:471} INFO - Process each file at most once every 30 seconds
[2025-10-10T14:20:42.312+0000] {manager.py:472} INFO - Checking for new files in /opt/airflow/dags every 300 seconds
[2025-10-10T14:20:42.313+0000] {manager.py:737} INFO - Searching for files in /opt/airflow/dags
[2025-10-10T14:20:42.313+0000] {manager.py:740} INFO - There are 0 files in /opt/airflow/dags
[2025-10-10T14:25:42.378+0000] {manager.py:737} INFO - Searching for files in /opt/airflow/dags
[2025-10-10T14:25:42.382+0000] {manager.py:740} INFO - There are 0 files in /opt/airflow/dags
[2025-10-10T14:29:25.475+0000] {manager.py:452} INFO - Exiting gracefully upon receiving signal 15
[2025-10-10T14:30:05.998+0000] {manager.py:470} INFO - Processing files using up to 2 processes at a time 
[2025-10-10T14:30:05.998+0000] {manager.py:471} INFO - Process each file at most once every 30 seconds
[2025-10-10T14:30:05.999+0000] {manager.py:472} INFO - Checking for new files in /opt/airflow/dags every 300 seconds
[2025-10-10T14:30:05.999+0000] {manager.py:737} INFO - Searching for files in /opt/airflow/dags
[2025-10-10T14:30:06.000+0000] {manager.py:740} INFO - There are 0 files in /opt/airflow/dags
[2025-10-10T14:31:52.548+0000] {manager.py:452} INFO - Exiting gracefully upon receiving signal 15
[2025-10-10T14:33:48.775+0000] {manager.py:470} INFO - Processing files using up to 2 processes at a time 
[2025-10-10T14:33:48.775+0000] {manager.py:471} INFO - Process each file at most once every 30 seconds
[2025-10-10T14:33:48.776+0000] {manager.py:472} INFO - Checking for new files in /opt/airflow/dags every 300 seconds
[2025-10-10T14:33:48.776+0000] {manager.py:737} INFO - Searching for files in /opt/airflow/dags
[2025-10-10T14:33:48.777+0000] {manager.py:740} INFO - There are 0 files in /opt/airflow/dags
[2025-10-10T14:38:49.749+0000] {manager.py:737} INFO - Searching for files in /opt/airflow/dags
[2025-10-10T14:38:49.754+0000] {manager.py:740} INFO - There are 0 files in /opt/airflow/dags
[2025-10-10T14:39:33.076+0000] {manager.py:452} INFO - Exiting gracefully upon receiving signal 15
[2025-10-10T14:41:35.957+0000] {manager.py:470} INFO - Processing files using up to 2 processes at a time 
[2025-10-10T14:41:35.959+0000] {manager.py:471} INFO - Process each file at most once every 30 seconds
[2025-10-10T14:41:35.959+0000] {manager.py:472} INFO - Checking for new files in /opt/airflow/dags every 300 seconds
[2025-10-10T14:41:35.959+0000] {manager.py:737} INFO - Searching for files in /opt/airflow/dags
[2025-10-10T14:41:35.960+0000] {manager.py:740} INFO - There are 0 files in /opt/airflow/dags
[2025-10-10T14:42:29.729+0000] {manager.py:452} INFO - Exiting gracefully upon receiving signal 15
[2025-10-16T07:48:29.271+0000] {manager.py:470} INFO - Processing files using up to 2 processes at a time 
[2025-10-16T07:48:29.272+0000] {manager.py:471} INFO - Process each file at most once every 30 seconds
[2025-10-16T07:48:29.272+0000] {manager.py:472} INFO - Checking for new files in /opt/airflow/dags every 300 seconds
[2025-10-16T07:48:29.272+0000] {manager.py:737} INFO - Searching for files in /opt/airflow/dags
[2025-10-16T07:48:29.273+0000] {manager.py:740} INFO - There are 0 files in /opt/airflow/dags
[2025-10-16T07:51:17.223+0000] {manager.py:452} INFO - Exiting gracefully upon receiving signal 15
[2025-10-16T07:51:48.993+0000] {manager.py:470} INFO - Processing files using up to 2 processes at a time 
[2025-10-16T07:51:48.993+0000] {manager.py:471} INFO - Process each file at most once every 30 seconds
[2025-10-16T07:51:48.993+0000] {manager.py:472} INFO - Checking for new files in /opt/airflow/dags every 300 seconds
[2025-10-16T07:51:48.994+0000] {manager.py:737} INFO - Searching for files in /opt/airflow/dags
[2025-10-16T07:51:48.994+0000] {manager.py:740} INFO - There are 0 files in /opt/airflow/dags
[2025-10-16T07:56:49.876+0000] {manager.py:737} INFO - Searching for files in /opt/airflow/dags
[2025-10-16T07:56:49.880+0000] {manager.py:740} INFO - There are 0 files in /opt/airflow/dags
