[2025-10-21T13:03:30.169+0000] {local_task_job_runner.py:120} INFO - ::group::Pre task execution logs
[2025-10-21T13:03:30.181+0000] {taskinstance.py:2076} INFO - Dependencies all met for dep_context=non-requeueable deps ti=<TaskInstance: daily_crypto_analysis.analyze_trends scheduled__2025-10-20T06:00:00+00:00 [queued]>
[2025-10-21T13:03:30.184+0000] {taskinstance.py:2076} INFO - Dependencies all met for dep_context=requeueable deps ti=<TaskInstance: daily_crypto_analysis.analyze_trends scheduled__2025-10-20T06:00:00+00:00 [queued]>
[2025-10-21T13:03:30.184+0000] {taskinstance.py:2306} INFO - Starting attempt 1 of 2
[2025-10-21T13:03:30.189+0000] {taskinstance.py:2330} INFO - Executing <Task(PythonOperator): analyze_trends> on 2025-10-20 06:00:00+00:00
[2025-10-21T13:03:30.192+0000] {logging_mixin.py:188} WARNING - /home/***/.local/lib/python3.12/site-packages/***/task/task_runner/standard_task_runner.py:62 DeprecationWarning: This process (pid=198) is multi-threaded, use of fork() may lead to deadlocks in the child.
[2025-10-21T13:03:30.192+0000] {standard_task_runner.py:64} INFO - Started process 200 to run task
[2025-10-21T13:03:30.192+0000] {standard_task_runner.py:90} INFO - Running: ['***', 'tasks', 'run', 'daily_crypto_analysis', 'analyze_trends', 'scheduled__2025-10-20T06:00:00+00:00', '--job-id', '34', '--raw', '--subdir', 'DAGS_FOLDER/daily_crypto_analysis_dag.py', '--cfg-path', '/tmp/tmpukgpnk76']
[2025-10-21T13:03:30.193+0000] {standard_task_runner.py:91} INFO - Job 34: Subtask analyze_trends
[2025-10-21T13:03:30.198+0000] {logging_mixin.py:188} WARNING - /home/***/.local/lib/python3.12/site-packages/***/settings.py:195 DeprecationWarning: The sql_alchemy_conn option in [core] has been moved to the sql_alchemy_conn option in [database] - the old setting has been used, but please update your config.
[2025-10-21T13:03:30.212+0000] {task_command.py:426} INFO - Running <TaskInstance: daily_crypto_analysis.analyze_trends scheduled__2025-10-20T06:00:00+00:00 [running]> on host f6ef3c1b1b52
[2025-10-21T13:03:30.243+0000] {taskinstance.py:2648} INFO - Exporting env vars: AIRFLOW_CTX_DAG_OWNER='***' AIRFLOW_CTX_DAG_ID='daily_crypto_analysis' AIRFLOW_CTX_TASK_ID='analyze_trends' AIRFLOW_CTX_EXECUTION_DATE='2025-10-20T06:00:00+00:00' AIRFLOW_CTX_TRY_NUMBER='1' AIRFLOW_CTX_DAG_RUN_ID='scheduled__2025-10-20T06:00:00+00:00'
[2025-10-21T13:03:30.243+0000] {taskinstance.py:430} INFO - ::endgroup::
[2025-10-21T13:03:30.248+0000] {daily_crypto_analysis_dag.py:92} INFO - 🔎 Analyse des tendances en cours... (exemple simplifié)
[2025-10-21T13:03:30.249+0000] {python.py:237} INFO - Done. Returned value was: None
[2025-10-21T13:03:30.249+0000] {taskinstance.py:441} INFO - ::group::Post task execution logs
[2025-10-21T13:03:30.329+0000] {taskinstance.py:1206} INFO - Marking task as SUCCESS. dag_id=daily_crypto_analysis, task_id=analyze_trends, run_id=scheduled__2025-10-20T06:00:00+00:00, execution_date=20251020T060000, start_date=20251021T130330, end_date=20251021T130330
[2025-10-21T13:03:30.374+0000] {local_task_job_runner.py:243} INFO - Task exited with return code 0
[2025-10-21T13:03:30.382+0000] {taskinstance.py:3503} INFO - 1 downstream tasks scheduled from follow-on schedule check
[2025-10-21T13:03:30.383+0000] {local_task_job_runner.py:222} INFO - ::endgroup::
