[2025-10-16T17:06:21.520+0000] {local_task_job_runner.py:120} INFO - ::group::Pre task execution logs
[2025-10-16T17:06:21.531+0000] {taskinstance.py:2076} INFO - Dependencies all met for dep_context=non-requeueable deps ti=<TaskInstance: daily_crypto_analysis.export_report manual__2025-10-16T00:00:00+00:00 [queued]>
[2025-10-16T17:06:21.533+0000] {taskinstance.py:2076} INFO - Dependencies all met for dep_context=requeueable deps ti=<TaskInstance: daily_crypto_analysis.export_report manual__2025-10-16T00:00:00+00:00 [queued]>
[2025-10-16T17:06:21.533+0000] {taskinstance.py:2306} INFO - Starting attempt 1 of 2
[2025-10-16T17:06:21.537+0000] {taskinstance.py:2330} INFO - Executing <Task(PythonOperator): export_report> on 2025-10-16 00:00:00+00:00
[2025-10-16T17:06:21.540+0000] {logging_mixin.py:188} WARNING - /home/***/.local/lib/python3.12/site-packages/***/task/task_runner/standard_task_runner.py:62 DeprecationWarning: This process (pid=615) is multi-threaded, use of fork() may lead to deadlocks in the child.
[2025-10-16T17:06:21.541+0000] {standard_task_runner.py:64} INFO - Started process 617 to run task
[2025-10-16T17:06:21.540+0000] {standard_task_runner.py:90} INFO - Running: ['***', 'tasks', 'run', 'daily_crypto_analysis', 'export_report', 'manual__2025-10-16T00:00:00+00:00', '--job-id', '16', '--raw', '--subdir', 'DAGS_FOLDER/daily_crypto_analysis_dag.py', '--cfg-path', '/tmp/tmpxgll4067']
[2025-10-16T17:06:21.541+0000] {standard_task_runner.py:91} INFO - Job 16: Subtask export_report
[2025-10-16T17:06:21.547+0000] {logging_mixin.py:188} WARNING - /home/***/.local/lib/python3.12/site-packages/***/settings.py:195 DeprecationWarning: The sql_alchemy_conn option in [core] has been moved to the sql_alchemy_conn option in [database] - the old setting has been used, but please update your config.
[2025-10-16T17:06:21.557+0000] {task_command.py:426} INFO - Running <TaskInstance: daily_crypto_analysis.export_report manual__2025-10-16T00:00:00+00:00 [running]> on host 6845f55d4275
[2025-10-16T17:06:21.584+0000] {taskinstance.py:2648} INFO - Exporting env vars: AIRFLOW_CTX_DAG_OWNER='***' AIRFLOW_CTX_DAG_ID='daily_crypto_analysis' AIRFLOW_CTX_TASK_ID='export_report' AIRFLOW_CTX_EXECUTION_DATE='2025-10-16T00:00:00+00:00' AIRFLOW_CTX_TRY_NUMBER='1' AIRFLOW_CTX_DAG_RUN_ID='manual__2025-10-16T00:00:00+00:00'
[2025-10-16T17:06:21.585+0000] {taskinstance.py:430} INFO - ::endgroup::
[2025-10-16T17:06:21.590+0000] {daily_crypto_analysis_dag.py:98} INFO - 📄 Génération du rapport pour 2025-10-16 (exemple)
[2025-10-16T17:06:21.590+0000] {python.py:237} INFO - Done. Returned value was: None
[2025-10-16T17:06:21.590+0000] {taskinstance.py:441} INFO - ::group::Post task execution logs
[2025-10-16T17:06:21.671+0000] {taskinstance.py:1206} INFO - Marking task as SUCCESS. dag_id=daily_crypto_analysis, task_id=export_report, run_id=manual__2025-10-16T00:00:00+00:00, execution_date=20251016T000000, start_date=20251016T170621, end_date=20251016T170621
[2025-10-16T17:06:21.683+0000] {local_task_job_runner.py:243} INFO - Task exited with return code 0
[2025-10-16T17:06:21.689+0000] {taskinstance.py:3503} INFO - 0 downstream tasks scheduled from follow-on schedule check
[2025-10-16T17:06:21.690+0000] {local_task_job_runner.py:222} INFO - ::endgroup::
