[2025-10-16T17:18:21.135+0000] {local_task_job_runner.py:120} INFO - ::group::Pre task execution logs
[2025-10-16T17:18:21.147+0000] {taskinstance.py:2076} INFO - Dependencies all met for dep_context=non-requeueable deps ti=<TaskInstance: daily_crypto_analysis.check_data scheduled__2025-10-15T16:00:00+00:00 [queued]>
[2025-10-16T17:18:21.149+0000] {taskinstance.py:2076} INFO - Dependencies all met for dep_context=requeueable deps ti=<TaskInstance: daily_crypto_analysis.check_data scheduled__2025-10-15T16:00:00+00:00 [queued]>
[2025-10-16T17:18:21.150+0000] {taskinstance.py:2306} INFO - Starting attempt 1 of 2
[2025-10-16T17:18:21.154+0000] {taskinstance.py:2330} INFO - Executing <Task(PythonOperator): check_data> on 2025-10-15 16:00:00+00:00
[2025-10-16T17:18:21.157+0000] {logging_mixin.py:188} WARNING - /home/***/.local/lib/python3.12/site-packages/***/task/task_runner/standard_task_runner.py:62 DeprecationWarning: This process (pid=888) is multi-threaded, use of fork() may lead to deadlocks in the child.
[2025-10-16T17:18:21.158+0000] {standard_task_runner.py:64} INFO - Started process 890 to run task
[2025-10-16T17:18:21.157+0000] {standard_task_runner.py:90} INFO - Running: ['***', 'tasks', 'run', 'daily_crypto_analysis', 'check_data', 'scheduled__2025-10-15T16:00:00+00:00', '--job-id', '17', '--raw', '--subdir', 'DAGS_FOLDER/daily_crypto_analysis_dag.py', '--cfg-path', '/tmp/tmptbxi4gll']
[2025-10-16T17:18:21.158+0000] {standard_task_runner.py:91} INFO - Job 17: Subtask check_data
[2025-10-16T17:18:21.164+0000] {logging_mixin.py:188} WARNING - /home/***/.local/lib/python3.12/site-packages/***/settings.py:195 DeprecationWarning: The sql_alchemy_conn option in [core] has been moved to the sql_alchemy_conn option in [database] - the old setting has been used, but please update your config.
[2025-10-16T17:18:21.177+0000] {task_command.py:426} INFO - Running <TaskInstance: daily_crypto_analysis.check_data scheduled__2025-10-15T16:00:00+00:00 [running]> on host 6845f55d4275
[2025-10-16T17:18:21.206+0000] {taskinstance.py:2648} INFO - Exporting env vars: AIRFLOW_CTX_DAG_OWNER='***' AIRFLOW_CTX_DAG_ID='daily_crypto_analysis' AIRFLOW_CTX_TASK_ID='check_data' AIRFLOW_CTX_EXECUTION_DATE='2025-10-15T16:00:00+00:00' AIRFLOW_CTX_TRY_NUMBER='1' AIRFLOW_CTX_DAG_RUN_ID='scheduled__2025-10-15T16:00:00+00:00'
[2025-10-16T17:18:21.206+0000] {taskinstance.py:430} INFO - ::endgroup::
[2025-10-16T17:18:21.214+0000] {daily_crypto_analysis_dag.py:31} WARNING - ⚠️ Pas de données pour 2025-10-15
[2025-10-16T17:18:21.214+0000] {python.py:237} INFO - Done. Returned value was: None
[2025-10-16T17:18:21.215+0000] {taskinstance.py:441} INFO - ::group::Post task execution logs
[2025-10-16T17:18:21.304+0000] {taskinstance.py:1206} INFO - Marking task as SUCCESS. dag_id=daily_crypto_analysis, task_id=check_data, run_id=scheduled__2025-10-15T16:00:00+00:00, execution_date=20251015T160000, start_date=20251016T171821, end_date=20251016T171821
[2025-10-16T17:18:21.338+0000] {local_task_job_runner.py:243} INFO - Task exited with return code 0
[2025-10-16T17:18:21.348+0000] {taskinstance.py:3503} INFO - 1 downstream tasks scheduled from follow-on schedule check
[2025-10-16T17:18:21.348+0000] {local_task_job_runner.py:222} INFO - ::endgroup::
