[2025-10-27T08:08:49.423+0000] {processor.py:161} INFO - Started process (PID=190) to work on /opt/airflow/dags/crypto_pipeline.py
[2025-10-27T08:08:49.423+0000] {processor.py:830} INFO - Processing file /opt/airflow/dags/crypto_pipeline.py for tasks to queue
[2025-10-27T08:08:49.425+0000] {logging_mixin.py:188} INFO - [2025-10-27T08:08:49.425+0000] {dagbag.py:545} INFO - Filling up the DagBag from /opt/airflow/dags/crypto_pipeline.py
[2025-10-27T08:08:49.436+0000] {processor.py:840} INFO - DAG(s) 'crypto_pipeline' retrieved from /opt/airflow/dags/crypto_pipeline.py
[2025-10-27T08:08:49.444+0000] {logging_mixin.py:188} INFO - [2025-10-27T08:08:49.444+0000] {dag.py:3089} INFO - Sync 1 DAGs
[2025-10-27T08:08:49.471+0000] {logging_mixin.py:188} INFO - [2025-10-27T08:08:49.471+0000] {dag.py:3947} INFO - Setting next_dagrun for crypto_pipeline to 2025-10-27 07:00:00+00:00, run_after=2025-10-27 08:00:00+00:00
[2025-10-27T08:08:49.483+0000] {processor.py:183} INFO - Processing /opt/airflow/dags/crypto_pipeline.py took 0.063 seconds
[2025-10-27T08:09:20.516+0000] {processor.py:161} INFO - Started process (PID=212) to work on /opt/airflow/dags/crypto_pipeline.py
[2025-10-27T08:09:20.516+0000] {processor.py:830} INFO - Processing file /opt/airflow/dags/crypto_pipeline.py for tasks to queue
[2025-10-27T08:09:20.517+0000] {logging_mixin.py:188} INFO - [2025-10-27T08:09:20.517+0000] {dagbag.py:545} INFO - Filling up the DagBag from /opt/airflow/dags/crypto_pipeline.py
[2025-10-27T08:09:20.523+0000] {processor.py:840} INFO - DAG(s) 'crypto_pipeline' retrieved from /opt/airflow/dags/crypto_pipeline.py
[2025-10-27T08:09:20.560+0000] {logging_mixin.py:188} INFO - [2025-10-27T08:09:20.560+0000] {dag.py:3089} INFO - Sync 1 DAGs
[2025-10-27T08:09:20.566+0000] {logging_mixin.py:188} INFO - [2025-10-27T08:09:20.566+0000] {dag.py:3947} INFO - Setting next_dagrun for crypto_pipeline to 2025-10-27 07:00:00+00:00, run_after=2025-10-27 08:00:00+00:00
[2025-10-27T08:09:20.571+0000] {processor.py:183} INFO - Processing /opt/airflow/dags/crypto_pipeline.py took 0.058 seconds
[2025-10-27T08:09:52.253+0000] {processor.py:161} INFO - Started process (PID=229) to work on /opt/airflow/dags/crypto_pipeline.py
[2025-10-27T08:09:52.254+0000] {processor.py:830} INFO - Processing file /opt/airflow/dags/crypto_pipeline.py for tasks to queue
[2025-10-27T08:09:52.254+0000] {logging_mixin.py:188} INFO - [2025-10-27T08:09:52.254+0000] {dagbag.py:545} INFO - Filling up the DagBag from /opt/airflow/dags/crypto_pipeline.py
[2025-10-27T08:09:52.259+0000] {processor.py:840} INFO - DAG(s) 'crypto_pipeline' retrieved from /opt/airflow/dags/crypto_pipeline.py
[2025-10-27T08:09:52.272+0000] {logging_mixin.py:188} INFO - [2025-10-27T08:09:52.272+0000] {dag.py:3089} INFO - Sync 1 DAGs
[2025-10-27T08:09:52.281+0000] {logging_mixin.py:188} INFO - [2025-10-27T08:09:52.281+0000] {dag.py:3947} INFO - Setting next_dagrun for crypto_pipeline to 2025-10-27 07:00:00+00:00, run_after=2025-10-27 08:00:00+00:00
[2025-10-27T08:09:52.286+0000] {processor.py:183} INFO - Processing /opt/airflow/dags/crypto_pipeline.py took 0.034 seconds
[2025-10-27T08:10:22.790+0000] {processor.py:161} INFO - Started process (PID=246) to work on /opt/airflow/dags/crypto_pipeline.py
[2025-10-27T08:10:22.790+0000] {processor.py:830} INFO - Processing file /opt/airflow/dags/crypto_pipeline.py for tasks to queue
[2025-10-27T08:10:22.791+0000] {logging_mixin.py:188} INFO - [2025-10-27T08:10:22.791+0000] {dagbag.py:545} INFO - Filling up the DagBag from /opt/airflow/dags/crypto_pipeline.py
[2025-10-27T08:10:22.796+0000] {processor.py:840} INFO - DAG(s) 'crypto_pipeline' retrieved from /opt/airflow/dags/crypto_pipeline.py
[2025-10-27T08:10:22.808+0000] {logging_mixin.py:188} INFO - [2025-10-27T08:10:22.808+0000] {dag.py:3089} INFO - Sync 1 DAGs
[2025-10-27T08:10:22.816+0000] {logging_mixin.py:188} INFO - [2025-10-27T08:10:22.816+0000] {dag.py:3947} INFO - Setting next_dagrun for crypto_pipeline to 2025-10-27 07:00:00+00:00, run_after=2025-10-27 08:00:00+00:00
[2025-10-27T08:10:22.833+0000] {processor.py:183} INFO - Processing /opt/airflow/dags/crypto_pipeline.py took 0.045 seconds
[2025-10-27T08:10:53.276+0000] {processor.py:161} INFO - Started process (PID=271) to work on /opt/airflow/dags/crypto_pipeline.py
[2025-10-27T08:10:53.277+0000] {processor.py:830} INFO - Processing file /opt/airflow/dags/crypto_pipeline.py for tasks to queue
[2025-10-27T08:10:53.278+0000] {logging_mixin.py:188} INFO - [2025-10-27T08:10:53.278+0000] {dagbag.py:545} INFO - Filling up the DagBag from /opt/airflow/dags/crypto_pipeline.py
[2025-10-27T08:10:53.283+0000] {processor.py:840} INFO - DAG(s) 'crypto_pipeline' retrieved from /opt/airflow/dags/crypto_pipeline.py
[2025-10-27T08:10:53.298+0000] {logging_mixin.py:188} INFO - [2025-10-27T08:10:53.298+0000] {dag.py:3089} INFO - Sync 1 DAGs
[2025-10-27T08:10:53.307+0000] {logging_mixin.py:188} INFO - [2025-10-27T08:10:53.307+0000] {dag.py:3947} INFO - Setting next_dagrun for crypto_pipeline to 2025-10-27 07:00:00+00:00, run_after=2025-10-27 08:00:00+00:00
[2025-10-27T08:10:53.316+0000] {processor.py:183} INFO - Processing /opt/airflow/dags/crypto_pipeline.py took 0.042 seconds
[2025-10-27T08:11:24.437+0000] {processor.py:161} INFO - Started process (PID=305) to work on /opt/airflow/dags/crypto_pipeline.py
[2025-10-27T08:11:24.437+0000] {processor.py:830} INFO - Processing file /opt/airflow/dags/crypto_pipeline.py for tasks to queue
[2025-10-27T08:11:24.438+0000] {logging_mixin.py:188} INFO - [2025-10-27T08:11:24.438+0000] {dagbag.py:545} INFO - Filling up the DagBag from /opt/airflow/dags/crypto_pipeline.py
[2025-10-27T08:11:24.442+0000] {processor.py:840} INFO - DAG(s) 'crypto_pipeline' retrieved from /opt/airflow/dags/crypto_pipeline.py
[2025-10-27T08:11:24.453+0000] {logging_mixin.py:188} INFO - [2025-10-27T08:11:24.453+0000] {dag.py:3089} INFO - Sync 1 DAGs
[2025-10-27T08:11:24.460+0000] {logging_mixin.py:188} INFO - [2025-10-27T08:11:24.460+0000] {dag.py:3947} INFO - Setting next_dagrun for crypto_pipeline to 2025-10-27 07:00:00+00:00, run_after=2025-10-27 08:00:00+00:00
[2025-10-27T08:11:24.465+0000] {processor.py:183} INFO - Processing /opt/airflow/dags/crypto_pipeline.py took 0.031 seconds
[2025-10-27T08:11:55.596+0000] {processor.py:161} INFO - Started process (PID=320) to work on /opt/airflow/dags/crypto_pipeline.py
[2025-10-27T08:11:55.596+0000] {processor.py:830} INFO - Processing file /opt/airflow/dags/crypto_pipeline.py for tasks to queue
[2025-10-27T08:11:55.597+0000] {logging_mixin.py:188} INFO - [2025-10-27T08:11:55.597+0000] {dagbag.py:545} INFO - Filling up the DagBag from /opt/airflow/dags/crypto_pipeline.py
[2025-10-27T08:11:55.604+0000] {processor.py:840} INFO - DAG(s) 'crypto_pipeline' retrieved from /opt/airflow/dags/crypto_pipeline.py
[2025-10-27T08:11:55.615+0000] {logging_mixin.py:188} INFO - [2025-10-27T08:11:55.615+0000] {dag.py:3089} INFO - Sync 1 DAGs
[2025-10-27T08:11:55.623+0000] {logging_mixin.py:188} INFO - [2025-10-27T08:11:55.623+0000] {dag.py:3947} INFO - Setting next_dagrun for crypto_pipeline to 2025-10-27 07:00:00+00:00, run_after=2025-10-27 08:00:00+00:00
[2025-10-27T08:11:55.628+0000] {processor.py:183} INFO - Processing /opt/airflow/dags/crypto_pipeline.py took 0.034 seconds
[2025-10-27T08:12:26.805+0000] {processor.py:161} INFO - Started process (PID=337) to work on /opt/airflow/dags/crypto_pipeline.py
[2025-10-27T08:12:26.806+0000] {processor.py:830} INFO - Processing file /opt/airflow/dags/crypto_pipeline.py for tasks to queue
[2025-10-27T08:12:26.806+0000] {logging_mixin.py:188} INFO - [2025-10-27T08:12:26.806+0000] {dagbag.py:545} INFO - Filling up the DagBag from /opt/airflow/dags/crypto_pipeline.py
[2025-10-27T08:12:26.812+0000] {processor.py:840} INFO - DAG(s) 'crypto_pipeline' retrieved from /opt/airflow/dags/crypto_pipeline.py
[2025-10-27T08:12:26.824+0000] {logging_mixin.py:188} INFO - [2025-10-27T08:12:26.824+0000] {dag.py:3089} INFO - Sync 1 DAGs
[2025-10-27T08:12:26.833+0000] {logging_mixin.py:188} INFO - [2025-10-27T08:12:26.833+0000] {dag.py:3947} INFO - Setting next_dagrun for crypto_pipeline to 2025-10-27 07:00:00+00:00, run_after=2025-10-27 08:00:00+00:00
[2025-10-27T08:12:26.840+0000] {processor.py:183} INFO - Processing /opt/airflow/dags/crypto_pipeline.py took 0.037 seconds
[2025-10-27T08:12:58.296+0000] {processor.py:161} INFO - Started process (PID=354) to work on /opt/airflow/dags/crypto_pipeline.py
[2025-10-27T08:12:58.298+0000] {processor.py:830} INFO - Processing file /opt/airflow/dags/crypto_pipeline.py for tasks to queue
[2025-10-27T08:12:58.299+0000] {logging_mixin.py:188} INFO - [2025-10-27T08:12:58.299+0000] {dagbag.py:545} INFO - Filling up the DagBag from /opt/airflow/dags/crypto_pipeline.py
[2025-10-27T08:12:58.304+0000] {processor.py:840} INFO - DAG(s) 'crypto_pipeline' retrieved from /opt/airflow/dags/crypto_pipeline.py
[2025-10-27T08:12:58.317+0000] {logging_mixin.py:188} INFO - [2025-10-27T08:12:58.317+0000] {dag.py:3089} INFO - Sync 1 DAGs
[2025-10-27T08:12:58.325+0000] {logging_mixin.py:188} INFO - [2025-10-27T08:12:58.325+0000] {dag.py:3947} INFO - Setting next_dagrun for crypto_pipeline to 2025-10-27 07:00:00+00:00, run_after=2025-10-27 08:00:00+00:00
[2025-10-27T08:12:58.330+0000] {processor.py:183} INFO - Processing /opt/airflow/dags/crypto_pipeline.py took 0.036 seconds
[2025-10-27T08:13:29.178+0000] {processor.py:161} INFO - Started process (PID=371) to work on /opt/airflow/dags/crypto_pipeline.py
[2025-10-27T08:13:29.180+0000] {processor.py:830} INFO - Processing file /opt/airflow/dags/crypto_pipeline.py for tasks to queue
[2025-10-27T08:13:29.181+0000] {logging_mixin.py:188} INFO - [2025-10-27T08:13:29.181+0000] {dagbag.py:545} INFO - Filling up the DagBag from /opt/airflow/dags/crypto_pipeline.py
[2025-10-27T08:13:29.185+0000] {processor.py:840} INFO - DAG(s) 'crypto_pipeline' retrieved from /opt/airflow/dags/crypto_pipeline.py
[2025-10-27T08:13:29.196+0000] {logging_mixin.py:188} INFO - [2025-10-27T08:13:29.195+0000] {dag.py:3089} INFO - Sync 1 DAGs
[2025-10-27T08:13:29.202+0000] {logging_mixin.py:188} INFO - [2025-10-27T08:13:29.202+0000] {dag.py:3947} INFO - Setting next_dagrun for crypto_pipeline to 2025-10-27 07:00:00+00:00, run_after=2025-10-27 08:00:00+00:00
[2025-10-27T08:13:29.208+0000] {processor.py:183} INFO - Processing /opt/airflow/dags/crypto_pipeline.py took 0.032 seconds
[2025-10-27T08:13:59.761+0000] {processor.py:161} INFO - Started process (PID=388) to work on /opt/airflow/dags/crypto_pipeline.py
[2025-10-27T08:13:59.761+0000] {processor.py:830} INFO - Processing file /opt/airflow/dags/crypto_pipeline.py for tasks to queue
[2025-10-27T08:13:59.763+0000] {logging_mixin.py:188} INFO - [2025-10-27T08:13:59.763+0000] {dagbag.py:545} INFO - Filling up the DagBag from /opt/airflow/dags/crypto_pipeline.py
[2025-10-27T08:13:59.771+0000] {processor.py:840} INFO - DAG(s) 'crypto_pipeline' retrieved from /opt/airflow/dags/crypto_pipeline.py
[2025-10-27T08:13:59.782+0000] {logging_mixin.py:188} INFO - [2025-10-27T08:13:59.782+0000] {dag.py:3089} INFO - Sync 1 DAGs
[2025-10-27T08:13:59.790+0000] {logging_mixin.py:188} INFO - [2025-10-27T08:13:59.789+0000] {dag.py:3947} INFO - Setting next_dagrun for crypto_pipeline to 2025-10-27 07:00:00+00:00, run_after=2025-10-27 08:00:00+00:00
[2025-10-27T08:13:59.795+0000] {processor.py:183} INFO - Processing /opt/airflow/dags/crypto_pipeline.py took 0.036 seconds
[2025-10-27T08:14:30.509+0000] {processor.py:161} INFO - Started process (PID=405) to work on /opt/airflow/dags/crypto_pipeline.py
[2025-10-27T08:14:30.509+0000] {processor.py:830} INFO - Processing file /opt/airflow/dags/crypto_pipeline.py for tasks to queue
[2025-10-27T08:14:30.510+0000] {logging_mixin.py:188} INFO - [2025-10-27T08:14:30.510+0000] {dagbag.py:545} INFO - Filling up the DagBag from /opt/airflow/dags/crypto_pipeline.py
[2025-10-27T08:14:30.518+0000] {processor.py:840} INFO - DAG(s) 'crypto_pipeline' retrieved from /opt/airflow/dags/crypto_pipeline.py
[2025-10-27T08:14:30.534+0000] {logging_mixin.py:188} INFO - [2025-10-27T08:14:30.534+0000] {dag.py:3089} INFO - Sync 1 DAGs
[2025-10-27T08:14:30.541+0000] {logging_mixin.py:188} INFO - [2025-10-27T08:14:30.541+0000] {dag.py:3947} INFO - Setting next_dagrun for crypto_pipeline to 2025-10-27 07:00:00+00:00, run_after=2025-10-27 08:00:00+00:00
[2025-10-27T08:14:30.546+0000] {processor.py:183} INFO - Processing /opt/airflow/dags/crypto_pipeline.py took 0.040 seconds
[2025-10-27T08:15:01.804+0000] {processor.py:161} INFO - Started process (PID=422) to work on /opt/airflow/dags/crypto_pipeline.py
[2025-10-27T08:15:01.804+0000] {processor.py:830} INFO - Processing file /opt/airflow/dags/crypto_pipeline.py for tasks to queue
[2025-10-27T08:15:01.805+0000] {logging_mixin.py:188} INFO - [2025-10-27T08:15:01.805+0000] {dagbag.py:545} INFO - Filling up the DagBag from /opt/airflow/dags/crypto_pipeline.py
[2025-10-27T08:15:01.811+0000] {processor.py:840} INFO - DAG(s) 'crypto_pipeline' retrieved from /opt/airflow/dags/crypto_pipeline.py
[2025-10-27T08:15:01.822+0000] {logging_mixin.py:188} INFO - [2025-10-27T08:15:01.822+0000] {dag.py:3089} INFO - Sync 1 DAGs
[2025-10-27T08:15:01.830+0000] {logging_mixin.py:188} INFO - [2025-10-27T08:15:01.830+0000] {dag.py:3947} INFO - Setting next_dagrun for crypto_pipeline to 2025-10-27 07:00:00+00:00, run_after=2025-10-27 08:00:00+00:00
[2025-10-27T08:15:01.835+0000] {processor.py:183} INFO - Processing /opt/airflow/dags/crypto_pipeline.py took 0.034 seconds
[2025-10-27T08:15:32.450+0000] {processor.py:161} INFO - Started process (PID=439) to work on /opt/airflow/dags/crypto_pipeline.py
[2025-10-27T08:15:32.450+0000] {processor.py:830} INFO - Processing file /opt/airflow/dags/crypto_pipeline.py for tasks to queue
[2025-10-27T08:15:32.451+0000] {logging_mixin.py:188} INFO - [2025-10-27T08:15:32.451+0000] {dagbag.py:545} INFO - Filling up the DagBag from /opt/airflow/dags/crypto_pipeline.py
[2025-10-27T08:15:32.455+0000] {processor.py:840} INFO - DAG(s) 'crypto_pipeline' retrieved from /opt/airflow/dags/crypto_pipeline.py
[2025-10-27T08:15:32.466+0000] {logging_mixin.py:188} INFO - [2025-10-27T08:15:32.466+0000] {dag.py:3089} INFO - Sync 1 DAGs
[2025-10-27T08:15:32.475+0000] {logging_mixin.py:188} INFO - [2025-10-27T08:15:32.475+0000] {dag.py:3947} INFO - Setting next_dagrun for crypto_pipeline to 2025-10-27 07:00:00+00:00, run_after=2025-10-27 08:00:00+00:00
[2025-10-27T08:15:32.480+0000] {processor.py:183} INFO - Processing /opt/airflow/dags/crypto_pipeline.py took 0.033 seconds
[2025-10-27T08:16:03.485+0000] {processor.py:161} INFO - Started process (PID=456) to work on /opt/airflow/dags/crypto_pipeline.py
[2025-10-27T08:16:03.489+0000] {processor.py:830} INFO - Processing file /opt/airflow/dags/crypto_pipeline.py for tasks to queue
[2025-10-27T08:16:03.490+0000] {logging_mixin.py:188} INFO - [2025-10-27T08:16:03.489+0000] {dagbag.py:545} INFO - Filling up the DagBag from /opt/airflow/dags/crypto_pipeline.py
[2025-10-27T08:16:03.494+0000] {processor.py:840} INFO - DAG(s) 'crypto_pipeline' retrieved from /opt/airflow/dags/crypto_pipeline.py
[2025-10-27T08:16:03.504+0000] {logging_mixin.py:188} INFO - [2025-10-27T08:16:03.504+0000] {dag.py:3089} INFO - Sync 1 DAGs
[2025-10-27T08:16:03.511+0000] {logging_mixin.py:188} INFO - [2025-10-27T08:16:03.511+0000] {dag.py:3947} INFO - Setting next_dagrun for crypto_pipeline to 2025-10-27 07:00:00+00:00, run_after=2025-10-27 08:00:00+00:00
[2025-10-27T08:16:03.516+0000] {processor.py:183} INFO - Processing /opt/airflow/dags/crypto_pipeline.py took 0.034 seconds
[2025-10-27T08:16:34.344+0000] {processor.py:161} INFO - Started process (PID=473) to work on /opt/airflow/dags/crypto_pipeline.py
[2025-10-27T08:16:34.345+0000] {processor.py:830} INFO - Processing file /opt/airflow/dags/crypto_pipeline.py for tasks to queue
[2025-10-27T08:16:34.346+0000] {logging_mixin.py:188} INFO - [2025-10-27T08:16:34.345+0000] {dagbag.py:545} INFO - Filling up the DagBag from /opt/airflow/dags/crypto_pipeline.py
[2025-10-27T08:16:34.351+0000] {processor.py:840} INFO - DAG(s) 'crypto_pipeline' retrieved from /opt/airflow/dags/crypto_pipeline.py
[2025-10-27T08:16:34.362+0000] {logging_mixin.py:188} INFO - [2025-10-27T08:16:34.362+0000] {dag.py:3089} INFO - Sync 1 DAGs
[2025-10-27T08:16:34.370+0000] {logging_mixin.py:188} INFO - [2025-10-27T08:16:34.369+0000] {dag.py:3947} INFO - Setting next_dagrun for crypto_pipeline to 2025-10-27 07:00:00+00:00, run_after=2025-10-27 08:00:00+00:00
[2025-10-27T08:16:34.375+0000] {processor.py:183} INFO - Processing /opt/airflow/dags/crypto_pipeline.py took 0.033 seconds
[2025-10-27T08:17:05.221+0000] {processor.py:161} INFO - Started process (PID=490) to work on /opt/airflow/dags/crypto_pipeline.py
[2025-10-27T08:17:05.223+0000] {processor.py:830} INFO - Processing file /opt/airflow/dags/crypto_pipeline.py for tasks to queue
[2025-10-27T08:17:05.224+0000] {logging_mixin.py:188} INFO - [2025-10-27T08:17:05.224+0000] {dagbag.py:545} INFO - Filling up the DagBag from /opt/airflow/dags/crypto_pipeline.py
[2025-10-27T08:17:05.233+0000] {processor.py:840} INFO - DAG(s) 'crypto_pipeline' retrieved from /opt/airflow/dags/crypto_pipeline.py
[2025-10-27T08:17:05.244+0000] {logging_mixin.py:188} INFO - [2025-10-27T08:17:05.244+0000] {dag.py:3089} INFO - Sync 1 DAGs
[2025-10-27T08:17:05.252+0000] {logging_mixin.py:188} INFO - [2025-10-27T08:17:05.252+0000] {dag.py:3947} INFO - Setting next_dagrun for crypto_pipeline to 2025-10-27 07:00:00+00:00, run_after=2025-10-27 08:00:00+00:00
[2025-10-27T08:17:05.257+0000] {processor.py:183} INFO - Processing /opt/airflow/dags/crypto_pipeline.py took 0.039 seconds
[2025-10-27T08:17:36.554+0000] {processor.py:161} INFO - Started process (PID=507) to work on /opt/airflow/dags/crypto_pipeline.py
[2025-10-27T08:17:36.554+0000] {processor.py:830} INFO - Processing file /opt/airflow/dags/crypto_pipeline.py for tasks to queue
[2025-10-27T08:17:36.555+0000] {logging_mixin.py:188} INFO - [2025-10-27T08:17:36.555+0000] {dagbag.py:545} INFO - Filling up the DagBag from /opt/airflow/dags/crypto_pipeline.py
[2025-10-27T08:17:36.565+0000] {processor.py:840} INFO - DAG(s) 'crypto_pipeline' retrieved from /opt/airflow/dags/crypto_pipeline.py
[2025-10-27T08:17:36.576+0000] {logging_mixin.py:188} INFO - [2025-10-27T08:17:36.576+0000] {dag.py:3089} INFO - Sync 1 DAGs
[2025-10-27T08:17:36.584+0000] {logging_mixin.py:188} INFO - [2025-10-27T08:17:36.584+0000] {dag.py:3947} INFO - Setting next_dagrun for crypto_pipeline to 2025-10-27 07:00:00+00:00, run_after=2025-10-27 08:00:00+00:00
[2025-10-27T08:17:36.590+0000] {processor.py:183} INFO - Processing /opt/airflow/dags/crypto_pipeline.py took 0.038 seconds
[2025-10-27T08:18:07.574+0000] {processor.py:161} INFO - Started process (PID=527) to work on /opt/airflow/dags/crypto_pipeline.py
[2025-10-27T08:18:07.575+0000] {processor.py:830} INFO - Processing file /opt/airflow/dags/crypto_pipeline.py for tasks to queue
[2025-10-27T08:18:07.576+0000] {logging_mixin.py:188} INFO - [2025-10-27T08:18:07.576+0000] {dagbag.py:545} INFO - Filling up the DagBag from /opt/airflow/dags/crypto_pipeline.py
[2025-10-27T08:18:07.583+0000] {processor.py:840} INFO - DAG(s) 'crypto_pipeline' retrieved from /opt/airflow/dags/crypto_pipeline.py
[2025-10-27T08:18:07.595+0000] {logging_mixin.py:188} INFO - [2025-10-27T08:18:07.595+0000] {dag.py:3089} INFO - Sync 1 DAGs
[2025-10-27T08:18:07.603+0000] {logging_mixin.py:188} INFO - [2025-10-27T08:18:07.603+0000] {dag.py:3947} INFO - Setting next_dagrun for crypto_pipeline to 2025-10-27 07:00:00+00:00, run_after=2025-10-27 08:00:00+00:00
[2025-10-27T08:18:07.608+0000] {processor.py:183} INFO - Processing /opt/airflow/dags/crypto_pipeline.py took 0.036 seconds
[2025-10-27T08:18:38.896+0000] {processor.py:161} INFO - Started process (PID=544) to work on /opt/airflow/dags/crypto_pipeline.py
[2025-10-27T08:18:38.898+0000] {processor.py:830} INFO - Processing file /opt/airflow/dags/crypto_pipeline.py for tasks to queue
[2025-10-27T08:18:38.899+0000] {logging_mixin.py:188} INFO - [2025-10-27T08:18:38.899+0000] {dagbag.py:545} INFO - Filling up the DagBag from /opt/airflow/dags/crypto_pipeline.py
[2025-10-27T08:18:38.904+0000] {processor.py:840} INFO - DAG(s) 'crypto_pipeline' retrieved from /opt/airflow/dags/crypto_pipeline.py
[2025-10-27T08:18:38.916+0000] {logging_mixin.py:188} INFO - [2025-10-27T08:18:38.916+0000] {dag.py:3089} INFO - Sync 1 DAGs
[2025-10-27T08:18:38.924+0000] {logging_mixin.py:188} INFO - [2025-10-27T08:18:38.924+0000] {dag.py:3947} INFO - Setting next_dagrun for crypto_pipeline to 2025-10-27 07:00:00+00:00, run_after=2025-10-27 08:00:00+00:00
[2025-10-27T08:18:38.930+0000] {processor.py:183} INFO - Processing /opt/airflow/dags/crypto_pipeline.py took 0.037 seconds
