[2025-10-19T17:14:49.959+0000] {processor.py:161} INFO - Started process (PID=182) to work on /opt/airflow/dags/crypto_pipeline.py
[2025-10-19T17:14:49.970+0000] {processor.py:830} INFO - Processing file /opt/airflow/dags/crypto_pipeline.py for tasks to queue
[2025-10-19T17:14:49.976+0000] {logging_mixin.py:188} INFO - [2025-10-19T17:14:49.976+0000] {dagbag.py:545} INFO - Filling up the DagBag from /opt/airflow/dags/crypto_pipeline.py
[2025-10-19T17:14:50.007+0000] {processor.py:840} INFO - DAG(s) 'crypto_pipeline' retrieved from /opt/airflow/dags/crypto_pipeline.py
[2025-10-19T17:14:50.029+0000] {logging_mixin.py:188} INFO - [2025-10-19T17:14:50.028+0000] {dag.py:3089} INFO - Sync 1 DAGs
[2025-10-19T17:14:50.043+0000] {logging_mixin.py:188} INFO - [2025-10-19T17:14:50.042+0000] {dag.py:3947} INFO - Setting next_dagrun for crypto_pipeline to 2025-10-19 16:00:00+00:00, run_after=2025-10-19 17:00:00+00:00
[2025-10-19T17:14:50.051+0000] {processor.py:183} INFO - Processing /opt/airflow/dags/crypto_pipeline.py took 0.096 seconds
[2025-10-19T17:15:20.229+0000] {processor.py:161} INFO - Started process (PID=204) to work on /opt/airflow/dags/crypto_pipeline.py
[2025-10-19T17:15:20.230+0000] {processor.py:830} INFO - Processing file /opt/airflow/dags/crypto_pipeline.py for tasks to queue
[2025-10-19T17:15:20.232+0000] {logging_mixin.py:188} INFO - [2025-10-19T17:15:20.231+0000] {dagbag.py:545} INFO - Filling up the DagBag from /opt/airflow/dags/crypto_pipeline.py
[2025-10-19T17:15:20.243+0000] {processor.py:840} INFO - DAG(s) 'crypto_pipeline' retrieved from /opt/airflow/dags/crypto_pipeline.py
[2025-10-19T17:15:20.349+0000] {logging_mixin.py:188} INFO - [2025-10-19T17:15:20.349+0000] {dag.py:3089} INFO - Sync 1 DAGs
[2025-10-19T17:15:20.356+0000] {logging_mixin.py:188} INFO - [2025-10-19T17:15:20.356+0000] {dag.py:3947} INFO - Setting next_dagrun for crypto_pipeline to 2025-10-19 16:00:00+00:00, run_after=2025-10-19 17:00:00+00:00
[2025-10-19T17:15:20.362+0000] {processor.py:183} INFO - Processing /opt/airflow/dags/crypto_pipeline.py took 0.138 seconds
[2025-10-19T17:15:50.561+0000] {processor.py:161} INFO - Started process (PID=215) to work on /opt/airflow/dags/crypto_pipeline.py
[2025-10-19T17:15:50.562+0000] {processor.py:830} INFO - Processing file /opt/airflow/dags/crypto_pipeline.py for tasks to queue
[2025-10-19T17:15:50.564+0000] {logging_mixin.py:188} INFO - [2025-10-19T17:15:50.563+0000] {dagbag.py:545} INFO - Filling up the DagBag from /opt/airflow/dags/crypto_pipeline.py
[2025-10-19T17:15:50.581+0000] {processor.py:840} INFO - DAG(s) 'crypto_pipeline' retrieved from /opt/airflow/dags/crypto_pipeline.py
[2025-10-19T17:15:50.601+0000] {logging_mixin.py:188} INFO - [2025-10-19T17:15:50.600+0000] {dag.py:3089} INFO - Sync 1 DAGs
[2025-10-19T17:15:50.614+0000] {logging_mixin.py:188} INFO - [2025-10-19T17:15:50.614+0000] {dag.py:3947} INFO - Setting next_dagrun for crypto_pipeline to 2025-10-19 16:00:00+00:00, run_after=2025-10-19 17:00:00+00:00
[2025-10-19T17:15:50.622+0000] {processor.py:183} INFO - Processing /opt/airflow/dags/crypto_pipeline.py took 0.065 seconds
[2025-10-19T17:16:20.846+0000] {processor.py:161} INFO - Started process (PID=238) to work on /opt/airflow/dags/crypto_pipeline.py
[2025-10-19T17:16:20.846+0000] {processor.py:830} INFO - Processing file /opt/airflow/dags/crypto_pipeline.py for tasks to queue
[2025-10-19T17:16:20.848+0000] {logging_mixin.py:188} INFO - [2025-10-19T17:16:20.848+0000] {dagbag.py:545} INFO - Filling up the DagBag from /opt/airflow/dags/crypto_pipeline.py
[2025-10-19T17:16:20.857+0000] {processor.py:840} INFO - DAG(s) 'crypto_pipeline' retrieved from /opt/airflow/dags/crypto_pipeline.py
[2025-10-19T17:16:20.875+0000] {logging_mixin.py:188} INFO - [2025-10-19T17:16:20.875+0000] {dag.py:3089} INFO - Sync 1 DAGs
[2025-10-19T17:16:20.885+0000] {logging_mixin.py:188} INFO - [2025-10-19T17:16:20.885+0000] {dag.py:3947} INFO - Setting next_dagrun for crypto_pipeline to 2025-10-19 16:00:00+00:00, run_after=2025-10-19 17:00:00+00:00
[2025-10-19T17:16:20.891+0000] {processor.py:183} INFO - Processing /opt/airflow/dags/crypto_pipeline.py took 0.051 seconds
[2025-10-19T17:16:51.105+0000] {processor.py:161} INFO - Started process (PID=249) to work on /opt/airflow/dags/crypto_pipeline.py
[2025-10-19T17:16:51.106+0000] {processor.py:830} INFO - Processing file /opt/airflow/dags/crypto_pipeline.py for tasks to queue
[2025-10-19T17:16:51.107+0000] {logging_mixin.py:188} INFO - [2025-10-19T17:16:51.107+0000] {dagbag.py:545} INFO - Filling up the DagBag from /opt/airflow/dags/crypto_pipeline.py
[2025-10-19T17:16:51.116+0000] {processor.py:840} INFO - DAG(s) 'crypto_pipeline' retrieved from /opt/airflow/dags/crypto_pipeline.py
[2025-10-19T17:16:51.134+0000] {logging_mixin.py:188} INFO - [2025-10-19T17:16:51.134+0000] {dag.py:3089} INFO - Sync 1 DAGs
[2025-10-19T17:16:51.143+0000] {logging_mixin.py:188} INFO - [2025-10-19T17:16:51.143+0000] {dag.py:3947} INFO - Setting next_dagrun for crypto_pipeline to 2025-10-19 16:00:00+00:00, run_after=2025-10-19 17:00:00+00:00
[2025-10-19T17:16:51.150+0000] {processor.py:183} INFO - Processing /opt/airflow/dags/crypto_pipeline.py took 0.050 seconds
[2025-10-19T17:17:21.377+0000] {processor.py:161} INFO - Started process (PID=260) to work on /opt/airflow/dags/crypto_pipeline.py
[2025-10-19T17:17:21.377+0000] {processor.py:830} INFO - Processing file /opt/airflow/dags/crypto_pipeline.py for tasks to queue
[2025-10-19T17:17:21.379+0000] {logging_mixin.py:188} INFO - [2025-10-19T17:17:21.379+0000] {dagbag.py:545} INFO - Filling up the DagBag from /opt/airflow/dags/crypto_pipeline.py
[2025-10-19T17:17:21.390+0000] {processor.py:840} INFO - DAG(s) 'crypto_pipeline' retrieved from /opt/airflow/dags/crypto_pipeline.py
[2025-10-19T17:17:21.407+0000] {logging_mixin.py:188} INFO - [2025-10-19T17:17:21.407+0000] {dag.py:3089} INFO - Sync 1 DAGs
[2025-10-19T17:17:21.417+0000] {logging_mixin.py:188} INFO - [2025-10-19T17:17:21.417+0000] {dag.py:3947} INFO - Setting next_dagrun for crypto_pipeline to 2025-10-19 16:00:00+00:00, run_after=2025-10-19 17:00:00+00:00
[2025-10-19T17:17:21.424+0000] {processor.py:183} INFO - Processing /opt/airflow/dags/crypto_pipeline.py took 0.054 seconds
[2025-10-19T17:17:51.644+0000] {processor.py:161} INFO - Started process (PID=271) to work on /opt/airflow/dags/crypto_pipeline.py
[2025-10-19T17:17:51.645+0000] {processor.py:830} INFO - Processing file /opt/airflow/dags/crypto_pipeline.py for tasks to queue
[2025-10-19T17:17:51.647+0000] {logging_mixin.py:188} INFO - [2025-10-19T17:17:51.646+0000] {dagbag.py:545} INFO - Filling up the DagBag from /opt/airflow/dags/crypto_pipeline.py
[2025-10-19T17:17:51.657+0000] {processor.py:840} INFO - DAG(s) 'crypto_pipeline' retrieved from /opt/airflow/dags/crypto_pipeline.py
[2025-10-19T17:17:51.676+0000] {logging_mixin.py:188} INFO - [2025-10-19T17:17:51.676+0000] {dag.py:3089} INFO - Sync 1 DAGs
[2025-10-19T17:17:51.686+0000] {logging_mixin.py:188} INFO - [2025-10-19T17:17:51.685+0000] {dag.py:3947} INFO - Setting next_dagrun for crypto_pipeline to 2025-10-19 16:00:00+00:00, run_after=2025-10-19 17:00:00+00:00
[2025-10-19T17:17:51.692+0000] {processor.py:183} INFO - Processing /opt/airflow/dags/crypto_pipeline.py took 0.056 seconds
[2025-10-19T17:18:21.912+0000] {processor.py:161} INFO - Started process (PID=282) to work on /opt/airflow/dags/crypto_pipeline.py
[2025-10-19T17:18:21.913+0000] {processor.py:830} INFO - Processing file /opt/airflow/dags/crypto_pipeline.py for tasks to queue
[2025-10-19T17:18:21.914+0000] {logging_mixin.py:188} INFO - [2025-10-19T17:18:21.914+0000] {dagbag.py:545} INFO - Filling up the DagBag from /opt/airflow/dags/crypto_pipeline.py
[2025-10-19T17:18:21.922+0000] {processor.py:840} INFO - DAG(s) 'crypto_pipeline' retrieved from /opt/airflow/dags/crypto_pipeline.py
[2025-10-19T17:18:21.938+0000] {logging_mixin.py:188} INFO - [2025-10-19T17:18:21.938+0000] {dag.py:3089} INFO - Sync 1 DAGs
[2025-10-19T17:18:21.948+0000] {logging_mixin.py:188} INFO - [2025-10-19T17:18:21.948+0000] {dag.py:3947} INFO - Setting next_dagrun for crypto_pipeline to 2025-10-19 16:00:00+00:00, run_after=2025-10-19 17:00:00+00:00
[2025-10-19T17:18:21.956+0000] {processor.py:183} INFO - Processing /opt/airflow/dags/crypto_pipeline.py took 0.049 seconds
[2025-10-19T17:18:52.185+0000] {processor.py:161} INFO - Started process (PID=293) to work on /opt/airflow/dags/crypto_pipeline.py
[2025-10-19T17:18:52.186+0000] {processor.py:830} INFO - Processing file /opt/airflow/dags/crypto_pipeline.py for tasks to queue
[2025-10-19T17:18:52.187+0000] {logging_mixin.py:188} INFO - [2025-10-19T17:18:52.187+0000] {dagbag.py:545} INFO - Filling up the DagBag from /opt/airflow/dags/crypto_pipeline.py
[2025-10-19T17:18:52.196+0000] {processor.py:840} INFO - DAG(s) 'crypto_pipeline' retrieved from /opt/airflow/dags/crypto_pipeline.py
[2025-10-19T17:18:52.212+0000] {logging_mixin.py:188} INFO - [2025-10-19T17:18:52.211+0000] {dag.py:3089} INFO - Sync 1 DAGs
[2025-10-19T17:18:52.222+0000] {logging_mixin.py:188} INFO - [2025-10-19T17:18:52.222+0000] {dag.py:3947} INFO - Setting next_dagrun for crypto_pipeline to 2025-10-19 16:00:00+00:00, run_after=2025-10-19 17:00:00+00:00
[2025-10-19T17:18:52.228+0000] {processor.py:183} INFO - Processing /opt/airflow/dags/crypto_pipeline.py took 0.048 seconds
[2025-10-19T17:19:22.419+0000] {processor.py:161} INFO - Started process (PID=304) to work on /opt/airflow/dags/crypto_pipeline.py
[2025-10-19T17:19:22.420+0000] {processor.py:830} INFO - Processing file /opt/airflow/dags/crypto_pipeline.py for tasks to queue
[2025-10-19T17:19:22.421+0000] {logging_mixin.py:188} INFO - [2025-10-19T17:19:22.421+0000] {dagbag.py:545} INFO - Filling up the DagBag from /opt/airflow/dags/crypto_pipeline.py
[2025-10-19T17:19:22.429+0000] {processor.py:840} INFO - DAG(s) 'crypto_pipeline' retrieved from /opt/airflow/dags/crypto_pipeline.py
[2025-10-19T17:19:22.442+0000] {logging_mixin.py:188} INFO - [2025-10-19T17:19:22.442+0000] {dag.py:3089} INFO - Sync 1 DAGs
[2025-10-19T17:19:22.451+0000] {logging_mixin.py:188} INFO - [2025-10-19T17:19:22.451+0000] {dag.py:3947} INFO - Setting next_dagrun for crypto_pipeline to 2025-10-19 16:00:00+00:00, run_after=2025-10-19 17:00:00+00:00
[2025-10-19T17:19:22.458+0000] {processor.py:183} INFO - Processing /opt/airflow/dags/crypto_pipeline.py took 0.044 seconds
[2025-10-19T17:19:52.695+0000] {processor.py:161} INFO - Started process (PID=315) to work on /opt/airflow/dags/crypto_pipeline.py
[2025-10-19T17:19:52.695+0000] {processor.py:830} INFO - Processing file /opt/airflow/dags/crypto_pipeline.py for tasks to queue
[2025-10-19T17:19:52.697+0000] {logging_mixin.py:188} INFO - [2025-10-19T17:19:52.697+0000] {dagbag.py:545} INFO - Filling up the DagBag from /opt/airflow/dags/crypto_pipeline.py
[2025-10-19T17:19:52.708+0000] {processor.py:840} INFO - DAG(s) 'crypto_pipeline' retrieved from /opt/airflow/dags/crypto_pipeline.py
[2025-10-19T17:19:52.727+0000] {logging_mixin.py:188} INFO - [2025-10-19T17:19:52.727+0000] {dag.py:3089} INFO - Sync 1 DAGs
[2025-10-19T17:19:52.738+0000] {logging_mixin.py:188} INFO - [2025-10-19T17:19:52.738+0000] {dag.py:3947} INFO - Setting next_dagrun for crypto_pipeline to 2025-10-19 16:00:00+00:00, run_after=2025-10-19 17:00:00+00:00
[2025-10-19T17:19:52.745+0000] {processor.py:183} INFO - Processing /opt/airflow/dags/crypto_pipeline.py took 0.056 seconds
[2025-10-19T17:20:22.965+0000] {processor.py:161} INFO - Started process (PID=326) to work on /opt/airflow/dags/crypto_pipeline.py
[2025-10-19T17:20:22.966+0000] {processor.py:830} INFO - Processing file /opt/airflow/dags/crypto_pipeline.py for tasks to queue
[2025-10-19T17:20:22.968+0000] {logging_mixin.py:188} INFO - [2025-10-19T17:20:22.967+0000] {dagbag.py:545} INFO - Filling up the DagBag from /opt/airflow/dags/crypto_pipeline.py
[2025-10-19T17:20:22.977+0000] {processor.py:840} INFO - DAG(s) 'crypto_pipeline' retrieved from /opt/airflow/dags/crypto_pipeline.py
[2025-10-19T17:20:22.996+0000] {logging_mixin.py:188} INFO - [2025-10-19T17:20:22.996+0000] {dag.py:3089} INFO - Sync 1 DAGs
[2025-10-19T17:20:23.007+0000] {logging_mixin.py:188} INFO - [2025-10-19T17:20:23.007+0000] {dag.py:3947} INFO - Setting next_dagrun for crypto_pipeline to 2025-10-19 16:00:00+00:00, run_after=2025-10-19 17:00:00+00:00
[2025-10-19T17:20:23.013+0000] {processor.py:183} INFO - Processing /opt/airflow/dags/crypto_pipeline.py took 0.054 seconds
[2025-10-19T17:20:53.224+0000] {processor.py:161} INFO - Started process (PID=337) to work on /opt/airflow/dags/crypto_pipeline.py
[2025-10-19T17:20:53.225+0000] {processor.py:830} INFO - Processing file /opt/airflow/dags/crypto_pipeline.py for tasks to queue
[2025-10-19T17:20:53.225+0000] {logging_mixin.py:188} INFO - [2025-10-19T17:20:53.225+0000] {dagbag.py:545} INFO - Filling up the DagBag from /opt/airflow/dags/crypto_pipeline.py
[2025-10-19T17:20:53.231+0000] {processor.py:840} INFO - DAG(s) 'crypto_pipeline' retrieved from /opt/airflow/dags/crypto_pipeline.py
[2025-10-19T17:20:53.245+0000] {logging_mixin.py:188} INFO - [2025-10-19T17:20:53.244+0000] {dag.py:3089} INFO - Sync 1 DAGs
[2025-10-19T17:20:53.253+0000] {logging_mixin.py:188} INFO - [2025-10-19T17:20:53.253+0000] {dag.py:3947} INFO - Setting next_dagrun for crypto_pipeline to 2025-10-19 16:00:00+00:00, run_after=2025-10-19 17:00:00+00:00
[2025-10-19T17:20:53.260+0000] {processor.py:183} INFO - Processing /opt/airflow/dags/crypto_pipeline.py took 0.041 seconds
[2025-10-19T17:21:23.489+0000] {processor.py:161} INFO - Started process (PID=348) to work on /opt/airflow/dags/crypto_pipeline.py
[2025-10-19T17:21:23.490+0000] {processor.py:830} INFO - Processing file /opt/airflow/dags/crypto_pipeline.py for tasks to queue
[2025-10-19T17:21:23.491+0000] {logging_mixin.py:188} INFO - [2025-10-19T17:21:23.491+0000] {dagbag.py:545} INFO - Filling up the DagBag from /opt/airflow/dags/crypto_pipeline.py
[2025-10-19T17:21:23.501+0000] {processor.py:840} INFO - DAG(s) 'crypto_pipeline' retrieved from /opt/airflow/dags/crypto_pipeline.py
[2025-10-19T17:21:23.519+0000] {logging_mixin.py:188} INFO - [2025-10-19T17:21:23.519+0000] {dag.py:3089} INFO - Sync 1 DAGs
[2025-10-19T17:21:23.529+0000] {logging_mixin.py:188} INFO - [2025-10-19T17:21:23.529+0000] {dag.py:3947} INFO - Setting next_dagrun for crypto_pipeline to 2025-10-19 16:00:00+00:00, run_after=2025-10-19 17:00:00+00:00
[2025-10-19T17:21:23.536+0000] {processor.py:183} INFO - Processing /opt/airflow/dags/crypto_pipeline.py took 0.053 seconds
[2025-10-19T17:21:53.768+0000] {processor.py:161} INFO - Started process (PID=359) to work on /opt/airflow/dags/crypto_pipeline.py
[2025-10-19T17:21:53.769+0000] {processor.py:830} INFO - Processing file /opt/airflow/dags/crypto_pipeline.py for tasks to queue
[2025-10-19T17:21:53.771+0000] {logging_mixin.py:188} INFO - [2025-10-19T17:21:53.771+0000] {dagbag.py:545} INFO - Filling up the DagBag from /opt/airflow/dags/crypto_pipeline.py
[2025-10-19T17:21:53.782+0000] {processor.py:840} INFO - DAG(s) 'crypto_pipeline' retrieved from /opt/airflow/dags/crypto_pipeline.py
[2025-10-19T17:21:53.801+0000] {logging_mixin.py:188} INFO - [2025-10-19T17:21:53.801+0000] {dag.py:3089} INFO - Sync 1 DAGs
[2025-10-19T17:21:53.811+0000] {logging_mixin.py:188} INFO - [2025-10-19T17:21:53.811+0000] {dag.py:3947} INFO - Setting next_dagrun for crypto_pipeline to 2025-10-19 16:00:00+00:00, run_after=2025-10-19 17:00:00+00:00
[2025-10-19T17:21:53.818+0000] {processor.py:183} INFO - Processing /opt/airflow/dags/crypto_pipeline.py took 0.056 seconds
[2025-10-19T17:22:24.031+0000] {processor.py:161} INFO - Started process (PID=370) to work on /opt/airflow/dags/crypto_pipeline.py
[2025-10-19T17:22:24.032+0000] {processor.py:830} INFO - Processing file /opt/airflow/dags/crypto_pipeline.py for tasks to queue
[2025-10-19T17:22:24.033+0000] {logging_mixin.py:188} INFO - [2025-10-19T17:22:24.033+0000] {dagbag.py:545} INFO - Filling up the DagBag from /opt/airflow/dags/crypto_pipeline.py
[2025-10-19T17:22:24.042+0000] {processor.py:840} INFO - DAG(s) 'crypto_pipeline' retrieved from /opt/airflow/dags/crypto_pipeline.py
[2025-10-19T17:22:24.061+0000] {logging_mixin.py:188} INFO - [2025-10-19T17:22:24.061+0000] {dag.py:3089} INFO - Sync 1 DAGs
[2025-10-19T17:22:24.070+0000] {logging_mixin.py:188} INFO - [2025-10-19T17:22:24.070+0000] {dag.py:3947} INFO - Setting next_dagrun for crypto_pipeline to 2025-10-19 16:00:00+00:00, run_after=2025-10-19 17:00:00+00:00
[2025-10-19T17:22:24.077+0000] {processor.py:183} INFO - Processing /opt/airflow/dags/crypto_pipeline.py took 0.052 seconds
[2025-10-19T17:22:54.318+0000] {processor.py:161} INFO - Started process (PID=381) to work on /opt/airflow/dags/crypto_pipeline.py
[2025-10-19T17:22:54.319+0000] {processor.py:830} INFO - Processing file /opt/airflow/dags/crypto_pipeline.py for tasks to queue
[2025-10-19T17:22:54.320+0000] {logging_mixin.py:188} INFO - [2025-10-19T17:22:54.319+0000] {dagbag.py:545} INFO - Filling up the DagBag from /opt/airflow/dags/crypto_pipeline.py
[2025-10-19T17:22:54.327+0000] {processor.py:840} INFO - DAG(s) 'crypto_pipeline' retrieved from /opt/airflow/dags/crypto_pipeline.py
[2025-10-19T17:22:54.342+0000] {logging_mixin.py:188} INFO - [2025-10-19T17:22:54.342+0000] {dag.py:3089} INFO - Sync 1 DAGs
[2025-10-19T17:22:54.351+0000] {logging_mixin.py:188} INFO - [2025-10-19T17:22:54.351+0000] {dag.py:3947} INFO - Setting next_dagrun for crypto_pipeline to 2025-10-19 16:00:00+00:00, run_after=2025-10-19 17:00:00+00:00
[2025-10-19T17:22:54.358+0000] {processor.py:183} INFO - Processing /opt/airflow/dags/crypto_pipeline.py took 0.045 seconds
[2025-10-19T17:23:24.564+0000] {processor.py:161} INFO - Started process (PID=392) to work on /opt/airflow/dags/crypto_pipeline.py
[2025-10-19T17:23:24.565+0000] {processor.py:830} INFO - Processing file /opt/airflow/dags/crypto_pipeline.py for tasks to queue
[2025-10-19T17:23:24.566+0000] {logging_mixin.py:188} INFO - [2025-10-19T17:23:24.566+0000] {dagbag.py:545} INFO - Filling up the DagBag from /opt/airflow/dags/crypto_pipeline.py
[2025-10-19T17:23:24.574+0000] {processor.py:840} INFO - DAG(s) 'crypto_pipeline' retrieved from /opt/airflow/dags/crypto_pipeline.py
[2025-10-19T17:23:24.594+0000] {logging_mixin.py:188} INFO - [2025-10-19T17:23:24.594+0000] {dag.py:3089} INFO - Sync 1 DAGs
[2025-10-19T17:23:24.605+0000] {logging_mixin.py:188} INFO - [2025-10-19T17:23:24.604+0000] {dag.py:3947} INFO - Setting next_dagrun for crypto_pipeline to 2025-10-19 16:00:00+00:00, run_after=2025-10-19 17:00:00+00:00
[2025-10-19T17:23:24.613+0000] {processor.py:183} INFO - Processing /opt/airflow/dags/crypto_pipeline.py took 0.053 seconds
[2025-10-19T17:23:54.832+0000] {processor.py:161} INFO - Started process (PID=403) to work on /opt/airflow/dags/crypto_pipeline.py
[2025-10-19T17:23:54.832+0000] {processor.py:830} INFO - Processing file /opt/airflow/dags/crypto_pipeline.py for tasks to queue
[2025-10-19T17:23:54.833+0000] {logging_mixin.py:188} INFO - [2025-10-19T17:23:54.833+0000] {dagbag.py:545} INFO - Filling up the DagBag from /opt/airflow/dags/crypto_pipeline.py
[2025-10-19T17:23:54.838+0000] {processor.py:840} INFO - DAG(s) 'crypto_pipeline' retrieved from /opt/airflow/dags/crypto_pipeline.py
[2025-10-19T17:23:54.850+0000] {logging_mixin.py:188} INFO - [2025-10-19T17:23:54.850+0000] {dag.py:3089} INFO - Sync 1 DAGs
[2025-10-19T17:23:54.858+0000] {logging_mixin.py:188} INFO - [2025-10-19T17:23:54.858+0000] {dag.py:3947} INFO - Setting next_dagrun for crypto_pipeline to 2025-10-19 16:00:00+00:00, run_after=2025-10-19 17:00:00+00:00
[2025-10-19T17:23:54.864+0000] {processor.py:183} INFO - Processing /opt/airflow/dags/crypto_pipeline.py took 0.035 seconds
[2025-10-19T17:24:25.085+0000] {processor.py:161} INFO - Started process (PID=414) to work on /opt/airflow/dags/crypto_pipeline.py
[2025-10-19T17:24:25.086+0000] {processor.py:830} INFO - Processing file /opt/airflow/dags/crypto_pipeline.py for tasks to queue
[2025-10-19T17:24:25.088+0000] {logging_mixin.py:188} INFO - [2025-10-19T17:24:25.087+0000] {dagbag.py:545} INFO - Filling up the DagBag from /opt/airflow/dags/crypto_pipeline.py
[2025-10-19T17:24:25.098+0000] {processor.py:840} INFO - DAG(s) 'crypto_pipeline' retrieved from /opt/airflow/dags/crypto_pipeline.py
[2025-10-19T17:24:25.116+0000] {logging_mixin.py:188} INFO - [2025-10-19T17:24:25.116+0000] {dag.py:3089} INFO - Sync 1 DAGs
[2025-10-19T17:24:25.126+0000] {logging_mixin.py:188} INFO - [2025-10-19T17:24:25.126+0000] {dag.py:3947} INFO - Setting next_dagrun for crypto_pipeline to 2025-10-19 16:00:00+00:00, run_after=2025-10-19 17:00:00+00:00
[2025-10-19T17:24:25.132+0000] {processor.py:183} INFO - Processing /opt/airflow/dags/crypto_pipeline.py took 0.053 seconds
[2025-10-19T17:24:55.359+0000] {processor.py:161} INFO - Started process (PID=425) to work on /opt/airflow/dags/crypto_pipeline.py
[2025-10-19T17:24:55.360+0000] {processor.py:830} INFO - Processing file /opt/airflow/dags/crypto_pipeline.py for tasks to queue
[2025-10-19T17:24:55.362+0000] {logging_mixin.py:188} INFO - [2025-10-19T17:24:55.362+0000] {dagbag.py:545} INFO - Filling up the DagBag from /opt/airflow/dags/crypto_pipeline.py
[2025-10-19T17:24:55.373+0000] {processor.py:840} INFO - DAG(s) 'crypto_pipeline' retrieved from /opt/airflow/dags/crypto_pipeline.py
[2025-10-19T17:24:55.390+0000] {logging_mixin.py:188} INFO - [2025-10-19T17:24:55.390+0000] {dag.py:3089} INFO - Sync 1 DAGs
[2025-10-19T17:24:55.400+0000] {logging_mixin.py:188} INFO - [2025-10-19T17:24:55.400+0000] {dag.py:3947} INFO - Setting next_dagrun for crypto_pipeline to 2025-10-19 16:00:00+00:00, run_after=2025-10-19 17:00:00+00:00
[2025-10-19T17:24:55.407+0000] {processor.py:183} INFO - Processing /opt/airflow/dags/crypto_pipeline.py took 0.053 seconds
[2025-10-19T17:25:25.621+0000] {processor.py:161} INFO - Started process (PID=436) to work on /opt/airflow/dags/crypto_pipeline.py
[2025-10-19T17:25:25.621+0000] {processor.py:830} INFO - Processing file /opt/airflow/dags/crypto_pipeline.py for tasks to queue
[2025-10-19T17:25:25.623+0000] {logging_mixin.py:188} INFO - [2025-10-19T17:25:25.623+0000] {dagbag.py:545} INFO - Filling up the DagBag from /opt/airflow/dags/crypto_pipeline.py
[2025-10-19T17:25:25.634+0000] {processor.py:840} INFO - DAG(s) 'crypto_pipeline' retrieved from /opt/airflow/dags/crypto_pipeline.py
[2025-10-19T17:25:25.652+0000] {logging_mixin.py:188} INFO - [2025-10-19T17:25:25.652+0000] {dag.py:3089} INFO - Sync 1 DAGs
[2025-10-19T17:25:25.663+0000] {logging_mixin.py:188} INFO - [2025-10-19T17:25:25.663+0000] {dag.py:3947} INFO - Setting next_dagrun for crypto_pipeline to 2025-10-19 16:00:00+00:00, run_after=2025-10-19 17:00:00+00:00
[2025-10-19T17:25:25.671+0000] {processor.py:183} INFO - Processing /opt/airflow/dags/crypto_pipeline.py took 0.057 seconds
[2025-10-19T17:25:55.869+0000] {processor.py:161} INFO - Started process (PID=447) to work on /opt/airflow/dags/crypto_pipeline.py
[2025-10-19T17:25:55.870+0000] {processor.py:830} INFO - Processing file /opt/airflow/dags/crypto_pipeline.py for tasks to queue
[2025-10-19T17:25:55.871+0000] {logging_mixin.py:188} INFO - [2025-10-19T17:25:55.870+0000] {dagbag.py:545} INFO - Filling up the DagBag from /opt/airflow/dags/crypto_pipeline.py
[2025-10-19T17:25:55.878+0000] {processor.py:840} INFO - DAG(s) 'crypto_pipeline' retrieved from /opt/airflow/dags/crypto_pipeline.py
[2025-10-19T17:25:55.893+0000] {logging_mixin.py:188} INFO - [2025-10-19T17:25:55.893+0000] {dag.py:3089} INFO - Sync 1 DAGs
[2025-10-19T17:25:55.903+0000] {logging_mixin.py:188} INFO - [2025-10-19T17:25:55.902+0000] {dag.py:3947} INFO - Setting next_dagrun for crypto_pipeline to 2025-10-19 16:00:00+00:00, run_after=2025-10-19 17:00:00+00:00
[2025-10-19T17:25:55.909+0000] {processor.py:183} INFO - Processing /opt/airflow/dags/crypto_pipeline.py took 0.044 seconds
